Log file open, 02/02/22 20:26:19
LogWindows: Failed to load 'aqProf.dll' (GetLastError=126)
LogWindows: File 'aqProf.dll' does not exist
LogWindows: Failed to load 'VtuneApi.dll' (GetLastError=126)
LogWindows: File 'VtuneApi.dll' does not exist
LogWindows: Failed to load 'VtuneApi32e.dll' (GetLastError=126)
LogWindows: File 'VtuneApi32e.dll' does not exist
LogConsoleResponse: Display: Failed to find resolution value strings in scalability ini. Falling back to default.
LogConsoleResponse: Display: Failed to find resolution value strings in scalability ini. Falling back to default.
LogInit: Display: Running engine for game: GunSystem
LogPlatformFile: Not using cached read wrapper
LogTaskGraph: Started task graph with 5 named threads and 47 total threads with 3 sets of task threads.
LogStats: Stats thread started at 0.388952
LogICUInternationalization: ICU TimeZone Detection - Raw Offset: -5:00, Platform Override: ''
LogInit: Display: Loading text-based GConfig....
LogPluginManager: Mounting plugin MeshPainting
LogPluginManager: Mounting plugin XGEController
LogPluginManager: Mounting plugin Paper2D
LogPluginManager: Mounting plugin LightPropagationVolume
LogPluginManager: Mounting plugin LiveLink
LogPluginManager: Mounting plugin AISupport
LogPluginManager: Mounting plugin EnvironmentQueryEditor
LogPluginManager: Mounting plugin OodleData
LogPluginManager: Mounting plugin OodleNetwork
LogPluginManager: Mounting plugin AnimationSharing
LogPluginManager: Mounting plugin CLionSourceCodeAccess
LogPluginManager: Mounting plugin CodeLiteSourceCodeAccess
LogPluginManager: Mounting plugin GitSourceControl
LogPluginManager: Mounting plugin KDevelopSourceCodeAccess
LogPluginManager: Mounting plugin NullSourceCodeAccess
LogPluginManager: Mounting plugin PerforceSourceControl
LogPluginManager: Mounting plugin PlasticSourceControl
LogPluginManager: Mounting plugin PixWinPlugin
LogPluginManager: Mounting plugin PluginUtils
LogPluginManager: Mounting plugin PropertyAccessNode
LogPluginManager: Mounting plugin RiderSourceCodeAccess
LogPluginManager: Mounting plugin AssetManagerEditor
LogPluginManager: Mounting plugin SubversionSourceControl
LogPluginManager: Mounting plugin TextureFormatOodle
LogPluginManager: Mounting plugin UObjectPlugin
LogPluginManager: Mounting plugin VisualStudioCodeSourceCodeAccess
LogPluginManager: Mounting plugin CryptoKeys
LogPluginManager: Mounting plugin VisualStudioSourceCodeAccess
LogPluginManager: Mounting plugin CurveEditorTools
LogPluginManager: Mounting plugin XCodeSourceCodeAccess
LogPluginManager: Mounting plugin DataValidation
LogPluginManager: Mounting plugin GeometryMode
LogPluginManager: Mounting plugin GameplayTagsEditor
LogPluginManager: Mounting plugin FacialAnimation
LogPluginManager: Mounting plugin MacGraphicsSwitching
LogPluginManager: Mounting plugin DatasmithContent
LogPluginManager: Mounting plugin MaterialAnalyzer
LogPluginManager: Mounting plugin PluginBrowser
LogPluginManager: Mounting plugin SpeedTreeImporter
LogPluginManager: Mounting plugin MobileLauncherProfileWizard
LogPluginManager: Mounting plugin Niagara
LogPluginManager: Mounting plugin VariantManagerContent
LogPluginManager: Mounting plugin AlembicImporter
LogPluginManager: Mounting plugin AutomationUtils
LogPluginManager: Mounting plugin BackChannel
LogPluginManager: Mounting plugin ChaosCloth
LogPluginManager: Mounting plugin ChaosClothEditor
LogPluginManager: Mounting plugin ChaosNiagara
LogPluginManager: Mounting plugin ChaosEditor
LogPluginManager: Mounting plugin ChaosSolverPlugin
LogPluginManager: Mounting plugin CharacterAI
LogPluginManager: Mounting plugin LuminPlatformFeatures
LogPluginManager: Mounting plugin MagicLeap
LogPluginManager: Mounting plugin GeometryCache
LogPluginManager: Mounting plugin GeometryCollectionPlugin
LogPluginManager: Mounting plugin GeometryProcessing
LogPluginManager: Mounting plugin MagicLeapLightEstimation
LogPluginManager: Mounting plugin MagicLeapMedia
LogPluginManager: Mounting plugin MagicLeapPassableWorld
LogPluginManager: Mounting plugin MLSDK
LogPluginManager: Mounting plugin MotoSynth
LogPluginManager: Mounting plugin OpenImageDenoise
LogPluginManager: Mounting plugin PlanarCut
LogPluginManager: Mounting plugin ProxyLODPlugin
LogPluginManager: Mounting plugin PlatformCrypto
LogPluginManager: Mounting plugin PythonScriptPlugin
LogPluginManager: Mounting plugin AndroidMedia
LogPluginManager: Mounting plugin AvfMedia
LogPluginManager: Mounting plugin SkeletalReduction
LogPluginManager: Mounting plugin ImgMedia
LogPluginManager: Mounting plugin MediaCompositing
LogPluginManager: Mounting plugin MediaPlayerEditor
LogPluginManager: Mounting plugin WebMMedia
LogPluginManager: Mounting plugin WmfMedia
LogPluginManager: Mounting plugin TcpMessaging
LogPluginManager: Mounting plugin UdpMessaging
LogPluginManager: Mounting plugin ActorSequence
LogPluginManager: Mounting plugin OnlineSubsystem
LogPluginManager: Mounting plugin LevelSequenceEditor
LogPluginManager: Mounting plugin TemplateSequence
LogPluginManager: Mounting plugin MatineeToLevelSequence
LogPluginManager: Mounting plugin LauncherChunkInstaller
LogPluginManager: Mounting plugin ActorLayerUtilities
LogPluginManager: Mounting plugin OnlineSubsystemNull
LogPluginManager: Mounting plugin OnlineSubsystemUtils
LogPluginManager: Mounting plugin AndroidMoviePlayer
LogPluginManager: Mounting plugin AndroidDeviceProfileSelector
LogPluginManager: Mounting plugin AndroidPermission
LogPluginManager: Mounting plugin AppleImageUtils
LogPluginManager: Mounting plugin AppleMoviePlayer
LogPluginManager: Mounting plugin ArchVisCharacter
LogPluginManager: Mounting plugin AssetTags
LogPluginManager: Mounting plugin AudioCapture
LogPluginManager: Mounting plugin AudioSynesthesia
LogPluginManager: Mounting plugin CableComponent
LogPluginManager: Mounting plugin ChunkDownloader
LogPluginManager: Mounting plugin CustomMeshComponent
LogPluginManager: Mounting plugin EditableMesh
LogPluginManager: Mounting plugin ExampleDeviceProfileSelector
LogPluginManager: Mounting plugin GoogleCloudMessaging
LogPluginManager: Mounting plugin GooglePAD
LogPluginManager: Mounting plugin IOSDeviceProfileSelector
LogPluginManager: Mounting plugin LinuxDeviceProfileSelector
LogPluginManager: Mounting plugin LocationServicesBPLibrary
LogPluginManager: Mounting plugin MobilePatchingUtils
LogPluginManager: Mounting plugin OpenXR
LogPluginManager: Mounting plugin OpenXREyeTracker
LogPluginManager: Mounting plugin OpenXRHandTracking
LogPluginManager: Mounting plugin PhysXVehicles
LogPluginManager: Mounting plugin PostSplashScreen
LogPluginManager: Mounting plugin ProceduralMeshComponent
LogPluginManager: Mounting plugin PropertyAccessEditor
LogPluginManager: Mounting plugin RuntimePhysXCooking
LogPluginManager: Mounting plugin SignificanceManager
LogPluginManager: Mounting plugin SoundFields
LogPluginManager: Mounting plugin Synthesis
LogPluginManager: Mounting plugin WebMMoviePlayer
LogPluginManager: Mounting plugin WindowsMoviePlayer
LogPluginManager: Mounting plugin ScreenshotTools
LogPluginManager: Mounting plugin CameraShakePreviewer
LogPluginManager: Mounting plugin GameplayCameras
LogPluginManager: Mounting plugin Takes
LogPluginManager: Mounting plugin ContentBrowserAssetDataSource
LogPluginManager: Mounting plugin ContentBrowserClassDataSource
LogPluginManager: Mounting plugin ContentBrowserFileDataSource
LogPluginManager: Mounting plugin OnlineSubsystemGooglePlay
LogPluginManager: Mounting plugin OnlineSubsystemIOS
LogPluginManager: Mounting plugin OculusVR
LogPluginManager: Mounting plugin SteamVR
PixWinPlugin: PIX capture plugin failed to initialize! Check that the process is launched from PIX.
LogInit: Using libcurl 7.55.1-DEV
LogInit:  - built for x86_64-pc-win32
LogInit:  - supports SSL with OpenSSL/1.1.1
LogInit:  - supports HTTP deflate (compression) using libz 1.2.8
LogInit:  - other features:
LogInit:      CURL_VERSION_SSL
LogInit:      CURL_VERSION_LIBZ
LogInit:      CURL_VERSION_IPV6
LogInit:      CURL_VERSION_ASYNCHDNS
LogInit:      CURL_VERSION_LARGEFILE
LogInit:      CURL_VERSION_IDN
LogInit:  CurlRequestOptions (configurable via config and command line):
LogInit:  - bVerifyPeer = true  - Libcurl will verify peer certificate
LogInit:  - bUseHttpProxy = false  - Libcurl will NOT use HTTP proxy
LogInit:  - bDontReuseConnections = false  - Libcurl will reuse connections
LogInit:  - MaxHostConnections = 16  - Libcurl will limit the number of connections to a host
LogInit:  - LocalHostAddr = Default
LogInit:  - BufferSize = 65536
LogOnline: OSS: Creating online subsystem instance for: NULL
LogInit: WinSock: version 1.1 (2.2), MaxSocks=32767, MaxUdp=65467
LogOnline: OSS: TryLoadSubsystemAndSetDefault: Loaded subsystem for module [NULL]
LogOculusPluginWrapper: OculusPlugin initialized successfully
LogHMD: Failed initializing OVRPlugin 1.59.0
LogInit: Build: ++UE4+Release-4.27-CL-18319896
LogInit: Engine Version: 4.27.2-18319896+++UE4+Release-4.27
LogInit: Compatible Engine Version: 4.27.0-17155196+++UE4+Release-4.27
LogInit: Net CL: 17155196
LogInit: OS: Windows 10 (Release 2009) (), CPU: AMD Ryzen 7 3700X 8-Core Processor             , GPU: NVIDIA GeForce GTX 1060 6GB
LogInit: Compiled (64-bit): Nov 30 2021 07:12:08
LogInit: Compiled with Visual C++: 19.24.28315.00
LogInit: Build Configuration: Development
LogInit: Branch Name: ++UE4+Release-4.27
LogInit: Command Line:  -skipcompile
LogInit: Base Directory: E:/EpicGames/UE_4.27/Engine/Binaries/Win64/
LogInit: Allocator: TBB
LogInit: Installed Engine Build: 1
LogDevObjectVersion: Number of dev versions registered: 29
LogDevObjectVersion:   Dev-Blueprints (B0D832E4-1F89-4F0D-ACCF-7EB736FD4AA2): 10
LogDevObjectVersion:   Dev-Build (E1C64328-A22C-4D53-A36C-8E866417BD8C): 0
LogDevObjectVersion:   Dev-Core (375EC13C-06E4-48FB-B500-84F0262A717E): 4
LogDevObjectVersion:   Dev-Editor (E4B068ED-F494-42E9-A231-DA0B2E46BB41): 40
LogDevObjectVersion:   Dev-Framework (CFFC743F-43B0-4480-9391-14DF171D2073): 37
LogDevObjectVersion:   Dev-Mobile (B02B49B5-BB20-44E9-A304-32B752E40360): 3
LogDevObjectVersion:   Dev-Networking (A4E4105C-59A1-49B5-A7C5-40C4547EDFEE): 0
LogDevObjectVersion:   Dev-Online (39C831C9-5AE6-47DC-9A44-9C173E1C8E7C): 0
LogDevObjectVersion:   Dev-Physics (78F01B33-EBEA-4F98-B9B4-84EACCB95AA2): 14
LogDevObjectVersion:   Dev-Platform (6631380F-2D4D-43E0-8009-CF276956A95A): 0
LogDevObjectVersion:   Dev-Rendering (12F88B9F-8875-4AFC-A67C-D90C383ABD29): 45
LogDevObjectVersion:   Dev-Sequencer (7B5AE74C-D270-4C10-A958-57980B212A5A): 13
LogDevObjectVersion:   Dev-VR (D7296918-1DD6-4BDD-9DE2-64A83CC13884): 3
LogDevObjectVersion:   Dev-LoadTimes (C2A15278-BFE7-4AFE-6C17-90FF531DF755): 1
LogDevObjectVersion:   Private-Geometry (6EACA3D4-40EC-4CC1-B786-8BED09428FC5): 3
LogDevObjectVersion:   Dev-AnimPhys (29E575DD-E0A3-4627-9D10-D276232CDCEA): 17
LogDevObjectVersion:   Dev-Anim (AF43A65D-7FD3-4947-9873-3E8ED9C1BB05): 15
LogDevObjectVersion:   Dev-ReflectionCapture (6B266CEC-1EC7-4B8F-A30B-E4D90942FC07): 1
LogDevObjectVersion:   Dev-Automation (0DF73D61-A23F-47EA-B727-89E90C41499A): 1
LogDevObjectVersion:   FortniteMain (601D1886-AC64-4F84-AA16-D3DE0DEAC7D6): 47
LogDevObjectVersion:   FortniteRelease (E7086368-6B23-4C58-8439-1B7016265E91): 1
LogDevObjectVersion:   Dev-Enterprise (9DFFBCD6-494F-0158-E221-12823C92A888): 10
LogDevObjectVersion:   Dev-Niagara (F2AED0AC-9AFE-416F-8664-AA7FFA26D6FC): 1
LogDevObjectVersion:   Dev-Destruction (174F1F0B-B4C6-45A5-B13F-2EE8D0FB917D): 10
LogDevObjectVersion:   Dev-Physics-Ext (35F94A83-E258-406C-A318-09F59610247C): 41
LogDevObjectVersion:   Dev-PhysicsMaterial-Chaos (B68FC16E-8B1B-42E2-B453-215C058844FE): 1
LogDevObjectVersion:   Dev-CineCamera (B2E18506-4273-CFC2-A54E-F4BB758BBA07): 1
LogDevObjectVersion:   Dev-VirtualProduction (64F58936-FD1B-42BA-BA96-7289D5D0FA4E): 1
LogDevObjectVersion:   Dev-MediaFramework (6F0ED827-A609-4895-9C91-998D90180EA4): 2
LogInit: Presizing for max 25165824 objects, including 0 objects not considered by GC, pre-allocating 0 bytes for permanent pool.
LogConfig: Applying CVar settings from Section [/Script/Engine.StreamingSettings] File [C:/Users/cf/source/repos/School/UnrealFPSGunSystem/GunSystem/Saved/Config/Windows/Engine.ini]
LogConfig: Setting CVar [[s.MinBulkDataSizeForAsyncLoading:131072]]
LogConfig: Setting CVar [[s.AsyncLoadingThreadEnabled:0]]
LogConfig: Setting CVar [[s.EventDrivenLoaderEnabled:1]]
LogConfig: Setting CVar [[s.WarnIfTimeLimitExceeded:0]]
LogConfig: Setting CVar [[s.TimeLimitExceededMultiplier:1.5]]
LogConfig: Setting CVar [[s.TimeLimitExceededMinTime:0.005]]
LogConfig: Setting CVar [[s.UseBackgroundLevelStreaming:1]]
LogConfig: Setting CVar [[s.PriorityAsyncLoadingExtraTime:15.0]]
LogConfig: Setting CVar [[s.LevelStreamingActorsUpdateTimeLimit:5.0]]
LogConfig: Setting CVar [[s.PriorityLevelStreamingActorsUpdateExtraTime:5.0]]
LogConfig: Setting CVar [[s.LevelStreamingComponentsRegistrationGranularity:10]]
LogConfig: Setting CVar [[s.UnregisterComponentsTimeLimit:1.0]]
LogConfig: Setting CVar [[s.LevelStreamingComponentsUnregistrationGranularity:5]]
LogConfig: Setting CVar [[s.FlushStreamingOnExit:1]]
LogInit: Object subsystem initialized
LogConfig: Setting CVar [[con.DebugEarlyDefault:1]]
LogConfig: Setting CVar [[r.setres:1280x720]]
[2022.02.03-01.26.20:734][  0]LogConfig: Setting CVar [[r.VSync:0]]
[2022.02.03-01.26.20:734][  0]LogConfig: Setting CVar [[r.RHICmdBypass:0]]
[2022.02.03-01.26.20:734][  0]LogConfig: Applying CVar settings from Section [/Script/Engine.RendererSettings] File [C:/Users/cf/source/repos/School/UnrealFPSGunSystem/GunSystem/Saved/Config/Windows/Engine.ini]
[2022.02.03-01.26.20:734][  0]LogConfig: Setting CVar [[r.GPUCrashDebugging:0]]
[2022.02.03-01.26.20:734][  0]LogConfig: Applying CVar settings from Section [/Script/Engine.RendererOverrideSettings] File [C:/Users/cf/source/repos/School/UnrealFPSGunSystem/GunSystem/Saved/Config/Windows/Engine.ini]
[2022.02.03-01.26.20:734][  0]LogConfig: Applying CVar settings from Section [/Script/Engine.StreamingSettings] File [C:/Users/cf/source/repos/School/UnrealFPSGunSystem/GunSystem/Saved/Config/Windows/Engine.ini]
[2022.02.03-01.26.20:734][  0]LogConfig: Setting CVar [[s.MinBulkDataSizeForAsyncLoading:131072]]
[2022.02.03-01.26.20:734][  0]LogConfig: Setting CVar [[s.AsyncLoadingThreadEnabled:0]]
[2022.02.03-01.26.20:734][  0]LogConfig: Setting CVar [[s.EventDrivenLoaderEnabled:1]]
[2022.02.03-01.26.20:734][  0]LogConfig: Setting CVar [[s.WarnIfTimeLimitExceeded:0]]
[2022.02.03-01.26.20:734][  0]LogConfig: Setting CVar [[s.TimeLimitExceededMultiplier:1.5]]
[2022.02.03-01.26.20:734][  0]LogConfig: Setting CVar [[s.TimeLimitExceededMinTime:0.005]]
[2022.02.03-01.26.20:735][  0]LogConfig: Setting CVar [[s.UseBackgroundLevelStreaming:1]]
[2022.02.03-01.26.20:735][  0]LogConfig: Setting CVar [[s.PriorityAsyncLoadingExtraTime:15.0]]
[2022.02.03-01.26.20:735][  0]LogConfig: Setting CVar [[s.LevelStreamingActorsUpdateTimeLimit:5.0]]
[2022.02.03-01.26.20:735][  0]LogConfig: Setting CVar [[s.PriorityLevelStreamingActorsUpdateExtraTime:5.0]]
[2022.02.03-01.26.20:735][  0]LogConfig: Setting CVar [[s.LevelStreamingComponentsRegistrationGranularity:10]]
[2022.02.03-01.26.20:735][  0]LogConfig: Setting CVar [[s.UnregisterComponentsTimeLimit:1.0]]
[2022.02.03-01.26.20:735][  0]LogConfig: Setting CVar [[s.LevelStreamingComponentsUnregistrationGranularity:5]]
[2022.02.03-01.26.20:735][  0]LogConfig: Setting CVar [[s.FlushStreamingOnExit:1]]
[2022.02.03-01.26.20:735][  0]LogConfig: Applying CVar settings from Section [/Script/Engine.GarbageCollectionSettings] File [C:/Users/cf/source/repos/School/UnrealFPSGunSystem/GunSystem/Saved/Config/Windows/Engine.ini]
[2022.02.03-01.26.20:735][  0]LogConfig: Setting CVar [[gc.MaxObjectsNotConsideredByGC:1]]
[2022.02.03-01.26.20:735][  0]LogConfig: Setting CVar [[gc.SizeOfPermanentObjectPool:0]]
[2022.02.03-01.26.20:735][  0]LogConfig: Setting CVar [[gc.FlushStreamingOnGC:0]]
[2022.02.03-01.26.20:735][  0]LogConfig: Setting CVar [[gc.NumRetriesBeforeForcingGC:10]]
[2022.02.03-01.26.20:735][  0]LogConfig: Setting CVar [[gc.AllowParallelGC:1]]
[2022.02.03-01.26.20:735][  0]LogConfig: Setting CVar [[gc.TimeBetweenPurgingPendingKillObjects:61.1]]
[2022.02.03-01.26.20:735][  0]LogConfig: Setting CVar [[gc.MaxObjectsInEditor:25165824]]
[2022.02.03-01.26.20:735][  0]LogConfig: Setting CVar [[gc.IncrementalBeginDestroyEnabled:1]]
[2022.02.03-01.26.20:735][  0]LogConfig: Setting CVar [[gc.CreateGCClusters:1]]
[2022.02.03-01.26.20:735][  0]LogConfig: Setting CVar [[gc.MinGCClusterSize:5]]
[2022.02.03-01.26.20:735][  0]LogConfig: Setting CVar [[gc.ActorClusteringEnabled:0]]
[2022.02.03-01.26.20:735][  0]LogConfig: Setting CVar [[gc.BlueprintClusteringEnabled:0]]
[2022.02.03-01.26.20:735][  0]LogConfig: Setting CVar [[gc.UseDisregardForGCOnDedicatedServers:0]]
[2022.02.03-01.26.20:736][  0]LogConfig: Setting CVar [[gc.MultithreadedDestructionEnabled:1]]
[2022.02.03-01.26.20:736][  0]LogConfig: Applying CVar settings from Section [/Script/Engine.NetworkSettings] File [C:/Users/cf/source/repos/School/UnrealFPSGunSystem/GunSystem/Saved/Config/Windows/Engine.ini]
[2022.02.03-01.26.20:736][  0]LogConfig: Applying CVar settings from Section [/Script/UnrealEd.CookerSettings] File [C:/Users/cf/source/repos/School/UnrealFPSGunSystem/GunSystem/Saved/Config/Windows/Engine.ini]
[2022.02.03-01.26.20:777][  0]LogConfig: Applying CVar settings from Section [ViewDistanceQuality@3] File [C:/Users/cf/source/repos/School/UnrealFPSGunSystem/GunSystem/Saved/Config/Windows/Scalability.ini]
[2022.02.03-01.26.20:777][  0]LogConfig: Setting CVar [[r.SkeletalMeshLODBias:0]]
[2022.02.03-01.26.20:777][  0]LogConfig: Setting CVar [[r.ViewDistanceScale:1.0]]
[2022.02.03-01.26.20:777][  0]LogConfig: Applying CVar settings from Section [AntiAliasingQuality@3] File [C:/Users/cf/source/repos/School/UnrealFPSGunSystem/GunSystem/Saved/Config/Windows/Scalability.ini]
[2022.02.03-01.26.20:777][  0]LogConfig: Setting CVar [[r.PostProcessAAQuality:4]]
[2022.02.03-01.26.20:777][  0]LogConfig: Applying CVar settings from Section [ShadowQuality@3] File [C:/Users/cf/source/repos/School/UnrealFPSGunSystem/GunSystem/Saved/Config/Windows/Scalability.ini]
[2022.02.03-01.26.20:777][  0]LogConfig: Setting CVar [[r.LightFunctionQuality:1]]
[2022.02.03-01.26.20:778][  0]LogConfig: Setting CVar [[r.ShadowQuality:5]]
[2022.02.03-01.26.20:778][  0]LogConfig: Setting CVar [[r.Shadow.CSM.MaxCascades:10]]
[2022.02.03-01.26.20:778][  0]LogConfig: Setting CVar [[r.Shadow.MaxResolution:2048]]
[2022.02.03-01.26.20:778][  0]LogConfig: Setting CVar [[r.Shadow.MaxCSMResolution:2048]]
[2022.02.03-01.26.20:778][  0]LogConfig: Setting CVar [[r.Shadow.RadiusThreshold:0.01]]
[2022.02.03-01.26.20:778][  0]LogConfig: Setting CVar [[r.Shadow.DistanceScale:1.0]]
[2022.02.03-01.26.20:778][  0]LogConfig: Setting CVar [[r.Shadow.CSM.TransitionScale:1.0]]
[2022.02.03-01.26.20:778][  0]LogConfig: Setting CVar [[r.Shadow.PreShadowResolutionFactor:1.0]]
[2022.02.03-01.26.20:778][  0]LogConfig: Setting CVar [[r.DistanceFieldShadowing:1]]
[2022.02.03-01.26.20:778][  0]LogConfig: Setting CVar [[r.DistanceFieldAO:1]]
[2022.02.03-01.26.20:778][  0]LogConfig: Setting CVar [[r.AOQuality:2]]
[2022.02.03-01.26.20:778][  0]LogConfig: Setting CVar [[r.VolumetricFog:1]]
[2022.02.03-01.26.20:778][  0]LogConfig: Setting CVar [[r.VolumetricFog.GridPixelSize:8]]
[2022.02.03-01.26.20:778][  0]LogConfig: Setting CVar [[r.VolumetricFog.GridSizeZ:128]]
[2022.02.03-01.26.20:778][  0]LogConfig: Setting CVar [[r.VolumetricFog.HistoryMissSupersampleCount:4]]
[2022.02.03-01.26.20:778][  0]LogConfig: Setting CVar [[r.LightMaxDrawDistanceScale:1]]
[2022.02.03-01.26.20:778][  0]LogConfig: Setting CVar [[r.CapsuleShadows:1]]
[2022.02.03-01.26.20:778][  0]LogConfig: Applying CVar settings from Section [PostProcessQuality@3] File [C:/Users/cf/source/repos/School/UnrealFPSGunSystem/GunSystem/Saved/Config/Windows/Scalability.ini]
[2022.02.03-01.26.20:778][  0]LogConfig: Setting CVar [[r.MotionBlurQuality:4]]
[2022.02.03-01.26.20:778][  0]LogConfig: Setting CVar [[r.AmbientOcclusionMipLevelFactor:0.4]]
[2022.02.03-01.26.20:778][  0]LogConfig: Setting CVar [[r.AmbientOcclusionMaxQuality:100]]
[2022.02.03-01.26.20:778][  0]LogConfig: Setting CVar [[r.AmbientOcclusionLevels:-1]]
[2022.02.03-01.26.20:778][  0]LogConfig: Setting CVar [[r.AmbientOcclusionRadiusScale:1.0]]
[2022.02.03-01.26.20:778][  0]LogConfig: Setting CVar [[r.DepthOfFieldQuality:2]]
[2022.02.03-01.26.20:778][  0]LogConfig: Setting CVar [[r.RenderTargetPoolMin:400]]
[2022.02.03-01.26.20:778][  0]LogConfig: Setting CVar [[r.LensFlareQuality:2]]
[2022.02.03-01.26.20:779][  0]LogConfig: Setting CVar [[r.SceneColorFringeQuality:1]]
[2022.02.03-01.26.20:779][  0]LogConfig: Setting CVar [[r.EyeAdaptationQuality:2]]
[2022.02.03-01.26.20:779][  0]LogConfig: Setting CVar [[r.BloomQuality:5]]
[2022.02.03-01.26.20:779][  0]LogConfig: Setting CVar [[r.FastBlurThreshold:100]]
[2022.02.03-01.26.20:779][  0]LogConfig: Setting CVar [[r.Upscale.Quality:3]]
[2022.02.03-01.26.20:779][  0]LogConfig: Setting CVar [[r.Tonemapper.GrainQuantization:1]]
[2022.02.03-01.26.20:779][  0]LogConfig: Setting CVar [[r.LightShaftQuality:1]]
[2022.02.03-01.26.20:779][  0]LogConfig: Setting CVar [[r.Filter.SizeScale:1]]
[2022.02.03-01.26.20:779][  0]LogConfig: Setting CVar [[r.Tonemapper.Quality:5]]
[2022.02.03-01.26.20:779][  0]LogConfig: Setting CVar [[r.DOF.Gather.AccumulatorQuality:1        ; higher gathering accumulator quality]]
[2022.02.03-01.26.20:779][  0]LogConfig: Setting CVar [[r.DOF.Gather.PostfilterMethod:1          ; Median3x3 postfilering method]]
[2022.02.03-01.26.20:779][  0]LogConfig: Setting CVar [[r.DOF.Gather.EnableBokehSettings:0       ; no bokeh simulation when gathering]]
[2022.02.03-01.26.20:779][  0]LogConfig: Setting CVar [[r.DOF.Gather.RingCount:4                 ; medium number of samples when gathering]]
[2022.02.03-01.26.20:779][  0]LogConfig: Setting CVar [[r.DOF.Scatter.ForegroundCompositing:1    ; additive foreground scattering]]
[2022.02.03-01.26.20:779][  0]LogConfig: Setting CVar [[r.DOF.Scatter.BackgroundCompositing:2    ; additive background scattering]]
[2022.02.03-01.26.20:779][  0]LogConfig: Setting CVar [[r.DOF.Scatter.EnableBokehSettings:1      ; bokeh simulation when scattering]]
[2022.02.03-01.26.20:779][  0]LogConfig: Setting CVar [[r.DOF.Scatter.MaxSpriteRatio:0.1         ; only a maximum of 10% of scattered bokeh]]
[2022.02.03-01.26.20:779][  0]LogConfig: Setting CVar [[r.DOF.Recombine.Quality:1                ; cheap slight out of focus]]
[2022.02.03-01.26.20:779][  0]LogConfig: Setting CVar [[r.DOF.Recombine.EnableBokehSettings:0    ; no bokeh simulation on slight out of focus]]
[2022.02.03-01.26.20:779][  0]LogConfig: Setting CVar [[r.DOF.TemporalAAQuality:1                ; more stable temporal accumulation]]
[2022.02.03-01.26.20:779][  0]LogConfig: Setting CVar [[r.DOF.Kernel.MaxForegroundRadius:0.025]]
[2022.02.03-01.26.20:779][  0]LogConfig: Setting CVar [[r.DOF.Kernel.MaxBackgroundRadius:0.025]]
[2022.02.03-01.26.20:779][  0]LogConfig: Applying CVar settings from Section [TextureQuality@3] File [C:/Users/cf/source/repos/School/UnrealFPSGunSystem/GunSystem/Saved/Config/Windows/Scalability.ini]
[2022.02.03-01.26.20:780][  0]LogConfig: Setting CVar [[r.Streaming.MipBias:0]]
[2022.02.03-01.26.20:780][  0]LogConfig: Setting CVar [[r.Streaming.AmortizeCPUToGPUCopy:0]]
[2022.02.03-01.26.20:780][  0]LogConfig: Setting CVar [[r.Streaming.MaxNumTexturesToStreamPerFrame:0]]
[2022.02.03-01.26.20:780][  0]LogConfig: Setting CVar [[r.Streaming.Boost:1]]
[2022.02.03-01.26.20:780][  0]LogConfig: Setting CVar [[r.MaxAnisotropy:8]]
[2022.02.03-01.26.20:780][  0]LogConfig: Setting CVar [[r.VT.MaxAnisotropy:8]]
[2022.02.03-01.26.20:780][  0]LogConfig: Setting CVar [[r.Streaming.LimitPoolSizeToVRAM:0]]
[2022.02.03-01.26.20:780][  0]LogConfig: Setting CVar [[r.Streaming.PoolSize:1000]]
[2022.02.03-01.26.20:780][  0]LogConfig: Setting CVar [[r.Streaming.MaxEffectiveScreenSize:0]]
[2022.02.03-01.26.20:780][  0]LogConfig: Applying CVar settings from Section [EffectsQuality@3] File [C:/Users/cf/source/repos/School/UnrealFPSGunSystem/GunSystem/Saved/Config/Windows/Scalability.ini]
[2022.02.03-01.26.20:780][  0]LogConfig: Setting CVar [[r.TranslucencyLightingVolumeDim:64]]
[2022.02.03-01.26.20:780][  0]LogConfig: Setting CVar [[r.RefractionQuality:2]]
[2022.02.03-01.26.20:780][  0]LogConfig: Setting CVar [[r.SSR.Quality:3]]
[2022.02.03-01.26.20:780][  0]LogConfig: Setting CVar [[r.SSR.HalfResSceneColor:0]]
[2022.02.03-01.26.20:780][  0]LogConfig: Setting CVar [[r.SceneColorFormat:4]]
[2022.02.03-01.26.20:780][  0]LogConfig: Setting CVar [[r.DetailMode:2]]
[2022.02.03-01.26.20:780][  0]LogConfig: Setting CVar [[r.TranslucencyVolumeBlur:1]]
[2022.02.03-01.26.20:780][  0]LogConfig: Setting CVar [[r.MaterialQualityLevel:1 ; High quality]]
[2022.02.03-01.26.20:780][  0]LogConfig: Setting CVar [[r.AnisotropicMaterials:1]]
[2022.02.03-01.26.20:780][  0]LogConfig: Setting CVar [[r.SSS.Scale:1]]
[2022.02.03-01.26.20:780][  0]LogConfig: Setting CVar [[r.SSS.SampleSet:2]]
[2022.02.03-01.26.20:780][  0]LogConfig: Setting CVar [[r.SSS.Quality:1]]
[2022.02.03-01.26.20:780][  0]LogConfig: Setting CVar [[r.SSS.HalfRes:0]]
[2022.02.03-01.26.20:781][  0]LogConfig: Setting CVar [[r.SSGI.Quality:3]]
[2022.02.03-01.26.20:781][  0]LogConfig: Setting CVar [[r.EmitterSpawnRateScale:1.0]]
[2022.02.03-01.26.20:781][  0]LogConfig: Setting CVar [[r.ParticleLightQuality:2]]
[2022.02.03-01.26.20:781][  0]LogConfig: Setting CVar [[r.SkyAtmosphere.AerialPerspectiveLUT.FastApplyOnOpaque:1 ; Always have FastSkyLUT 1 in this case to avoid wrong sky]]
[2022.02.03-01.26.20:781][  0]LogConfig: Setting CVar [[r.SkyAtmosphere.AerialPerspectiveLUT.SampleCountMaxPerSlice:4]]
[2022.02.03-01.26.20:781][  0]LogConfig: Setting CVar [[r.SkyAtmosphere.AerialPerspectiveLUT.DepthResolution:16.0]]
[2022.02.03-01.26.20:781][  0]LogConfig: Setting CVar [[r.SkyAtmosphere.FastSkyLUT:1]]
[2022.02.03-01.26.20:781][  0]LogConfig: Setting CVar [[r.SkyAtmosphere.FastSkyLUT.SampleCountMin:4.0]]
[2022.02.03-01.26.20:781][  0]LogConfig: Setting CVar [[r.SkyAtmosphere.FastSkyLUT.SampleCountMax:128.0]]
[2022.02.03-01.26.20:781][  0]LogConfig: Setting CVar [[r.SkyAtmosphere.SampleCountMin:4.0]]
[2022.02.03-01.26.20:781][  0]LogConfig: Setting CVar [[r.SkyAtmosphere.SampleCountMax:128.0]]
[2022.02.03-01.26.20:781][  0]LogConfig: Setting CVar [[r.SkyAtmosphere.TransmittanceLUT.UseSmallFormat:0]]
[2022.02.03-01.26.20:781][  0]LogConfig: Setting CVar [[r.SkyAtmosphere.TransmittanceLUT.SampleCount:10.0]]
[2022.02.03-01.26.20:781][  0]LogConfig: Setting CVar [[r.SkyAtmosphere.MultiScatteringLUT.SampleCount:15.0]]
[2022.02.03-01.26.20:781][  0]LogConfig: Setting CVar [[r.SkyLight.RealTimeReflectionCapture:1]]
[2022.02.03-01.26.20:781][  0]LogConfig: Applying CVar settings from Section [FoliageQuality@3] File [C:/Users/cf/source/repos/School/UnrealFPSGunSystem/GunSystem/Saved/Config/Windows/Scalability.ini]
[2022.02.03-01.26.20:781][  0]LogConfig: Setting CVar [[foliage.DensityScale:1.0]]
[2022.02.03-01.26.20:781][  0]LogConfig: Setting CVar [[grass.DensityScale:1.0]]
[2022.02.03-01.26.20:781][  0]LogConfig: Applying CVar settings from Section [ShadingQuality@3] File [C:/Users/cf/source/repos/School/UnrealFPSGunSystem/GunSystem/Saved/Config/Windows/Scalability.ini]
[2022.02.03-01.26.20:781][  0]LogConfig: Setting CVar [[r.HairStrands.SkyLighting.IntegrationType:2]]
[2022.02.03-01.26.20:781][  0]LogConfig: Setting CVar [[r.HairStrands.SkyAO.SampleCount:4]]
[2022.02.03-01.26.20:781][  0]LogConfig: Setting CVar [[r.HairStrands.Visibility.MSAA.SamplePerPixel:4]]
[2022.02.03-01.26.20:782][  0]LogInit: Selected Device Profile: [Windows]
[2022.02.03-01.26.20:782][  0]LogInit: Applying CVar settings loaded from the selected device profile: [Windows]
[2022.02.03-01.26.20:782][  0]LogHAL: Display: Platform has ~ 16 GB [17121583104 / 17179869184 / 16], which maps to Larger [LargestMinGB=32, LargerMinGB=12, DefaultMinGB=8, SmallerMinGB=6, SmallestMinGB=0)
[2022.02.03-01.26.20:782][  0]LogInit: Going up to parent DeviceProfile []
[2022.02.03-01.26.20:782][  0]LogConfig: Applying CVar settings from Section [ViewDistanceQuality@3] File [C:/Users/cf/source/repos/School/UnrealFPSGunSystem/GunSystem/Saved/Config/Windows/Scalability.ini]
[2022.02.03-01.26.20:782][  0]LogConfig: Setting CVar [[r.SkeletalMeshLODBias:0]]
[2022.02.03-01.26.20:782][  0]LogConfig: Setting CVar [[r.ViewDistanceScale:1.0]]
[2022.02.03-01.26.20:782][  0]LogConfig: Applying CVar settings from Section [AntiAliasingQuality@3] File [C:/Users/cf/source/repos/School/UnrealFPSGunSystem/GunSystem/Saved/Config/Windows/Scalability.ini]
[2022.02.03-01.26.20:782][  0]LogConfig: Setting CVar [[r.PostProcessAAQuality:4]]
[2022.02.03-01.26.20:782][  0]LogConfig: Applying CVar settings from Section [ShadowQuality@3] File [C:/Users/cf/source/repos/School/UnrealFPSGunSystem/GunSystem/Saved/Config/Windows/Scalability.ini]
[2022.02.03-01.26.20:782][  0]LogConfig: Setting CVar [[r.LightFunctionQuality:1]]
[2022.02.03-01.26.20:782][  0]LogConfig: Setting CVar [[r.ShadowQuality:5]]
[2022.02.03-01.26.20:782][  0]LogConfig: Setting CVar [[r.Shadow.CSM.MaxCascades:10]]
[2022.02.03-01.26.20:782][  0]LogConfig: Setting CVar [[r.Shadow.MaxResolution:2048]]
[2022.02.03-01.26.20:782][  0]LogConfig: Setting CVar [[r.Shadow.MaxCSMResolution:2048]]
[2022.02.03-01.26.20:782][  0]LogConfig: Setting CVar [[r.Shadow.RadiusThreshold:0.01]]
[2022.02.03-01.26.20:782][  0]LogConfig: Setting CVar [[r.Shadow.DistanceScale:1.0]]
[2022.02.03-01.26.20:782][  0]LogConfig: Setting CVar [[r.Shadow.CSM.TransitionScale:1.0]]
[2022.02.03-01.26.20:783][  0]LogConfig: Setting CVar [[r.Shadow.PreShadowResolutionFactor:1.0]]
[2022.02.03-01.26.20:783][  0]LogConfig: Setting CVar [[r.DistanceFieldShadowing:1]]
[2022.02.03-01.26.20:783][  0]LogConfig: Setting CVar [[r.DistanceFieldAO:1]]
[2022.02.03-01.26.20:783][  0]LogConfig: Setting CVar [[r.AOQuality:2]]
[2022.02.03-01.26.20:783][  0]LogConfig: Setting CVar [[r.VolumetricFog:1]]
[2022.02.03-01.26.20:783][  0]LogConfig: Setting CVar [[r.VolumetricFog.GridPixelSize:8]]
[2022.02.03-01.26.20:783][  0]LogConfig: Setting CVar [[r.VolumetricFog.GridSizeZ:128]]
[2022.02.03-01.26.20:783][  0]LogConfig: Setting CVar [[r.VolumetricFog.HistoryMissSupersampleCount:4]]
[2022.02.03-01.26.20:783][  0]LogConfig: Setting CVar [[r.LightMaxDrawDistanceScale:1]]
[2022.02.03-01.26.20:783][  0]LogConfig: Setting CVar [[r.CapsuleShadows:1]]
[2022.02.03-01.26.20:783][  0]LogConfig: Applying CVar settings from Section [PostProcessQuality@3] File [C:/Users/cf/source/repos/School/UnrealFPSGunSystem/GunSystem/Saved/Config/Windows/Scalability.ini]
[2022.02.03-01.26.20:783][  0]LogConfig: Setting CVar [[r.MotionBlurQuality:4]]
[2022.02.03-01.26.20:783][  0]LogConfig: Setting CVar [[r.AmbientOcclusionMipLevelFactor:0.4]]
[2022.02.03-01.26.20:783][  0]LogConfig: Setting CVar [[r.AmbientOcclusionMaxQuality:100]]
[2022.02.03-01.26.20:783][  0]LogConfig: Setting CVar [[r.AmbientOcclusionLevels:-1]]
[2022.02.03-01.26.20:783][  0]LogConfig: Setting CVar [[r.AmbientOcclusionRadiusScale:1.0]]
[2022.02.03-01.26.20:783][  0]LogConfig: Setting CVar [[r.DepthOfFieldQuality:2]]
[2022.02.03-01.26.20:783][  0]LogConfig: Setting CVar [[r.RenderTargetPoolMin:400]]
[2022.02.03-01.26.20:783][  0]LogConfig: Setting CVar [[r.LensFlareQuality:2]]
[2022.02.03-01.26.20:783][  0]LogConfig: Setting CVar [[r.SceneColorFringeQuality:1]]
[2022.02.03-01.26.20:783][  0]LogConfig: Setting CVar [[r.EyeAdaptationQuality:2]]
[2022.02.03-01.26.20:783][  0]LogConfig: Setting CVar [[r.BloomQuality:5]]
[2022.02.03-01.26.20:784][  0]LogConfig: Setting CVar [[r.FastBlurThreshold:100]]
[2022.02.03-01.26.20:784][  0]LogConfig: Setting CVar [[r.Upscale.Quality:3]]
[2022.02.03-01.26.20:784][  0]LogConfig: Setting CVar [[r.Tonemapper.GrainQuantization:1]]
[2022.02.03-01.26.20:784][  0]LogConfig: Setting CVar [[r.LightShaftQuality:1]]
[2022.02.03-01.26.20:784][  0]LogConfig: Setting CVar [[r.Filter.SizeScale:1]]
[2022.02.03-01.26.20:784][  0]LogConfig: Setting CVar [[r.Tonemapper.Quality:5]]
[2022.02.03-01.26.20:784][  0]LogConfig: Setting CVar [[r.DOF.Gather.AccumulatorQuality:1        ; higher gathering accumulator quality]]
[2022.02.03-01.26.20:784][  0]LogConfig: Setting CVar [[r.DOF.Gather.PostfilterMethod:1          ; Median3x3 postfilering method]]
[2022.02.03-01.26.20:784][  0]LogConfig: Setting CVar [[r.DOF.Gather.EnableBokehSettings:0       ; no bokeh simulation when gathering]]
[2022.02.03-01.26.20:784][  0]LogConfig: Setting CVar [[r.DOF.Gather.RingCount:4                 ; medium number of samples when gathering]]
[2022.02.03-01.26.20:784][  0]LogConfig: Setting CVar [[r.DOF.Scatter.ForegroundCompositing:1    ; additive foreground scattering]]
[2022.02.03-01.26.20:784][  0]LogConfig: Setting CVar [[r.DOF.Scatter.BackgroundCompositing:2    ; additive background scattering]]
[2022.02.03-01.26.20:784][  0]LogConfig: Setting CVar [[r.DOF.Scatter.EnableBokehSettings:1      ; bokeh simulation when scattering]]
[2022.02.03-01.26.20:784][  0]LogConfig: Setting CVar [[r.DOF.Scatter.MaxSpriteRatio:0.1         ; only a maximum of 10% of scattered bokeh]]
[2022.02.03-01.26.20:784][  0]LogConfig: Setting CVar [[r.DOF.Recombine.Quality:1                ; cheap slight out of focus]]
[2022.02.03-01.26.20:784][  0]LogConfig: Setting CVar [[r.DOF.Recombine.EnableBokehSettings:0    ; no bokeh simulation on slight out of focus]]
[2022.02.03-01.26.20:784][  0]LogConfig: Setting CVar [[r.DOF.TemporalAAQuality:1                ; more stable temporal accumulation]]
[2022.02.03-01.26.20:784][  0]LogConfig: Setting CVar [[r.DOF.Kernel.MaxForegroundRadius:0.025]]
[2022.02.03-01.26.20:784][  0]LogConfig: Setting CVar [[r.DOF.Kernel.MaxBackgroundRadius:0.025]]
[2022.02.03-01.26.20:784][  0]LogConfig: Applying CVar settings from Section [TextureQuality@3] File [C:/Users/cf/source/repos/School/UnrealFPSGunSystem/GunSystem/Saved/Config/Windows/Scalability.ini]
[2022.02.03-01.26.20:785][  0]LogConfig: Setting CVar [[r.Streaming.MipBias:0]]
[2022.02.03-01.26.20:785][  0]LogConfig: Setting CVar [[r.Streaming.AmortizeCPUToGPUCopy:0]]
[2022.02.03-01.26.20:785][  0]LogConfig: Setting CVar [[r.Streaming.MaxNumTexturesToStreamPerFrame:0]]
[2022.02.03-01.26.20:785][  0]LogConfig: Setting CVar [[r.Streaming.Boost:1]]
[2022.02.03-01.26.20:785][  0]LogConfig: Setting CVar [[r.MaxAnisotropy:8]]
[2022.02.03-01.26.20:785][  0]LogConfig: Setting CVar [[r.VT.MaxAnisotropy:8]]
[2022.02.03-01.26.20:785][  0]LogConfig: Setting CVar [[r.Streaming.LimitPoolSizeToVRAM:0]]
[2022.02.03-01.26.20:785][  0]LogConfig: Setting CVar [[r.Streaming.PoolSize:1000]]
[2022.02.03-01.26.20:785][  0]LogConfig: Setting CVar [[r.Streaming.MaxEffectiveScreenSize:0]]
[2022.02.03-01.26.20:785][  0]LogConfig: Applying CVar settings from Section [EffectsQuality@3] File [C:/Users/cf/source/repos/School/UnrealFPSGunSystem/GunSystem/Saved/Config/Windows/Scalability.ini]
[2022.02.03-01.26.20:785][  0]LogConfig: Setting CVar [[r.TranslucencyLightingVolumeDim:64]]
[2022.02.03-01.26.20:785][  0]LogConfig: Setting CVar [[r.RefractionQuality:2]]
[2022.02.03-01.26.20:785][  0]LogConfig: Setting CVar [[r.SSR.Quality:3]]
[2022.02.03-01.26.20:785][  0]LogConfig: Setting CVar [[r.SSR.HalfResSceneColor:0]]
[2022.02.03-01.26.20:785][  0]LogConfig: Setting CVar [[r.SceneColorFormat:4]]
[2022.02.03-01.26.20:785][  0]LogConfig: Setting CVar [[r.DetailMode:2]]
[2022.02.03-01.26.20:785][  0]LogConfig: Setting CVar [[r.TranslucencyVolumeBlur:1]]
[2022.02.03-01.26.20:785][  0]LogConfig: Setting CVar [[r.MaterialQualityLevel:1 ; High quality]]
[2022.02.03-01.26.20:785][  0]LogConfig: Setting CVar [[r.AnisotropicMaterials:1]]
[2022.02.03-01.26.20:785][  0]LogConfig: Setting CVar [[r.SSS.Scale:1]]
[2022.02.03-01.26.20:785][  0]LogConfig: Setting CVar [[r.SSS.SampleSet:2]]
[2022.02.03-01.26.20:785][  0]LogConfig: Setting CVar [[r.SSS.Quality:1]]
[2022.02.03-01.26.20:786][  0]LogConfig: Setting CVar [[r.SSS.HalfRes:0]]
[2022.02.03-01.26.20:786][  0]LogConfig: Setting CVar [[r.SSGI.Quality:3]]
[2022.02.03-01.26.20:786][  0]LogConfig: Setting CVar [[r.EmitterSpawnRateScale:1.0]]
[2022.02.03-01.26.20:786][  0]LogConfig: Setting CVar [[r.ParticleLightQuality:2]]
[2022.02.03-01.26.20:786][  0]LogConfig: Setting CVar [[r.SkyAtmosphere.AerialPerspectiveLUT.FastApplyOnOpaque:1 ; Always have FastSkyLUT 1 in this case to avoid wrong sky]]
[2022.02.03-01.26.20:786][  0]LogConfig: Setting CVar [[r.SkyAtmosphere.AerialPerspectiveLUT.SampleCountMaxPerSlice:4]]
[2022.02.03-01.26.20:786][  0]LogConfig: Setting CVar [[r.SkyAtmosphere.AerialPerspectiveLUT.DepthResolution:16.0]]
[2022.02.03-01.26.20:786][  0]LogConfig: Setting CVar [[r.SkyAtmosphere.FastSkyLUT:1]]
[2022.02.03-01.26.20:786][  0]LogConfig: Setting CVar [[r.SkyAtmosphere.FastSkyLUT.SampleCountMin:4.0]]
[2022.02.03-01.26.20:786][  0]LogConfig: Setting CVar [[r.SkyAtmosphere.FastSkyLUT.SampleCountMax:128.0]]
[2022.02.03-01.26.20:786][  0]LogConfig: Setting CVar [[r.SkyAtmosphere.SampleCountMin:4.0]]
[2022.02.03-01.26.20:786][  0]LogConfig: Setting CVar [[r.SkyAtmosphere.SampleCountMax:128.0]]
[2022.02.03-01.26.20:786][  0]LogConfig: Setting CVar [[r.SkyAtmosphere.TransmittanceLUT.UseSmallFormat:0]]
[2022.02.03-01.26.20:786][  0]LogConfig: Setting CVar [[r.SkyAtmosphere.TransmittanceLUT.SampleCount:10.0]]
[2022.02.03-01.26.20:786][  0]LogConfig: Setting CVar [[r.SkyAtmosphere.MultiScatteringLUT.SampleCount:15.0]]
[2022.02.03-01.26.20:786][  0]LogConfig: Setting CVar [[r.SkyLight.RealTimeReflectionCapture:1]]
[2022.02.03-01.26.20:786][  0]LogConfig: Applying CVar settings from Section [FoliageQuality@3] File [C:/Users/cf/source/repos/School/UnrealFPSGunSystem/GunSystem/Saved/Config/Windows/Scalability.ini]
[2022.02.03-01.26.20:786][  0]LogConfig: Setting CVar [[foliage.DensityScale:1.0]]
[2022.02.03-01.26.20:786][  0]LogConfig: Setting CVar [[grass.DensityScale:1.0]]
[2022.02.03-01.26.20:786][  0]LogConfig: Applying CVar settings from Section [ShadingQuality@3] File [C:/Users/cf/source/repos/School/UnrealFPSGunSystem/GunSystem/Saved/Config/Windows/Scalability.ini]
[2022.02.03-01.26.20:786][  0]LogConfig: Setting CVar [[r.HairStrands.SkyLighting.IntegrationType:2]]
[2022.02.03-01.26.20:786][  0]LogConfig: Setting CVar [[r.HairStrands.SkyAO.SampleCount:4]]
[2022.02.03-01.26.20:786][  0]LogConfig: Setting CVar [[r.HairStrands.Visibility.MSAA.SamplePerPixel:4]]
[2022.02.03-01.26.20:787][  0]LogConfig: Applying CVar settings from Section [Startup] File [../../../Engine/Config/ConsoleVariables.ini]
[2022.02.03-01.26.20:787][  0]LogConfig: Setting CVar [[net.UseAdaptiveNetUpdateFrequency:0]]
[2022.02.03-01.26.20:787][  0]LogConfig: Setting CVar [[p.chaos.AllowCreatePhysxBodies:1]]
[2022.02.03-01.26.20:787][  0]LogConfig: Setting CVar [[fx.SkipVectorVMBackendOptimizations:1]]
[2022.02.03-01.26.20:787][  0]LogConfig: Applying CVar settings from Section [ConsoleVariables] File [C:/Users/cf/source/repos/School/UnrealFPSGunSystem/GunSystem/Saved/Config/Windows/Engine.ini]
[2022.02.03-01.26.20:787][  0]LogConfig: Applying CVar settings from Section [ConsoleVariables] File [C:/Users/cf/source/repos/School/UnrealFPSGunSystem/GunSystem/Saved/Config/Windows/Editor.ini]
[2022.02.03-01.26.20:787][  0]LogInit: Computer: DCF
[2022.02.03-01.26.20:787][  0]LogInit: User: cf
[2022.02.03-01.26.20:787][  0]LogInit: CPU Page size=4096, Cores=8
[2022.02.03-01.26.20:787][  0]LogInit: High frequency timer resolution =10.000000 MHz
[2022.02.03-01.26.20:788][  0]LogMemory: Memory total: Physical=15.9GB (16GB approx)
[2022.02.03-01.26.20:788][  0]LogMemory: Platform Memory Stats for Windows
[2022.02.03-01.26.20:788][  0]LogMemory: Process Physical Memory: 150.21 MB used, 150.22 MB peak
[2022.02.03-01.26.20:788][  0]LogMemory: Process Virtual Memory: 131.56 MB used, 131.56 MB peak
[2022.02.03-01.26.20:788][  0]LogMemory: Physical Memory: 9563.92 MB used,  6764.50 MB free, 16328.41 MB total
[2022.02.03-01.26.20:788][  0]LogMemory: Virtual Memory: 134203712.00 MB used,  14018.87 MB free, 134217728.00 MB total
[2022.02.03-01.26.20:806][  0]LogWindows: WindowsPlatformFeatures enabled
[2022.02.03-01.26.20:984][  0]LogInit: Physics initialised using underlying interface: PhysX
[2022.02.03-01.26.20:985][  0]LogInit: Using OS detected language (en-US).
[2022.02.03-01.26.20:985][  0]LogInit: Using OS detected locale (en-US).
[2022.02.03-01.26.20:987][  0]LogTextLocalizationManager: No specific localization for 'en-US' exists, so the 'en' localization will be used.
[2022.02.03-01.26.21:151][  0]LogInit: Setting process to per monitor DPI aware
[2022.02.03-01.26.21:187][  0]LogWindowsTextInputMethodSystem: Display: IME system deactivated.
[2022.02.03-01.26.21:211][  0]LogSlate: New Slate User Created.  User Index 0, Is Virtual User: 0
[2022.02.03-01.26.21:211][  0]LogSlate: Slate User Registered.  User Index 0, Is Virtual User: 0
[2022.02.03-01.26.21:398][  0]LogD3D11RHI: Loaded GFSDK_Aftermath_Lib.x64.dll
[2022.02.03-01.26.21:442][  0]LogHMD: Failed to initialize OpenVR with code 126
[2022.02.03-01.26.21:442][  0]LogD3D11RHI: D3D11 min allowed feature level: 11_0
[2022.02.03-01.26.21:442][  0]LogD3D11RHI: D3D11 max allowed feature level: 11_0
[2022.02.03-01.26.21:442][  0]LogD3D11RHI: D3D11 adapters:
[2022.02.03-01.26.21:544][  0]LogD3D11RHI:    0. 'NVIDIA GeForce GTX 1060 6GB' (Feature Level 11_0)
[2022.02.03-01.26.21:544][  0]LogD3D11RHI:       6052/0/8164 MB DedicatedVideo/DedicatedSystem/SharedSystem, Outputs:2, VendorId:0x10de
[2022.02.03-01.26.21:560][  0]LogD3D11RHI:    1. 'Microsoft Basic Render Driver' (Feature Level 11_0)
[2022.02.03-01.26.21:560][  0]LogD3D11RHI:       0/0/8164 MB DedicatedVideo/DedicatedSystem/SharedSystem, Outputs:0, VendorId:0x1414
[2022.02.03-01.26.21:560][  0]LogD3D11RHI: Chosen D3D11 Adapter:
[2022.02.03-01.26.21:560][  0]LogD3D11RHI:     Description : NVIDIA GeForce GTX 1060 6GB
[2022.02.03-01.26.21:561][  0]LogD3D11RHI:     VendorId    : 10de
[2022.02.03-01.26.21:561][  0]LogD3D11RHI:     DeviceId    : 1c03
[2022.02.03-01.26.21:561][  0]LogD3D11RHI:     SubSysId    : 85ac1043
[2022.02.03-01.26.21:561][  0]LogD3D11RHI:     Revision    : 00a1
[2022.02.03-01.26.21:561][  0]LogD3D11RHI:     DedicatedVideoMemory : 6345981952 bytes
[2022.02.03-01.26.21:561][  0]LogD3D11RHI:     DedicatedSystemMemory : 0 bytes
[2022.02.03-01.26.21:561][  0]LogD3D11RHI:     SharedSystemMemory : 8560791552 bytes
[2022.02.03-01.26.21:561][  0]LogD3D11RHI:     AdapterLuid : 0 3300093
[2022.02.03-01.26.21:569][  0]LogD3D11RHI: Creating new Direct3DDevice
[2022.02.03-01.26.21:569][  0]LogD3D11RHI:     GPU DeviceId: 0x1c03 (for the marketing name, search the web for "GPU Device Id")
[2022.02.03-01.26.21:569][  0]LogWindows: EnumDisplayDevices:
[2022.02.03-01.26.21:570][  0]LogWindows:    0. 'NVIDIA GeForce GTX 1060 6GB' (P:1 D:1)
[2022.02.03-01.26.21:570][  0]LogWindows:    1. 'NVIDIA GeForce GTX 1060 6GB' (P:0 D:1)
[2022.02.03-01.26.21:570][  0]LogWindows:    2. 'NVIDIA GeForce GTX 1060 6GB' (P:0 D:0)
[2022.02.03-01.26.21:570][  0]LogWindows:    3. 'NVIDIA GeForce GTX 1060 6GB' (P:0 D:0)
[2022.02.03-01.26.21:571][  0]LogWindows: DebugString: FoundDriverCount:4 
[2022.02.03-01.26.21:571][  0]LogD3D11RHI:     Adapter Name: NVIDIA GeForce GTX 1060 6GB
[2022.02.03-01.26.21:571][  0]LogD3D11RHI:   Driver Version: 497.09 (internal:30.0.14.9709, unified:497.09)
[2022.02.03-01.26.21:571][  0]LogD3D11RHI:      Driver Date: 11-26-2021
[2022.02.03-01.26.21:571][  0]LogRHI: Texture pool is 4236 MB (70% of 6052 MB)
[2022.02.03-01.26.21:571][  0]LogD3D11RHI: Creating D3DDevice using adapter:
[2022.02.03-01.26.21:571][  0]LogD3D11RHI:     Description : NVIDIA GeForce GTX 1060 6GB
[2022.02.03-01.26.21:571][  0]LogD3D11RHI:     VendorId    : 10de
[2022.02.03-01.26.21:571][  0]LogD3D11RHI:     DeviceId    : 1c03
[2022.02.03-01.26.21:571][  0]LogD3D11RHI:     SubSysId    : 85ac1043
[2022.02.03-01.26.21:571][  0]LogD3D11RHI:     Revision    : 00a1
[2022.02.03-01.26.21:571][  0]LogD3D11RHI:     DedicatedVideoMemory : 6345981952 bytes
[2022.02.03-01.26.21:571][  0]LogD3D11RHI:     DedicatedSystemMemory : 0 bytes
[2022.02.03-01.26.21:571][  0]LogD3D11RHI:     SharedSystemMemory : 8560791552 bytes
[2022.02.03-01.26.21:571][  0]LogD3D11RHI:     AdapterLuid : 0 3300093
[2022.02.03-01.26.21:635][  0]LogD3D11RHI: RHI has support for 64 bit atomics
[2022.02.03-01.26.21:635][  0]LogD3D11RHI: Async texture creation enabled
[2022.02.03-01.26.21:635][  0]LogD3D11RHI: Array index from any shader is supported
[2022.02.03-01.26.21:637][  0]LogD3D11RHI: HDR output is supported on display 0 (NvId: 0x80061086).
[2022.02.03-01.26.21:663][  0]LogD3D11RHI: GPU Timing Frequency: 1000.000000 (Debug: 2 1)
[2022.02.03-01.26.21:687][  0]LogRHI: GeForceNow SDK initialized: 1
[2022.02.03-01.26.21:946][  0]LogTargetPlatformManager: Display: Loaded TargetPlatform 'AllDesktop'
[2022.02.03-01.26.21:968][  0]LogTargetPlatformManager: Display: Loaded TargetPlatform 'Android'
[2022.02.03-01.26.21:968][  0]LogTargetPlatformManager: Display: Loaded TargetPlatform 'Android_ASTC'
[2022.02.03-01.26.21:968][  0]LogTargetPlatformManager: Display: Loaded TargetPlatform 'Android_DXT'
[2022.02.03-01.26.21:968][  0]LogTargetPlatformManager: Display: Loaded TargetPlatform 'Android_ETC2'
[2022.02.03-01.26.21:968][  0]LogTargetPlatformManager: Display: Loaded TargetPlatform 'AndroidClient'
[2022.02.03-01.26.21:968][  0]LogTargetPlatformManager: Display: Loaded TargetPlatform 'Android_ASTCClient'
[2022.02.03-01.26.21:968][  0]LogTargetPlatformManager: Display: Loaded TargetPlatform 'Android_DXTClient'
[2022.02.03-01.26.21:968][  0]LogTargetPlatformManager: Display: Loaded TargetPlatform 'Android_ETC2Client'
[2022.02.03-01.26.21:968][  0]LogTargetPlatformManager: Display: Loaded TargetPlatform 'Android_Multi'
[2022.02.03-01.26.21:968][  0]LogTargetPlatformManager: Display: Loaded TargetPlatform 'Android_MultiClient'
[2022.02.03-01.26.21:993][  0]LogTargetPlatformManager: Display: Loaded TargetPlatform 'IOSClient'
[2022.02.03-01.26.21:993][  0]LogTargetPlatformManager: Display: Loaded TargetPlatform 'IOS'
[2022.02.03-01.26.22:005][  0]LogTargetPlatformManager: Display: Loaded TargetPlatform 'Linux'
[2022.02.03-01.26.22:011][  0]LogTargetPlatformManager: Display: Loaded TargetPlatform 'LinuxNoEditor'
[2022.02.03-01.26.22:017][  0]LogTargetPlatformManager: Display: Loaded TargetPlatform 'LinuxClient'
[2022.02.03-01.26.22:024][  0]LogTargetPlatformManager: Display: Loaded TargetPlatform 'LinuxServer'
[2022.02.03-01.26.22:036][  0]LogTargetPlatformManager: Display: Loaded TargetPlatform 'LinuxAArch64NoEditor'
[2022.02.03-01.26.22:043][  0]LogTargetPlatformManager: Display: Loaded TargetPlatform 'LinuxAArch64Client'
[2022.02.03-01.26.22:049][  0]LogTargetPlatformManager: Display: Loaded TargetPlatform 'LinuxAArch64Server'
[2022.02.03-01.26.22:073][  0]LogTargetPlatformManager: Display: Loaded TargetPlatform 'Lumin'
[2022.02.03-01.26.22:073][  0]LogTargetPlatformManager: Display: Loaded TargetPlatform 'LuminClient'
[2022.02.03-01.26.22:084][  0]LogTargetPlatformManager: Display: Loaded TargetPlatform 'MacNoEditor'
[2022.02.03-01.26.22:092][  0]LogTargetPlatformManager: Display: Loaded TargetPlatform 'Mac'
[2022.02.03-01.26.22:101][  0]LogTargetPlatformManager: Display: Loaded TargetPlatform 'MacClient'
[2022.02.03-01.26.22:109][  0]LogTargetPlatformManager: Display: Loaded TargetPlatform 'MacServer'
[2022.02.03-01.26.22:121][  0]LogTargetPlatformManager: Display: Loaded TargetPlatform 'TVOSClient'
[2022.02.03-01.26.22:121][  0]LogTargetPlatformManager: Display: Loaded TargetPlatform 'TVOS'
[2022.02.03-01.26.22:133][  0]LogTargetPlatformManager: Display: Loaded TargetPlatform 'WindowsNoEditor'
[2022.02.03-01.26.22:142][  0]LogTargetPlatformManager: Display: Loaded TargetPlatform 'Windows'
[2022.02.03-01.26.22:148][  0]LogTargetPlatformManager: Display: Loaded TargetPlatform 'WindowsClient'
[2022.02.03-01.26.22:155][  0]LogTargetPlatformManager: Display: Loaded TargetPlatform 'WindowsServer'
[2022.02.03-01.26.22:155][  0]LogTargetPlatformManager: Display: Building Assets For Windows
[2022.02.03-01.26.22:173][  0]LogAudioDebug: Display: Lib vorbis DLL was dynamically loaded.
[2022.02.03-01.26.22:232][  0]LogTextureFormatOodle: Display: Oodle Texture 2.9.0 init RDO Off
[2022.02.03-01.26.22:305][  0]LogRendererCore: Ray tracing is disabled. Reason: r.RayTracing=0.
[2022.02.03-01.26.22:305][  0]LogShaderCompilers: Guid format shader working directory is -18 characters bigger than the processId version (C:/Users/cf/source/repos/School/UnrealFPSGunSystem/GunSystem/Intermediate/Shaders/WorkingDirectory/20052/).
[2022.02.03-01.26.22:306][  0]LogShaderCompilers: Cleaned the shader compiler working directory 'C:/Users/cf/AppData/Local/Temp/UnrealShaderWorkingDir/259B7B10411CDBD4394672BFC56D6AFC/'.
[2022.02.03-01.26.22:306][  0]LogXGEController: Cannot use XGE Controller as Incredibuild is not installed on this machine.
[2022.02.03-01.26.22:306][  0]LogShaderCompilers: Cannot use XGE Shader Compiler as Incredibuild is not installed on this machine.
[2022.02.03-01.26.22:306][  0]LogShaderCompilers: Display: Using Local Shader Compiler.
[2022.02.03-01.26.22:947][  0]LogDerivedDataCache: Display: Max Cache Size: 512 MB
[2022.02.03-01.26.23:001][  0]LogDerivedDataCache: Loaded boot cache 0.05s 115MB C:/Users/cf/AppData/Local/UnrealEngine/4.27/DerivedDataCache/Boot.ddc.
[2022.02.03-01.26.23:001][  0]LogDerivedDataCache: Display: Loaded Boot cache: C:/Users/cf/AppData/Local/UnrealEngine/4.27/DerivedDataCache/Boot.ddc
[2022.02.03-01.26.23:001][  0]LogDerivedDataCache: FDerivedDataBackendGraph:  Pak pak cache file C:/Users/cf/source/repos/School/UnrealFPSGunSystem/GunSystem/DerivedDataCache/DDC.ddp not found, will not use a pak cache.
[2022.02.03-01.26.23:001][  0]LogDerivedDataCache: Unable to find inner node Pak for hierarchical cache Hierarchy.
[2022.02.03-01.26.23:001][  0]LogDerivedDataCache: FDerivedDataBackendGraph:  CompressedPak pak cache file C:/Users/cf/source/repos/School/UnrealFPSGunSystem/GunSystem/DerivedDataCache/Compressed.ddp not found, will not use a pak cache.
[2022.02.03-01.26.23:001][  0]LogDerivedDataCache: Unable to find inner node CompressedPak for hierarchical cache Hierarchy.
[2022.02.03-01.26.23:018][  0]LogDerivedDataCache: Display: Pak cache opened for reading ../../../Engine/DerivedDataCache/Compressed.ddp.
[2022.02.03-01.26.23:018][  0]LogDerivedDataCache: FDerivedDataBackendGraph:  EnterprisePak pak cache file ../../../Enterprise/DerivedDataCache/Compressed.ddp not found, will not use a pak cache.
[2022.02.03-01.26.23:018][  0]LogDerivedDataCache: Unable to find inner node EnterprisePak for hierarchical cache Hierarchy.
[2022.02.03-01.26.23:026][  0]LogDerivedDataCache: Speed tests for C:/Users/cf/AppData/Local/UnrealEngine/Common/DerivedDataCache took 0.01 seconds
[2022.02.03-01.26.23:026][  0]LogDerivedDataCache: Display: Performance to C:/Users/cf/AppData/Local/UnrealEngine/Common/DerivedDataCache: Latency=0.03ms. RandomReadSpeed=1172.52MBs, RandomWriteSpeed=141.57MBs. Assigned SpeedClass 'Local'
[2022.02.03-01.26.23:028][  0]LogDerivedDataCache: Using Local data cache path C:/Users/cf/AppData/Local/UnrealEngine/Common/DerivedDataCache: Writable
[2022.02.03-01.26.23:028][  0]LogDerivedDataCache: Shared data cache path not found in *engine.ini, will not use an Shared cache.
[2022.02.03-01.26.23:028][  0]LogDerivedDataCache: Unable to find inner node Shared for hierarchical cache Hierarchy.
[2022.02.03-01.26.23:070][  0]LogSlate: Using FreeType 2.10.0
[2022.02.03-01.26.23:070][  0]LogSlate: SlateFontServices - WITH_FREETYPE: 1, WITH_HARFBUZZ: 1
[2022.02.03-01.26.23:093][  0]LogAssetRegistry: FAssetRegistry took 0.0040 seconds to start up
[2022.02.03-01.26.23:299][  0]LogInit: Selected Device Profile: [Windows]
[2022.02.03-01.26.23:299][  0]LogInit: Active device profile: [000001BAE807CB00][000001BAE47A1200 49] Windows
[2022.02.03-01.26.23:299][  0]LogInit: Profiles: [000001BAE807CB00][000001BAE47A1200 49] Windows, [000001BAE8026100][000001BAE701B380 49] WindowsNoEditor, [000001BAE807D900][000001BAE5B95500 49] WindowsServer, [000001BAE8026E00][000001BAE5B99680 49] WindowsClient, [000001BAE807FC00][000001BAE5C03800 49] IOS, [000001BAE8024F00][000001BAE6C4D980 49] iPadAir, [000001BAE807FE00][000001BAE6C51B00 49] iPadAir2, [000001BAE7FC8E00][000001BAE6C58240 49] IPadPro, [000001BAE7FC8F00][000001BAE6C54280 49] iPadAir3, [000001BAE8027B00][000001BAE6C5C400 49] iPadAir4, [000001BAE7FCB800][000001BAE6C60580 49] iPadMini2, [000001BAE8026F00][000001BAE6C64700 49] iPadMini3, [000001BAE7FCBA00][000001BAE6C7C880 49] iPadMini4, [000001BAE8027700][000001BAE02E09C0 49] iPadMini5, [000001BAE7FE4600][000001BAE6C90C00 49] iPhone6, [000001BAE7FE4700][000001BAE6C8CC40 49] iPodTouch6, [000001BAE807E900][000001BAE6C9CEC0 49] iPhone7, [000001BAE807E600][000001BAE6C94F00 49] iPodTouch7, [000001BAE7FE4100][000001BAE6E45080 49] iPhone5S, [000001BAE7FC8700][000001BAE6E4D200 49] iPhone6Plus, [000001BAE7FE6500][000001BAE6E51380 49] iPhone6S, [000001BAE7FC9200][000001BAE6E55500 49] iPhone6SPlus, [000001BAE7FE7B00][000001BAE6E59680 49] iPhone7Plus, [000001BAE7FCB700][000001BAE6E5D800 49] iPhoneSE, [000001BAE807EC00][000001BADAEE9980 49] iPhone8, [000001BAE7FC8600][000001BADAEEDB00 49] iPhone8Plus, [000001BAE807E100][000001BADAEF0100 49] iPhoneX, [000001BAE7FCAA00][000001BAE6E48280 49] iPhoneXS, [000001BAE807F200][000001BAE6CA0400 49] iPhoneXSMax, [000001BAE7FCAF00][000001BADAEF4580 49] iPhoneXR, [000001BAE807FB00][000001BADAEF8700 49] iPhone11, [000001BAE7FC9D00][000001BAE6C88880 49] iPhone11Pro, [000001BAE807C600][000001BADAEFCA00 49] iPhone11ProMax, [000001BAE7FCA100][000001BAE6C98B40 49] iPhoneSE2, [000001BAE807FA00][000001BADAF00C80 49] iPhone12Mini, [000001BAE7FCA200][000001BADAF04DC0 49] iPhone12, [000001BAE807C700][000001BADAF08F00 49] iPhone12Pro, [000001BAE7FCA400][000001BAE5BD1080 49] iPhone12ProMax, [000001BAE807D200][000001BAE5BD5200 49] iPadPro105, [000001BAE7FC9900][000001BAE5BD9380 49] iPadPro129, [000001BAE807C400][000001BAE5BDD500 49] iPadPro97, [000001BAE7FCBC00][000001BAE5BE1680 49] iPadPro2_129, [000001BAE807F900][000001BAE5BE5800 49] iPad5, [000001BAE7FC8300][000001BAE5BE9980 49] iPad6, [000001BAE807DB00][000001BAE5BEDB00 49] iPad7, [000001BAE7FCA500][000001BAE5BF0100 49] iPad8, [000001BAE807D700][000001BAE5BF4280 49] iPadPro11, [000001BAE7FCB900][000001BAE5BF8400 49] iPadPro2_11, [000001BAE807D400][000001BADAE82580 49] iPadPro3_129, [000001BAE7FCA300][000001BADAE86700 49] iPadPro4_129, [000001BAE807F700][000001BADAE8A880 49] AppleTV, [000001BAE7FCBB00][000001BADAE8EA00 49] AppleTV4K, [000001BAE807DD00][000001BADAE92B80 49] TVOS, [000001BAE7FC8800][000001BADAE96D00 49] Mac, [000001BAE807E400][000001BADAF0CE40 49] MacClient, [000001BAE7FCAD00][000001BADAE9AF80 49] MacNoEditor, [000001BAE807F500][000001BADAE9F0C0 49] MacServer, [000001BAE7FC8A00][000001BADAEA7240 49] Linux, [000001BAE807EB00][000001BADAEAB3C0 49] LinuxAArch64, [000001BAE7FCA900][000001BADAEAF540 49] LinuxNoEditor, [000001BAE807E500][000001BADAEB36C0 49] LinuxAArch64NoEditor, [000001BAE7FC8D00][000001BADAEB7840 49] LinuxClient, [000001BAE807CD00][000001BADAEBB9C0 49] LinuxAArch64Client, [000001BAE7FC9F00][000001BADAEBFB40 49] LinuxServer, [000001BAE807F100][000001BADAEC2140 49] LinuxAArch64Server, [000001BAE7FC9100][000001BADAEC62C0 49] Android, [000001BAE807EE00][000001BADAECA440 49] Android_Low, [000001BAE7FCB400][000001BADAECE5C0 49] Android_Mid, [000001BAE807E200][000001BADAED2740 49] Android_High, [000001BAE7FC9000][000001BADAED68C0 49] Android_Default, [000001BAE807D300][000001BADAEDAA40 49] Android_Adreno4xx, [000001BAE8026300][000001BADAEDEBC0 49] Android_Adreno5xx_Low, [000001BAE7FE5C00][000001BADAEE2D40 49] Android_Adreno5xx, [000001BAE8027600][000001BAE7440EC0 49] Android_Adreno6xx, [000001BAE7FE6000][000001BADAEA3000 49] Android_Adreno6xx_Vulkan, [000001BAE8024400][000001BAE7445140 49] Android_Mali_T6xx, [000001BAE7FE4F00][000001BAE7449280 49] Android_Mali_T7xx, [000001BAE8025E00][000001BAE744D3C0 49] Android_Mali_T8xx, [000001BAE7FE5F00][000001BAE7455540 49] Android_Mali_G71, [000001BAE8026800][000001BAE74596C0 49] Android_Mali_G72, [000001BAE7FE6F00][000001BAE745D840 49] Android_Mali_G72_Vulkan, [000001BAE8027E00][000001BAE74619C0 49] Android_Mali_G76, [000001BAE7FE6200][000001BAE7465B40 49] Android_Mali_G76_Vulkan, [000001BAE8025D00][000001BAE7468140 49] Android_Mali_G77, [000001BAE7FE6C00][000001BAE746C2C0 49] Android_Mali_G77_Vulkan, [000001BAE8027400][000001BAE7470440 49] Android_Mali_G78, [000001BAE7FE5300][000001BAE74745C0 49] Android_Mali_G78_Vulkan, [000001BAE8025300][000001BAE7478740 49] Android_Mali_G710, [000001BAE7FE4500][000001BAE747C8C0 49] Android_Mali_G710_Vulkan, [000001BAE8024700][000001BAE7480A40 49] Android_Vulkan_SM5, [000001BAE7FE7F00][000001BAE7484BC0 49] Android_PowerVR_G6xxx, [000001BAE8025F00][000001BAE7488D40 49] Android_PowerVR_GT7xxx, [000001BAE7FE7000][000001BAE748CEC0 49] Android_PowerVR_GE8xxx, [000001BAE8027800][000001BAE7491040 49] Android_PowerVR_GM9xxx, [000001BAE7FE6800][000001BAE7451180 49] Android_PowerVR_GM9xxx_Vulkan, [000001BAE8025600][000001BAE74952C0 49] Android_TegraK1, [000001BAE7FE5700][000001BAE7499400 49] Android_Unknown_Vulkan, [000001BAE8027300][000001BAE749D540 49] Lumin, [000001BAE7FE7C00][000001BAE74A56C0 49] Lumin_Desktop, [000001BAE8024E00][000001BAE74A9840 49] HoloLens, 
[2022.02.03-01.26.23:437][  0]LogMeshReduction: Using QuadricMeshReduction for automatic static mesh reduction
[2022.02.03-01.26.23:437][  0]LogMeshReduction: Using SimplygonMeshReduction for automatic skeletal mesh reduction
[2022.02.03-01.26.23:437][  0]LogMeshReduction: Using ProxyLODMeshReduction for automatic mesh merging
[2022.02.03-01.26.23:437][  0]LogMeshReduction: No distributed automatic mesh merging module available
[2022.02.03-01.26.23:437][  0]LogMeshMerging: No distributed automatic mesh merging module available
[2022.02.03-01.26.23:456][  0]LogNetVersion: GunSystem 1.0.0, NetCL: 17155196, EngineNetVer: 17, GameNetVer: 0 (Checksum: 4124387320)
[2022.02.03-01.26.23:801][  0]LogTexture: Default maximum texture size for cubemaps generated from long-lat sources has been changed from 512 to unlimited. In order to preserve old behaiour for '/Engine/MapTemplates/Sky/DaylightAmbientCubemap.DaylightAmbientCubemap', its maximum texture size has been explicitly set to 512.
[2022.02.03-01.26.23:850][  0]LogHMD: PokeAHoleMaterial loaded successfully
[2022.02.03-01.26.23:856][  0]LogUObjectArray: 17178 objects as part of root set at end of initial load.
[2022.02.03-01.26.23:856][  0]LogUObjectAllocator: 4302048 out of 0 bytes used by permanent object pool.
[2022.02.03-01.26.23:856][  0]LogUObjectArray: CloseDisregardForGC: 0/0 objects in disregard for GC pool
[2022.02.03-01.26.24:248][  0]LogNiagaraDebuggerClient: Niagara Debugger Client Initialized | Session: DC025BC84E3987CE6449EDBACC1BD326 | Instance: B099F68546AFC949E072A0BBCFDB9598 (DCF-20052).
[2022.02.03-01.26.24:410][  0]LogPython: Using Python 3.7.7
[2022.02.03-01.26.24:914][  0]LogTcpMessaging: Initializing TcpMessaging bridge
[2022.02.03-01.26.24:922][  0]LogUdpMessaging: Initializing bridge on interface 0.0.0.0:0 to multicast group 230.0.0.1:6666.
[2022.02.03-01.26.25:052][  0]LogLinker: Warning: Failed to load '/Game/FirstPersonCPP/Blueprints/FirstPersonCharacter': Can't find file.
[2022.02.03-01.26.25:053][  0]LogLinker: Warning: Failed to load '/Game/FirstPersonCPP/Blueprints/FirstPersonCharacter': Can't find file.
[2022.02.03-01.26.25:053][  0]LogUObjectGlobals: Warning: Failed to find object 'Class /Game/FirstPersonCPP/Blueprints/FirstPersonCharacter.FirstPersonCharacter_C'
[2022.02.03-01.26.25:053][  0]Error: CDO Constructor (GunSystemGameMode): Failed to find /Game/FirstPersonCPP/Blueprints/FirstPersonCharacter.FirstPersonCharacter_C

[2022.02.03-01.26.25:054][  0]LogUObjectBase: Warning: -------------- Default Property warnings and errors:
[2022.02.03-01.26.25:054][  0]LogUObjectBase: Warning: Error: CDO Constructor (GunSystemGameMode): Failed to find /Game/FirstPersonCPP/Blueprints/FirstPersonCharacter.FirstPersonCharacter_C

[2022.02.03-01.26.29:629][  0]Message dialog closed, result: Ok, title: Message, text: Default Property warnings and errors:
Error: CDO Constructor (GunSystemGameMode): Failed to find /Game/FirstPersonCPP/Blueprints/FirstPersonCharacter.FirstPersonCharacter_C


[2022.02.03-01.26.29:694][  0]LogLinker: Warning: Failed to load '/Game/ThirdPersonBP/DefaultCOntent/ThirdPersonOverview': Can't find file.
[2022.02.03-01.26.29:694][  0]LogLinker: Warning: Failed to load '/Game/ThirdPersonBP/DefaultCOntent/ThirdPersonOverview': Can't find file.
[2022.02.03-01.26.29:694][  0]LogUObjectGlobals: Warning: Failed to find object 'Class /Game/ThirdPersonBP/DefaultCOntent/ThirdPersonOverview.ThirdPersonOverview_C'
[2022.02.03-01.26.29:811][  0]SourceControl: Source control is disabled
[2022.02.03-01.26.29:811][  0]SourceControl: Source control is disabled
[2022.02.03-01.26.29:816][  0]SourceControl: Source control is disabled
[2022.02.03-01.26.29:821][  0]SourceControl: Source control is disabled
[2022.02.03-01.26.29:839][  0]SourceControl: Source control is disabled
[2022.02.03-01.26.29:850][  0]LogUProjectInfo: Found projects:
[2022.02.03-01.26.30:148][  0]LogOpenImageDenoise: OIDN starting up
[2022.02.03-01.26.30:190][  0]LogAndroidPermission: UAndroidPermissionCallbackProxy::GetInstance
[2022.02.03-01.26.30:221][  0]LogAudioCaptureCore: Display: No Audio Capture implementations found. Audio input will be silent.
[2022.02.03-01.26.30:221][  0]LogAudioCaptureCore: Display: No Audio Capture implementations found. Audio input will be silent.
[2022.02.03-01.26.30:358][  0]LogCollectionManager: Loaded 0 collections in 0.000814 seconds
[2022.02.03-01.26.30:390][  0]LogFileCache: Scanning file cache for directory 'C:/Users/cf/source/repos/School/UnrealFPSGunSystem/GunSystem/Saved/Collections/' took 0.00s
[2022.02.03-01.26.30:390][  0]LogFileCache: Scanning file cache for directory 'C:/Users/cf/source/repos/School/UnrealFPSGunSystem/GunSystem/Content/Developers/cf/Collections/' took 0.00s
[2022.02.03-01.26.30:390][  0]LogFileCache: Scanning file cache for directory 'C:/Users/cf/source/repos/School/UnrealFPSGunSystem/GunSystem/Content/Collections/' took 0.00s
[2022.02.03-01.26.30:390][  0]LogOcInput: OculusInput pre-init called
[2022.02.03-01.26.30:603][  0]LogEngine: Initializing Engine...
[2022.02.03-01.26.30:691][  0]LogHMD: Failed to initialize OpenVR with code 108
[2022.02.03-01.26.30:711][  0]LogHMD: Optional extension XR_VARJO_quad_views is not available
[2022.02.03-01.26.30:711][  0]LogHMD: Warning: Required extension XR_EXT_eye_gaze_interaction is not available
[2022.02.03-01.26.30:711][  0]LogHMD: Could not enable all required OpenXR extensions for OpenXREyeTracker on current system. This plugin will be loaded but ignored, but will be enabled on a target platform that supports the required extension.
[2022.02.03-01.26.30:749][  0]LogHMD: Failed to create an OpenXR instance, result is XR_ERROR_RUNTIME_FAILURE. Please check if you have an OpenXR runtime installed. The following extensions were enabled:
[2022.02.03-01.26.30:749][  0]LogHMD: - XR_KHR_D3D11_enable
[2022.02.03-01.26.30:749][  0]LogHMD: - XR_KHR_D3D12_enable
[2022.02.03-01.26.30:749][  0]LogHMD: - XR_KHR_opengl_enable
[2022.02.03-01.26.30:749][  0]LogHMD: - XR_KHR_vulkan_enable
[2022.02.03-01.26.30:749][  0]LogHMD: - XR_KHR_composition_layer_depth
[2022.02.03-01.26.30:749][  0]LogHMD: - XR_KHR_visibility_mask
[2022.02.03-01.26.30:749][  0]LogHMD: - XR_EXT_hand_tracking
[2022.02.03-01.26.30:749][  0]LogMagicLeap: Warning: VR disabled because ZI is not enabled.  To enable, in the editor, Edit -> Project Settings -> Plugins -> Magic Leap Plugin -> Enable Zero Iteration
[2022.02.03-01.26.30:750][  0]LogStats: UGameplayTagsManager::InitializeManager -  0.000 s
[2022.02.03-01.26.30:864][  0]LogInit: Initializing FReadOnlyCVARCache
[2022.02.03-01.26.30:873][  0]LogAIModule: Creating AISystem for world Untitled
[2022.02.03-01.26.30:873][  0]LogAudio: Display: Initializing Audio Device Manager...
[2022.02.03-01.26.30:878][  0]LogAudio: Display: Loading Default Audio Settings Objects...
[2022.02.03-01.26.30:879][  0]LogAudio: Display: No default SoundConcurrencyObject specified (or failed to load).
[2022.02.03-01.26.30:879][  0]LogAudio: Display: Audio Device Manager Initialized
[2022.02.03-01.26.30:880][  0]LogAudio: Display: Creating Audio Device:                 Id: 1, Scope: Shared, Realtime: True
[2022.02.03-01.26.30:880][  0]LogAudioMixer: Display: Audio Mixer Platform Settings:
[2022.02.03-01.26.30:880][  0]LogAudioMixer: Display: 	Sample Rate:						  48000
[2022.02.03-01.26.30:880][  0]LogAudioMixer: Display: 	Callback Buffer Frame Size Requested: 1024
[2022.02.03-01.26.30:880][  0]LogAudioMixer: Display: 	Callback Buffer Frame Size To Use:	  1024
[2022.02.03-01.26.30:880][  0]LogAudioMixer: Display: 	Number of buffers to queue:			  2
[2022.02.03-01.26.30:880][  0]LogAudioMixer: Display: 	Max Channels (voices):				  32
[2022.02.03-01.26.30:880][  0]LogAudioMixer: Display: 	Number of Async Source Workers:		  0
[2022.02.03-01.26.30:880][  0]LogAudio: Display: AudioDevice MaxSources: 32
[2022.02.03-01.26.30:880][  0]LogAudio: Display: Audio Spatialization Plugin: None (built-in).
[2022.02.03-01.26.30:880][  0]LogAudio: Display: Audio Reverb Plugin: None (built-in).
[2022.02.03-01.26.30:880][  0]LogAudio: Display: Audio Occlusion Plugin: None (built-in).
[2022.02.03-01.26.30:881][  0]LogAudioMixer: Display: Initializing audio mixer.
[2022.02.03-01.26.30:919][  0]LogAudioMixer: Display: 0: FrontLeft
[2022.02.03-01.26.30:919][  0]LogAudioMixer: Display: 1: FrontRight
[2022.02.03-01.26.30:950][  0]LogAudioMixer: Display: Using Audio Device Speakers (Realtek(R) Audio)
[2022.02.03-01.26.30:951][  0]LogAudioMixer: Display: Initializing Sound Submixes...
[2022.02.03-01.26.30:953][  0]LogAudioMixer: Display: Creating Master Submix 'MasterSubmixDefault'
[2022.02.03-01.26.30:953][  0]LogAudioMixer: Display: Creating Master Submix 'MasterReverbSubmixDefault'
[2022.02.03-01.26.30:954][  0]LogAudioMixer: Display: Creating Master Submix 'MasterEQSubmixDefault'
[2022.02.03-01.26.30:954][  0]LogAudioMixer: FMixerPlatformXAudio2::StartAudioStream() called
[2022.02.03-01.26.30:955][  0]LogAudioMixer: Display: Output buffers initialized: Frames=1024, Channels=2, Samples=2048
[2022.02.03-01.26.30:956][  0]LogAudioMixer: Display: Starting AudioMixerPlatformInterface::RunInternal()
[2022.02.03-01.26.30:956][  0]LogAudioMixer: Display: FMixerPlatformXAudio2::SubmitBuffer() called for the first time
[2022.02.03-01.26.30:956][  0]LogInit: FAudioDevice initialized.
[2022.02.03-01.26.30:956][  0]LogAudio: Display: Audio Device (ID: 1) registered with world 'Untitled'.
[2022.02.03-01.26.30:957][  0]LogNetVersion: Set ProjectVersion to 1.0.0.0. Version Checksum will be recalculated on next use.
[2022.02.03-01.26.31:051][  0]LogDerivedDataCache: Saved boot cache 0.09s 115MB C:/Users/cf/AppData/Local/UnrealEngine/4.27/DerivedDataCache/Boot.ddc.
[2022.02.03-01.26.31:055][  0]LogInit: Texture streaming: Enabled
[2022.02.03-01.26.31:073][  0]LogAnalytics: Display: [UEEditor.Rocket.Release] APIServer = https://datarouter.ol.epicgames.com/. AppVersion = 4.27.2-18319896+++UE4+Release-4.27
[2022.02.03-01.26.31:079][  0]LogEngineSessionManager: EngineSessionManager initialized
[2022.02.03-01.26.31:080][  0]LogEngineSessionManager: EngineSessionManager sent abnormal shutdown report. Type=Crashed, SessionId={0EFAD7F8-42E9-CA5A-361F-3CAAD6809985}
[2022.02.03-01.26.31:080][  0]LogEditorSessionSummary: Verbose: Initializing EditorSessionSummaryWriter for editor session tracking
[2022.02.03-01.26.31:081][  0]LogEditorSessionSummary: EditorSessionSummaryWriter initialized
[2022.02.03-01.26.31:106][  0]LogInit: Transaction tracking system initialized
[2022.02.03-01.26.31:136][  0]BlueprintLog: New page: Editor Load
[2022.02.03-01.26.31:219][  0]LocalizationService: Localization service is disabled
[2022.02.03-01.26.31:249][  0]TimingProfiler: Initialize
[2022.02.03-01.26.31:250][  0]TimingProfiler: OnSessionChanged
[2022.02.03-01.26.31:250][  0]LoadingProfiler: Initialize
[2022.02.03-01.26.31:250][  0]LoadingProfiler: OnSessionChanged
[2022.02.03-01.26.31:250][  0]NetworkingProfiler: Initialize
[2022.02.03-01.26.31:250][  0]NetworkingProfiler: OnSessionChanged
[2022.02.03-01.26.31:250][  0]MemoryProfiler: Initialize
[2022.02.03-01.26.31:250][  0]MemoryProfiler: OnSessionChanged
[2022.02.03-01.26.31:415][  0]LogCook: Display: CookSettings for Memory: MemoryMaxUsedVirtual 0MiB, MemoryMaxUsedPhysical 16384MiB, MemoryMinFreeVirtual 0MiB, MemoryMinFreePhysical 1024MiB
[2022.02.03-01.26.31:415][  0]LogCook: Display: Mobile HDR setting 1
[2022.02.03-01.26.31:657][  0]LogFileCache: Scanning file cache for directory 'C:/Users/cf/source/repos/School/UnrealFPSGunSystem/GunSystem/Content/' took 0.00s
[2022.02.03-01.26.31:800][  0]LogInit: Display: Engine is initialized. Leaving FEngineLoop::Init()
[2022.02.03-01.26.31:802][  0]SourceControl: Source control is disabled
[2022.02.03-01.26.31:903][  0]LogSlate: Took 0.000206 seconds to synchronously load lazily loaded font '../../../Engine/Content/Slate/Fonts/Roboto-Regular.ttf' (155K)
[2022.02.03-01.26.35:519][  0]LogSlate: Window 'Restore Packages' being destroyed
[2022.02.03-01.26.35:520][  0]LogWindowsTextInputMethodSystem: Display: IME system deactivated.
[2022.02.03-01.26.35:538][  0]LogUnrealEdMisc: Loading editor; pre map load, took 16.862
[2022.02.03-01.26.35:539][  0]Cmd: MAP LOAD FILE="C:/Users/cf/source/repos/School/UnrealFPSGunSystem/GunSystem/Content/DafaultContent/FirstPersonCPP/Maps/FirstPersonExampleMap.umap" TEMPLATE=0 SHOWPROGRESS=1 FEATURELEVEL=3
[2022.02.03-01.26.35:541][  0]LightingResults: New page: Lighting Build
[2022.02.03-01.26.35:543][  0]LogWorld: UWorld::CleanupWorld for Untitled, bSessionEnded=true, bCleanupResources=true
[2022.02.03-01.26.35:543][  0]LogSlate: InvalidateAllWidgets triggered.  All widgets were invalidated
[2022.02.03-01.26.35:544][  0]MapCheck: New page: Map Check
[2022.02.03-01.26.35:544][  0]LightingResults: New page: Lighting Build
[2022.02.03-01.26.35:564][  0]LogAudio: Display: Audio Device unregistered from world 'None'.
[2022.02.03-01.26.35:571][  0]LogUObjectHash: Compacting FUObjectHashTables data took   0.93ms
[2022.02.03-01.26.35:633][  0]LogAudio: Display: Audio Device (ID: 1) registered with world 'FirstPersonExampleMap'.
[2022.02.03-01.26.35:634][  0]LogAIModule: Creating AISystem for world FirstPersonExampleMap
[2022.02.03-01.26.35:641][  0]LogEditorServer: Finished looking for orphan Actors (0.000 secs)
[2022.02.03-01.26.35:650][  0]LogUObjectHash: Compacting FUObjectHashTables data took   0.91ms
[2022.02.03-01.26.35:652][  0]Cmd: MAP CHECKDEP NOCLEARLOG
[2022.02.03-01.26.35:652][  0]MapCheck: Map check complete: 0 Error(s), 0 Warning(s), took 0.287ms to complete.
[2022.02.03-01.26.35:652][  0]LogFileHelpers: Loading map 'FirstPersonExampleMap' took 0.113
[2022.02.03-01.26.35:655][  0]LogUnrealEdMisc: Total Editor Startup Time, took 16.979
[2022.02.03-01.26.35:700][  0]LogWindowsTextInputMethodSystem: Display: IME system deactivated.
[2022.02.03-01.26.35:747][  0]LogSlate: Updating window title bar state: overlay mode, drag disabled, window buttons hidden, title bar hidden
[2022.02.03-01.26.35:753][  0]LogSlate: Updating window title bar state: overlay mode, drag disabled, window buttons hidden, title bar hidden
[2022.02.03-01.26.35:760][  0]LogSlate: Updating window title bar state: overlay mode, drag disabled, window buttons hidden, title bar hidden
[2022.02.03-01.26.35:766][  0]LogSlate: Updating window title bar state: overlay mode, drag disabled, window buttons hidden, title bar hidden
[2022.02.03-01.26.35:782][  0]LogNativeClassHierarchy: Verbose: Native class hierarchy populated in 0.0096 seconds. Added 3828 classes and 931 folders.
[2022.02.03-01.26.35:786][  0]LogNativeClassHierarchy: Verbose: Native class hierarchy updated for 'WidgetCarousel' in 0.0002 seconds. Added 0 classes and 0 folders.
[2022.02.03-01.26.35:788][  0]LogPakFile: PakFile PrimaryIndexSize=187
[2022.02.03-01.26.35:788][  0]LogPakFile: PakFile PathHashIndexSize=101
[2022.02.03-01.26.35:788][  0]LogPakFile: PakFile FullDirectoryIndexSize=148
[2022.02.03-01.26.35:788][  0]LogShaderLibrary: Display: ShaderCodeLibraryPakFileMountedCallback: PakFile 'E:/EpicGames/UE_4.27/FeaturePacks/FP_FirstPerson.upack' (chunk index -1, root 'root:/') mounted
[2022.02.03-01.26.35:788][  0]LogShaderLibrary: Display: ShaderCodeLibraryPakFileMountedCallback: pending pak file info (ChunkID:-1 Root:root:/ File:E:/EpicGames/UE_4.27/FeaturePacks/FP_FirstPerson.upack)
[2022.02.03-01.26.35:788][  0]LogPakFile: OnPakFileMounted2Time == 0.000139
[2022.02.03-01.26.35:789][  0]LogPakFile: PakFile PrimaryIndexSize=189
[2022.02.03-01.26.35:789][  0]LogPakFile: PakFile PathHashIndexSize=101
[2022.02.03-01.26.35:789][  0]LogPakFile: PakFile FullDirectoryIndexSize=152
[2022.02.03-01.26.35:789][  0]LogShaderLibrary: Display: ShaderCodeLibraryPakFileMountedCallback: PakFile 'E:/EpicGames/UE_4.27/FeaturePacks/FP_FirstPersonBP.upack' (chunk index -1, root 'root:/') mounted
[2022.02.03-01.26.35:789][  0]LogShaderLibrary: Display: ShaderCodeLibraryPakFileMountedCallback: pending pak file info (ChunkID:-1 Root:root:/ File:E:/EpicGames/UE_4.27/FeaturePacks/FP_FirstPersonBP.upack)
[2022.02.03-01.26.35:789][  0]LogPakFile: OnPakFileMounted2Time == 0.000131
[2022.02.03-01.26.35:790][  0]LogPakFile: PakFile PrimaryIndexSize=191
[2022.02.03-01.26.35:790][  0]LogPakFile: PakFile PathHashIndexSize=101
[2022.02.03-01.26.35:790][  0]LogPakFile: PakFile FullDirectoryIndexSize=160
[2022.02.03-01.26.35:790][  0]LogShaderLibrary: Display: ShaderCodeLibraryPakFileMountedCallback: PakFile 'E:/EpicGames/UE_4.27/FeaturePacks/MobileStarterContent.upack' (chunk index -1, root 'root:/') mounted
[2022.02.03-01.26.35:790][  0]LogShaderLibrary: Display: ShaderCodeLibraryPakFileMountedCallback: pending pak file info (ChunkID:-1 Root:root:/ File:E:/EpicGames/UE_4.27/FeaturePacks/MobileStarterContent.upack)
[2022.02.03-01.26.35:790][  0]LogPakFile: OnPakFileMounted2Time == 0.000101
[2022.02.03-01.26.35:791][  0]LogPakFile: PakFile PrimaryIndexSize=185
[2022.02.03-01.26.35:791][  0]LogPakFile: PakFile PathHashIndexSize=101
[2022.02.03-01.26.35:791][  0]LogPakFile: PakFile FullDirectoryIndexSize=148
[2022.02.03-01.26.35:791][  0]LogShaderLibrary: Display: ShaderCodeLibraryPakFileMountedCallback: PakFile 'E:/EpicGames/UE_4.27/FeaturePacks/StarterContent.upack' (chunk index -1, root 'root:/') mounted
[2022.02.03-01.26.35:791][  0]LogShaderLibrary: Display: ShaderCodeLibraryPakFileMountedCallback: pending pak file info (ChunkID:-1 Root:root:/ File:E:/EpicGames/UE_4.27/FeaturePacks/StarterContent.upack)
[2022.02.03-01.26.35:791][  0]LogPakFile: OnPakFileMounted2Time == 0.000106
[2022.02.03-01.26.35:792][  0]LogPakFile: PakFile PrimaryIndexSize=190
[2022.02.03-01.26.35:792][  0]LogPakFile: PakFile PathHashIndexSize=101
[2022.02.03-01.26.35:792][  0]LogPakFile: PakFile FullDirectoryIndexSize=154
[2022.02.03-01.26.35:792][  0]LogShaderLibrary: Display: ShaderCodeLibraryPakFileMountedCallback: PakFile 'E:/EpicGames/UE_4.27/FeaturePacks/TP_2DSideScroller.upack' (chunk index -1, root 'root:/') mounted
[2022.02.03-01.26.35:792][  0]LogShaderLibrary: Display: ShaderCodeLibraryPakFileMountedCallback: pending pak file info (ChunkID:-1 Root:root:/ File:E:/EpicGames/UE_4.27/FeaturePacks/TP_2DSideScroller.upack)
[2022.02.03-01.26.35:792][  0]LogPakFile: OnPakFileMounted2Time == 0.000118
[2022.02.03-01.26.35:793][  0]LogPakFile: PakFile PrimaryIndexSize=192
[2022.02.03-01.26.35:793][  0]LogPakFile: PakFile PathHashIndexSize=101
[2022.02.03-01.26.35:793][  0]LogPakFile: PakFile FullDirectoryIndexSize=158
[2022.02.03-01.26.35:793][  0]LogShaderLibrary: Display: ShaderCodeLibraryPakFileMountedCallback: PakFile 'E:/EpicGames/UE_4.27/FeaturePacks/TP_2DSideScrollerBP.upack' (chunk index -1, root 'root:/') mounted
[2022.02.03-01.26.35:793][  0]LogShaderLibrary: Display: ShaderCodeLibraryPakFileMountedCallback: pending pak file info (ChunkID:-1 Root:root:/ File:E:/EpicGames/UE_4.27/FeaturePacks/TP_2DSideScrollerBP.upack)
[2022.02.03-01.26.35:793][  0]LogPakFile: OnPakFileMounted2Time == 0.000109
[2022.02.03-01.26.35:794][  0]LogPakFile: PakFile PrimaryIndexSize=182
[2022.02.03-01.26.35:794][  0]LogPakFile: PakFile PathHashIndexSize=101
[2022.02.03-01.26.35:794][  0]LogPakFile: PakFile FullDirectoryIndexSize=138
[2022.02.03-01.26.35:794][  0]LogShaderLibrary: Display: ShaderCodeLibraryPakFileMountedCallback: PakFile 'E:/EpicGames/UE_4.27/FeaturePacks/TP_Flying.upack' (chunk index -1, root 'root:/') mounted
[2022.02.03-01.26.35:794][  0]LogShaderLibrary: Display: ShaderCodeLibraryPakFileMountedCallback: pending pak file info (ChunkID:-1 Root:root:/ File:E:/EpicGames/UE_4.27/FeaturePacks/TP_Flying.upack)
[2022.02.03-01.26.35:794][  0]LogPakFile: OnPakFileMounted2Time == 0.000120
[2022.02.03-01.26.35:795][  0]LogPakFile: PakFile PrimaryIndexSize=184
[2022.02.03-01.26.35:795][  0]LogPakFile: PakFile PathHashIndexSize=101
[2022.02.03-01.26.35:795][  0]LogPakFile: PakFile FullDirectoryIndexSize=142
[2022.02.03-01.26.35:795][  0]LogShaderLibrary: Display: ShaderCodeLibraryPakFileMountedCallback: PakFile 'E:/EpicGames/UE_4.27/FeaturePacks/TP_FlyingBP.upack' (chunk index -1, root 'root:/') mounted
[2022.02.03-01.26.35:795][  0]LogShaderLibrary: Display: ShaderCodeLibraryPakFileMountedCallback: pending pak file info (ChunkID:-1 Root:root:/ File:E:/EpicGames/UE_4.27/FeaturePacks/TP_FlyingBP.upack)
[2022.02.03-01.26.35:795][  0]LogPakFile: OnPakFileMounted2Time == 0.000177
[2022.02.03-01.26.35:796][  0]LogPakFile: PakFile PrimaryIndexSize=188
[2022.02.03-01.26.35:796][  0]LogPakFile: PakFile PathHashIndexSize=101
[2022.02.03-01.26.35:796][  0]LogPakFile: PakFile FullDirectoryIndexSize=150
[2022.02.03-01.26.35:796][  0]LogShaderLibrary: Display: ShaderCodeLibraryPakFileMountedCallback: PakFile 'E:/EpicGames/UE_4.27/FeaturePacks/TP_HandheldARBP.upack' (chunk index -1, root 'root:/') mounted
[2022.02.03-01.26.35:796][  0]LogShaderLibrary: Display: ShaderCodeLibraryPakFileMountedCallback: pending pak file info (ChunkID:-1 Root:root:/ File:E:/EpicGames/UE_4.27/FeaturePacks/TP_HandheldARBP.upack)
[2022.02.03-01.26.35:796][  0]LogPakFile: OnPakFileMounted2Time == 0.000150
[2022.02.03-01.26.35:797][  0]LogPakFile: PakFile PrimaryIndexSize=182
[2022.02.03-01.26.35:797][  0]LogPakFile: PakFile PathHashIndexSize=101
[2022.02.03-01.26.35:797][  0]LogPakFile: PakFile FullDirectoryIndexSize=138
[2022.02.03-01.26.35:797][  0]LogShaderLibrary: Display: ShaderCodeLibraryPakFileMountedCallback: PakFile 'E:/EpicGames/UE_4.27/FeaturePacks/TP_Puzzle.upack' (chunk index -1, root 'root:/') mounted
[2022.02.03-01.26.35:797][  0]LogShaderLibrary: Display: ShaderCodeLibraryPakFileMountedCallback: pending pak file info (ChunkID:-1 Root:root:/ File:E:/EpicGames/UE_4.27/FeaturePacks/TP_Puzzle.upack)
[2022.02.03-01.26.35:797][  0]LogPakFile: OnPakFileMounted2Time == 0.000105
[2022.02.03-01.26.35:798][  0]LogPakFile: PakFile PrimaryIndexSize=184
[2022.02.03-01.26.35:798][  0]LogPakFile: PakFile PathHashIndexSize=101
[2022.02.03-01.26.35:798][  0]LogPakFile: PakFile FullDirectoryIndexSize=142
[2022.02.03-01.26.35:798][  0]LogShaderLibrary: Display: ShaderCodeLibraryPakFileMountedCallback: PakFile 'E:/EpicGames/UE_4.27/FeaturePacks/TP_PuzzleBP.upack' (chunk index -1, root 'root:/') mounted
[2022.02.03-01.26.35:798][  0]LogShaderLibrary: Display: ShaderCodeLibraryPakFileMountedCallback: pending pak file info (ChunkID:-1 Root:root:/ File:E:/EpicGames/UE_4.27/FeaturePacks/TP_PuzzleBP.upack)
[2022.02.03-01.26.35:798][  0]LogPakFile: OnPakFileMounted2Time == 0.000119
[2022.02.03-01.26.35:799][  0]LogPakFile: PakFile PrimaryIndexSize=183
[2022.02.03-01.26.35:799][  0]LogPakFile: PakFile PathHashIndexSize=101
[2022.02.03-01.26.35:799][  0]LogPakFile: PakFile FullDirectoryIndexSize=140
[2022.02.03-01.26.35:799][  0]LogShaderLibrary: Display: ShaderCodeLibraryPakFileMountedCallback: PakFile 'E:/EpicGames/UE_4.27/FeaturePacks/TP_Rolling.upack' (chunk index -1, root 'root:/') mounted
[2022.02.03-01.26.35:799][  0]LogShaderLibrary: Display: ShaderCodeLibraryPakFileMountedCallback: pending pak file info (ChunkID:-1 Root:root:/ File:E:/EpicGames/UE_4.27/FeaturePacks/TP_Rolling.upack)
[2022.02.03-01.26.35:799][  0]LogPakFile: OnPakFileMounted2Time == 0.000110
[2022.02.03-01.26.35:800][  0]LogPakFile: PakFile PrimaryIndexSize=185
[2022.02.03-01.26.35:800][  0]LogPakFile: PakFile PathHashIndexSize=101
[2022.02.03-01.26.35:800][  0]LogPakFile: PakFile FullDirectoryIndexSize=144
[2022.02.03-01.26.35:800][  0]LogShaderLibrary: Display: ShaderCodeLibraryPakFileMountedCallback: PakFile 'E:/EpicGames/UE_4.27/FeaturePacks/TP_RollingBP.upack' (chunk index -1, root 'root:/') mounted
[2022.02.03-01.26.35:800][  0]LogShaderLibrary: Display: ShaderCodeLibraryPakFileMountedCallback: pending pak file info (ChunkID:-1 Root:root:/ File:E:/EpicGames/UE_4.27/FeaturePacks/TP_RollingBP.upack)
[2022.02.03-01.26.35:800][  0]LogPakFile: OnPakFileMounted2Time == 0.000132
[2022.02.03-01.26.35:800][  0]LogPakFile: PakFile PrimaryIndexSize=188
[2022.02.03-01.26.35:801][  0]LogPakFile: PakFile PathHashIndexSize=101
[2022.02.03-01.26.35:801][  0]LogPakFile: PakFile FullDirectoryIndexSize=150
[2022.02.03-01.26.35:801][  0]LogShaderLibrary: Display: ShaderCodeLibraryPakFileMountedCallback: PakFile 'E:/EpicGames/UE_4.27/FeaturePacks/TP_SideScroller.upack' (chunk index -1, root 'root:/') mounted
[2022.02.03-01.26.35:801][  0]LogShaderLibrary: Display: ShaderCodeLibraryPakFileMountedCallback: pending pak file info (ChunkID:-1 Root:root:/ File:E:/EpicGames/UE_4.27/FeaturePacks/TP_SideScroller.upack)
[2022.02.03-01.26.35:801][  0]LogPakFile: OnPakFileMounted2Time == 0.000114
[2022.02.03-01.26.35:801][  0]LogPakFile: PakFile PrimaryIndexSize=190
[2022.02.03-01.26.35:801][  0]LogPakFile: PakFile PathHashIndexSize=101
[2022.02.03-01.26.35:802][  0]LogPakFile: PakFile FullDirectoryIndexSize=154
[2022.02.03-01.26.35:802][  0]LogShaderLibrary: Display: ShaderCodeLibraryPakFileMountedCallback: PakFile 'E:/EpicGames/UE_4.27/FeaturePacks/TP_SideScrollerBP.upack' (chunk index -1, root 'root:/') mounted
[2022.02.03-01.26.35:802][  0]LogShaderLibrary: Display: ShaderCodeLibraryPakFileMountedCallback: pending pak file info (ChunkID:-1 Root:root:/ File:E:/EpicGames/UE_4.27/FeaturePacks/TP_SideScrollerBP.upack)
[2022.02.03-01.26.35:802][  0]LogPakFile: OnPakFileMounted2Time == 0.000110
[2022.02.03-01.26.35:802][  0]LogPakFile: PakFile PrimaryIndexSize=187
[2022.02.03-01.26.35:802][  0]LogPakFile: PakFile PathHashIndexSize=101
[2022.02.03-01.26.35:802][  0]LogPakFile: PakFile FullDirectoryIndexSize=148
[2022.02.03-01.26.35:802][  0]LogShaderLibrary: Display: ShaderCodeLibraryPakFileMountedCallback: PakFile 'E:/EpicGames/UE_4.27/FeaturePacks/TP_ThirdPerson.upack' (chunk index -1, root 'root:/') mounted
[2022.02.03-01.26.35:802][  0]LogShaderLibrary: Display: ShaderCodeLibraryPakFileMountedCallback: pending pak file info (ChunkID:-1 Root:root:/ File:E:/EpicGames/UE_4.27/FeaturePacks/TP_ThirdPerson.upack)
[2022.02.03-01.26.35:803][  0]LogPakFile: OnPakFileMounted2Time == 0.000113
[2022.02.03-01.26.35:803][  0]LogPakFile: PakFile PrimaryIndexSize=189
[2022.02.03-01.26.35:803][  0]LogPakFile: PakFile PathHashIndexSize=101
[2022.02.03-01.26.35:803][  0]LogPakFile: PakFile FullDirectoryIndexSize=152
[2022.02.03-01.26.35:803][  0]LogShaderLibrary: Display: ShaderCodeLibraryPakFileMountedCallback: PakFile 'E:/EpicGames/UE_4.27/FeaturePacks/TP_ThirdPersonBP.upack' (chunk index -1, root 'root:/') mounted
[2022.02.03-01.26.35:803][  0]LogShaderLibrary: Display: ShaderCodeLibraryPakFileMountedCallback: pending pak file info (ChunkID:-1 Root:root:/ File:E:/EpicGames/UE_4.27/FeaturePacks/TP_ThirdPersonBP.upack)
[2022.02.03-01.26.35:803][  0]LogPakFile: OnPakFileMounted2Time == 0.000117
[2022.02.03-01.26.35:804][  0]LogPakFile: PakFile PrimaryIndexSize=183
[2022.02.03-01.26.35:804][  0]LogPakFile: PakFile PathHashIndexSize=101
[2022.02.03-01.26.35:804][  0]LogPakFile: PakFile FullDirectoryIndexSize=140
[2022.02.03-01.26.35:804][  0]LogShaderLibrary: Display: ShaderCodeLibraryPakFileMountedCallback: PakFile 'E:/EpicGames/UE_4.27/FeaturePacks/TP_TopDown.upack' (chunk index -1, root 'root:/') mounted
[2022.02.03-01.26.35:804][  0]LogShaderLibrary: Display: ShaderCodeLibraryPakFileMountedCallback: pending pak file info (ChunkID:-1 Root:root:/ File:E:/EpicGames/UE_4.27/FeaturePacks/TP_TopDown.upack)
[2022.02.03-01.26.35:804][  0]LogPakFile: OnPakFileMounted2Time == 0.000117
[2022.02.03-01.26.35:805][  0]LogPakFile: PakFile PrimaryIndexSize=185
[2022.02.03-01.26.35:805][  0]LogPakFile: PakFile PathHashIndexSize=101
[2022.02.03-01.26.35:805][  0]LogPakFile: PakFile FullDirectoryIndexSize=144
[2022.02.03-01.26.35:805][  0]LogShaderLibrary: Display: ShaderCodeLibraryPakFileMountedCallback: PakFile 'E:/EpicGames/UE_4.27/FeaturePacks/TP_TopDownBP.upack' (chunk index -1, root 'root:/') mounted
[2022.02.03-01.26.35:805][  0]LogShaderLibrary: Display: ShaderCodeLibraryPakFileMountedCallback: pending pak file info (ChunkID:-1 Root:root:/ File:E:/EpicGames/UE_4.27/FeaturePacks/TP_TopDownBP.upack)
[2022.02.03-01.26.35:805][  0]LogPakFile: OnPakFileMounted2Time == 0.000112
[2022.02.03-01.26.35:806][  0]LogPakFile: PakFile PrimaryIndexSize=185
[2022.02.03-01.26.35:806][  0]LogPakFile: PakFile PathHashIndexSize=101
[2022.02.03-01.26.35:806][  0]LogPakFile: PakFile FullDirectoryIndexSize=144
[2022.02.03-01.26.35:806][  0]LogShaderLibrary: Display: ShaderCodeLibraryPakFileMountedCallback: PakFile 'E:/EpicGames/UE_4.27/FeaturePacks/TP_TwinStick.upack' (chunk index -1, root 'root:/') mounted
[2022.02.03-01.26.35:806][  0]LogShaderLibrary: Display: ShaderCodeLibraryPakFileMountedCallback: pending pak file info (ChunkID:-1 Root:root:/ File:E:/EpicGames/UE_4.27/FeaturePacks/TP_TwinStick.upack)
[2022.02.03-01.26.35:806][  0]LogPakFile: OnPakFileMounted2Time == 0.000198
[2022.02.03-01.26.35:807][  0]LogPakFile: PakFile PrimaryIndexSize=187
[2022.02.03-01.26.35:807][  0]LogPakFile: PakFile PathHashIndexSize=101
[2022.02.03-01.26.35:807][  0]LogPakFile: PakFile FullDirectoryIndexSize=148
[2022.02.03-01.26.35:807][  0]LogShaderLibrary: Display: ShaderCodeLibraryPakFileMountedCallback: PakFile 'E:/EpicGames/UE_4.27/FeaturePacks/TP_TwinStickBP.upack' (chunk index -1, root 'root:/') mounted
[2022.02.03-01.26.35:807][  0]LogShaderLibrary: Display: ShaderCodeLibraryPakFileMountedCallback: pending pak file info (ChunkID:-1 Root:root:/ File:E:/EpicGames/UE_4.27/FeaturePacks/TP_TwinStickBP.upack)
[2022.02.03-01.26.35:807][  0]LogPakFile: OnPakFileMounted2Time == 0.000154
[2022.02.03-01.26.35:808][  0]LogPakFile: PakFile PrimaryIndexSize=183
[2022.02.03-01.26.35:808][  0]LogPakFile: PakFile PathHashIndexSize=101
[2022.02.03-01.26.35:808][  0]LogPakFile: PakFile FullDirectoryIndexSize=140
[2022.02.03-01.26.35:808][  0]LogShaderLibrary: Display: ShaderCodeLibraryPakFileMountedCallback: PakFile 'E:/EpicGames/UE_4.27/FeaturePacks/TP_Vehicle.upack' (chunk index -1, root 'root:/') mounted
[2022.02.03-01.26.35:808][  0]LogShaderLibrary: Display: ShaderCodeLibraryPakFileMountedCallback: pending pak file info (ChunkID:-1 Root:root:/ File:E:/EpicGames/UE_4.27/FeaturePacks/TP_Vehicle.upack)
[2022.02.03-01.26.35:808][  0]LogPakFile: OnPakFileMounted2Time == 0.000125
[2022.02.03-01.26.35:809][  0]LogPakFile: PakFile PrimaryIndexSize=186
[2022.02.03-01.26.35:809][  0]LogPakFile: PakFile PathHashIndexSize=101
[2022.02.03-01.26.35:809][  0]LogPakFile: PakFile FullDirectoryIndexSize=146
[2022.02.03-01.26.35:809][  0]LogShaderLibrary: Display: ShaderCodeLibraryPakFileMountedCallback: PakFile 'E:/EpicGames/UE_4.27/FeaturePacks/TP_VehicleAdv.upack' (chunk index -1, root 'root:/') mounted
[2022.02.03-01.26.35:809][  0]LogShaderLibrary: Display: ShaderCodeLibraryPakFileMountedCallback: pending pak file info (ChunkID:-1 Root:root:/ File:E:/EpicGames/UE_4.27/FeaturePacks/TP_VehicleAdv.upack)
[2022.02.03-01.26.35:809][  0]LogPakFile: OnPakFileMounted2Time == 0.000106
[2022.02.03-01.26.35:810][  0]LogPakFile: PakFile PrimaryIndexSize=188
[2022.02.03-01.26.35:810][  0]LogPakFile: PakFile PathHashIndexSize=101
[2022.02.03-01.26.35:810][  0]LogPakFile: PakFile FullDirectoryIndexSize=150
[2022.02.03-01.26.35:810][  0]LogShaderLibrary: Display: ShaderCodeLibraryPakFileMountedCallback: PakFile 'E:/EpicGames/UE_4.27/FeaturePacks/TP_VehicleAdvBP.upack' (chunk index -1, root 'root:/') mounted
[2022.02.03-01.26.35:810][  0]LogShaderLibrary: Display: ShaderCodeLibraryPakFileMountedCallback: pending pak file info (ChunkID:-1 Root:root:/ File:E:/EpicGames/UE_4.27/FeaturePacks/TP_VehicleAdvBP.upack)
[2022.02.03-01.26.35:810][  0]LogPakFile: OnPakFileMounted2Time == 0.000110
[2022.02.03-01.26.35:811][  0]LogPakFile: PakFile PrimaryIndexSize=185
[2022.02.03-01.26.35:811][  0]LogPakFile: PakFile PathHashIndexSize=101
[2022.02.03-01.26.35:811][  0]LogPakFile: PakFile FullDirectoryIndexSize=144
[2022.02.03-01.26.35:811][  0]LogShaderLibrary: Display: ShaderCodeLibraryPakFileMountedCallback: PakFile 'E:/EpicGames/UE_4.27/FeaturePacks/TP_VehicleBP.upack' (chunk index -1, root 'root:/') mounted
[2022.02.03-01.26.35:811][  0]LogShaderLibrary: Display: ShaderCodeLibraryPakFileMountedCallback: pending pak file info (ChunkID:-1 Root:root:/ File:E:/EpicGames/UE_4.27/FeaturePacks/TP_VehicleBP.upack)
[2022.02.03-01.26.35:811][  0]LogPakFile: OnPakFileMounted2Time == 0.000119
[2022.02.03-01.26.35:812][  0]LogPakFile: PakFile PrimaryIndexSize=192
[2022.02.03-01.26.35:812][  0]LogPakFile: PakFile PathHashIndexSize=101
[2022.02.03-01.26.35:812][  0]LogPakFile: PakFile FullDirectoryIndexSize=158
[2022.02.03-01.26.35:812][  0]LogShaderLibrary: Display: ShaderCodeLibraryPakFileMountedCallback: PakFile 'E:/EpicGames/UE_4.27/FeaturePacks/TP_VirtualRealityBP.upack' (chunk index -1, root 'root:/') mounted
[2022.02.03-01.26.35:812][  0]LogShaderLibrary: Display: ShaderCodeLibraryPakFileMountedCallback: pending pak file info (ChunkID:-1 Root:root:/ File:E:/EpicGames/UE_4.27/FeaturePacks/TP_VirtualRealityBP.upack)
[2022.02.03-01.26.35:812][  0]LogPakFile: OnPakFileMounted2Time == 0.000108
[2022.02.03-01.26.35:869][  0]LogNativeClassHierarchy: Verbose: Native class hierarchy updated for 'AddContentDialog' in 0.0003 seconds. Added 0 classes and 0 folders.
[2022.02.03-01.26.35:870][  0]LogNativeClassHierarchy: Verbose: Native class hierarchy updated for 'SceneOutliner' in 0.0002 seconds. Added 2 classes and 0 folders.
[2022.02.03-01.26.35:894][  0]LogSlate: Took 0.000386 seconds to synchronously load lazily loaded font '../../../Engine/Content/Editor/Slate/Fonts/FontAwesome.ttf' (139K)
[2022.02.03-01.26.35:896][  0]LogSlate: Took 0.000325 seconds to synchronously load lazily loaded font '../../../Engine/Content/Slate/Fonts/Roboto-Bold.ttf' (160K)
[2022.02.03-01.26.35:965][  0]LogRenderer: Reallocating scene render targets to support 1968x844 Format 10 NumSamples 1 (Frame:1).
[2022.02.03-01.26.36:037][  0]LogNativeClassHierarchy: Verbose: Native class hierarchy updated for 'HierarchicalLODOutliner' in 0.0003 seconds. Added 0 classes and 0 folders.
[2022.02.03-01.26.36:038][  0]LogLoad: (Engine Initialization) Total time: 17.36 seconds
[2022.02.03-01.26.36:038][  0]LogLoad: (Engine Initialization) Total Blueprint compile time: 0.00 seconds
[2022.02.03-01.26.36:073][  0]LogAssetRegistry: Asset discovery search completed in 12.9829 seconds
[2022.02.03-01.26.36:078][  0]LogCollectionManager: Fixed up redirectors for 0 collections in 0.000003 seconds (updated 0 objects)
[2022.02.03-01.26.36:079][  0]LogContentStreaming: Texture pool size now 1000 MB
[2022.02.03-01.26.37:060][113]LogSlate: Took 0.000263 seconds to synchronously load lazily loaded font '../../../Engine/Content/Slate/Fonts/Roboto-Light.ttf' (167K)
[2022.02.03-01.26.41:857][387]LogEditorViewport: Clicking on Actor (LMB): StaticMeshActor (EditorCube11)
[2022.02.03-01.26.46:959][654]LogSlate: Took 0.000209 seconds to synchronously load lazily loaded font '../../../Engine/Content/Slate/Fonts/DroidSansMono.ttf' (77K)
