Log file open, 01/29/22 15:15:29
LogWindows: Failed to load 'aqProf.dll' (GetLastError=126)
LogWindows: File 'aqProf.dll' does not exist
LogWindows: Failed to load 'VtuneApi.dll' (GetLastError=126)
LogWindows: File 'VtuneApi.dll' does not exist
LogWindows: Failed to load 'VtuneApi32e.dll' (GetLastError=126)
LogWindows: File 'VtuneApi32e.dll' does not exist
LogConsoleResponse: Display: Failed to find resolution value strings in scalability ini. Falling back to default.
LogConsoleResponse: Display: Failed to find resolution value strings in scalability ini. Falling back to default.
LogInit: Display: Running engine for game: GunSystem
LogPlatformFile: Not using cached read wrapper
LogTaskGraph: Started task graph with 5 named threads and 47 total threads with 3 sets of task threads.
LogStats: Stats thread started at 0.321946
LogICUInternationalization: ICU TimeZone Detection - Raw Offset: -5:00, Platform Override: ''
LogInit: Display: Loading text-based GConfig....
LogPluginManager: Mounting plugin MeshPainting
LogPluginManager: Mounting plugin XGEController
LogPluginManager: Mounting plugin Paper2D
LogPluginManager: Mounting plugin LiveLink
LogPluginManager: Mounting plugin EnvironmentQueryEditor
LogPluginManager: Mounting plugin LightPropagationVolume
LogPluginManager: Mounting plugin AISupport
LogPluginManager: Mounting plugin GameplayCameras
LogPluginManager: Mounting plugin CameraShakePreviewer
LogPluginManager: Mounting plugin CodeLiteSourceCodeAccess
LogPluginManager: Mounting plugin AnimationSharing
LogPluginManager: Mounting plugin GitSourceControl
LogPluginManager: Mounting plugin KDevelopSourceCodeAccess
LogPluginManager: Mounting plugin NullSourceCodeAccess
LogPluginManager: Mounting plugin PixWinPlugin
LogPluginManager: Mounting plugin PerforceSourceControl
LogPluginManager: Mounting plugin PlasticSourceControl
LogPluginManager: Mounting plugin CLionSourceCodeAccess
LogPluginManager: Mounting plugin PropertyAccessNode
LogPluginManager: Mounting plugin PluginUtils
LogPluginManager: Mounting plugin RiderSourceCodeAccess
LogPluginManager: Mounting plugin AssetManagerEditor
LogPluginManager: Mounting plugin SubversionSourceControl
LogPluginManager: Mounting plugin TextureFormatOodle
LogPluginManager: Mounting plugin UObjectPlugin
LogPluginManager: Mounting plugin CurveEditorTools
LogPluginManager: Mounting plugin CryptoKeys
LogPluginManager: Mounting plugin XCodeSourceCodeAccess
LogPluginManager: Mounting plugin VisualStudioCodeSourceCodeAccess
LogPluginManager: Mounting plugin VisualStudioSourceCodeAccess
LogPluginManager: Mounting plugin DataValidation
LogPluginManager: Mounting plugin OodleData
LogPluginManager: Mounting plugin OodleNetwork
LogPluginManager: Mounting plugin Niagara
LogPluginManager: Mounting plugin GameplayTagsEditor
LogPluginManager: Mounting plugin FacialAnimation
LogPluginManager: Mounting plugin GeometryMode
LogPluginManager: Mounting plugin MacGraphicsSwitching
LogPluginManager: Mounting plugin MobileLauncherProfileWizard
LogPluginManager: Mounting plugin MaterialAnalyzer
LogPluginManager: Mounting plugin SpeedTreeImporter
LogPluginManager: Mounting plugin PluginBrowser
LogPluginManager: Mounting plugin AlembicImporter
LogPluginManager: Mounting plugin AutomationUtils
LogPluginManager: Mounting plugin BackChannel
LogPluginManager: Mounting plugin ChaosEditor
LogPluginManager: Mounting plugin ChaosNiagara
LogPluginManager: Mounting plugin ChaosCloth
LogPluginManager: Mounting plugin ChaosClothEditor
LogPluginManager: Mounting plugin ChaosSolverPlugin
LogPluginManager: Mounting plugin CharacterAI
LogPluginManager: Mounting plugin GeometryCache
LogPluginManager: Mounting plugin GeometryCollectionPlugin
LogPluginManager: Mounting plugin DatasmithContent
LogPluginManager: Mounting plugin GeometryProcessing
LogPluginManager: Mounting plugin VariantManagerContent
LogPluginManager: Mounting plugin MotoSynth
LogPluginManager: Mounting plugin OpenImageDenoise
LogPluginManager: Mounting plugin PlanarCut
LogPluginManager: Mounting plugin PlatformCrypto
LogPluginManager: Mounting plugin ProxyLODPlugin
LogPluginManager: Mounting plugin PythonScriptPlugin
LogPluginManager: Mounting plugin SkeletalReduction
LogPluginManager: Mounting plugin LuminPlatformFeatures
LogPluginManager: Mounting plugin MagicLeap
LogPluginManager: Mounting plugin MagicLeapLightEstimation
LogPluginManager: Mounting plugin MagicLeapMedia
LogPluginManager: Mounting plugin MagicLeapPassableWorld
LogPluginManager: Mounting plugin MLSDK
LogPluginManager: Mounting plugin AndroidMedia
LogPluginManager: Mounting plugin AvfMedia
LogPluginManager: Mounting plugin TcpMessaging
LogPluginManager: Mounting plugin UdpMessaging
LogPluginManager: Mounting plugin ImgMedia
LogPluginManager: Mounting plugin MediaCompositing
LogPluginManager: Mounting plugin ActorSequence
LogPluginManager: Mounting plugin MediaPlayerEditor
LogPluginManager: Mounting plugin WebMMedia
LogPluginManager: Mounting plugin WmfMedia
LogPluginManager: Mounting plugin LevelSequenceEditor
LogPluginManager: Mounting plugin MatineeToLevelSequence
LogPluginManager: Mounting plugin TemplateSequence
LogPluginManager: Mounting plugin OnlineSubsystem
LogPluginManager: Mounting plugin LauncherChunkInstaller
LogPluginManager: Mounting plugin OnlineSubsystemNull
LogPluginManager: Mounting plugin ActorLayerUtilities
LogPluginManager: Mounting plugin OnlineSubsystemUtils
LogPluginManager: Mounting plugin AndroidDeviceProfileSelector
LogPluginManager: Mounting plugin AndroidPermission
LogPluginManager: Mounting plugin AndroidMoviePlayer
LogPluginManager: Mounting plugin AppleImageUtils
LogPluginManager: Mounting plugin ArchVisCharacter
LogPluginManager: Mounting plugin AppleMoviePlayer
LogPluginManager: Mounting plugin AssetTags
LogPluginManager: Mounting plugin AudioCapture
LogPluginManager: Mounting plugin AudioSynesthesia
LogPluginManager: Mounting plugin CableComponent
LogPluginManager: Mounting plugin ChunkDownloader
LogPluginManager: Mounting plugin CustomMeshComponent
LogPluginManager: Mounting plugin EditableMesh
LogPluginManager: Mounting plugin ExampleDeviceProfileSelector
LogPluginManager: Mounting plugin GooglePAD
LogPluginManager: Mounting plugin GoogleCloudMessaging
LogPluginManager: Mounting plugin IOSDeviceProfileSelector
LogPluginManager: Mounting plugin LinuxDeviceProfileSelector
LogPluginManager: Mounting plugin LocationServicesBPLibrary
LogPluginManager: Mounting plugin MobilePatchingUtils
LogPluginManager: Mounting plugin OpenXREyeTracker
LogPluginManager: Mounting plugin OpenXR
LogPluginManager: Mounting plugin OpenXRHandTracking
LogPluginManager: Mounting plugin ScreenshotTools
LogPluginManager: Mounting plugin PhysXVehicles
LogPluginManager: Mounting plugin PostSplashScreen
LogPluginManager: Mounting plugin ProceduralMeshComponent
LogPluginManager: Mounting plugin PropertyAccessEditor
LogPluginManager: Mounting plugin RuntimePhysXCooking
LogPluginManager: Mounting plugin SignificanceManager
LogPluginManager: Mounting plugin SoundFields
LogPluginManager: Mounting plugin Takes
LogPluginManager: Mounting plugin Synthesis
LogPluginManager: Mounting plugin WebMMoviePlayer
LogPluginManager: Mounting plugin WindowsMoviePlayer
LogPluginManager: Mounting plugin ContentBrowserAssetDataSource
LogPluginManager: Mounting plugin ContentBrowserClassDataSource
LogPluginManager: Mounting plugin ContentBrowserFileDataSource
LogPluginManager: Mounting plugin OnlineSubsystemGooglePlay
LogPluginManager: Mounting plugin OnlineSubsystemIOS
LogPluginManager: Mounting plugin OculusVR
LogPluginManager: Mounting plugin SteamVR
PixWinPlugin: PIX capture plugin failed to initialize! Check that the process is launched from PIX.
LogInit: Using libcurl 7.55.1-DEV
LogInit:  - built for x86_64-pc-win32
LogInit:  - supports SSL with OpenSSL/1.1.1
LogInit:  - supports HTTP deflate (compression) using libz 1.2.8
LogInit:  - other features:
LogInit:      CURL_VERSION_SSL
LogInit:      CURL_VERSION_LIBZ
LogInit:      CURL_VERSION_IPV6
LogInit:      CURL_VERSION_ASYNCHDNS
LogInit:      CURL_VERSION_LARGEFILE
LogInit:      CURL_VERSION_IDN
LogInit:  CurlRequestOptions (configurable via config and command line):
LogInit:  - bVerifyPeer = true  - Libcurl will verify peer certificate
LogInit:  - bUseHttpProxy = false  - Libcurl will NOT use HTTP proxy
LogInit:  - bDontReuseConnections = false  - Libcurl will reuse connections
LogInit:  - MaxHostConnections = 16  - Libcurl will limit the number of connections to a host
LogInit:  - LocalHostAddr = Default
LogInit:  - BufferSize = 65536
LogOnline: OSS: Creating online subsystem instance for: NULL
LogInit: WinSock: version 1.1 (2.2), MaxSocks=32767, MaxUdp=65467
LogOnline: OSS: TryLoadSubsystemAndSetDefault: Loaded subsystem for module [NULL]
LogOculusPluginWrapper: OculusPlugin initialized successfully
LogHMD: Failed initializing OVRPlugin 1.59.0
LogInit: Build: ++UE4+Release-4.27-CL-18319896
LogInit: Engine Version: 4.27.2-18319896+++UE4+Release-4.27
LogInit: Compatible Engine Version: 4.27.0-17155196+++UE4+Release-4.27
LogInit: Net CL: 17155196
LogInit: OS: Windows 10 (Release 2009) (), CPU: AMD Ryzen 7 3700X 8-Core Processor             , GPU: NVIDIA GeForce GTX 1080 Ti
LogInit: Compiled (64-bit): Nov 30 2021 07:12:08
LogInit: Compiled with Visual C++: 19.24.28315.00
LogInit: Build Configuration: Development
LogInit: Branch Name: ++UE4+Release-4.27
LogInit: Command Line:  -skipcompile
LogInit: Base Directory: E:/EpicGames/UE_4.27/Engine/Binaries/Win64/
LogInit: Allocator: TBB
LogInit: Installed Engine Build: 1
LogDevObjectVersion: Number of dev versions registered: 29
LogDevObjectVersion:   Dev-Blueprints (B0D832E4-1F89-4F0D-ACCF-7EB736FD4AA2): 10
LogDevObjectVersion:   Dev-Build (E1C64328-A22C-4D53-A36C-8E866417BD8C): 0
LogDevObjectVersion:   Dev-Core (375EC13C-06E4-48FB-B500-84F0262A717E): 4
LogDevObjectVersion:   Dev-Editor (E4B068ED-F494-42E9-A231-DA0B2E46BB41): 40
LogDevObjectVersion:   Dev-Framework (CFFC743F-43B0-4480-9391-14DF171D2073): 37
LogDevObjectVersion:   Dev-Mobile (B02B49B5-BB20-44E9-A304-32B752E40360): 3
LogDevObjectVersion:   Dev-Networking (A4E4105C-59A1-49B5-A7C5-40C4547EDFEE): 0
LogDevObjectVersion:   Dev-Online (39C831C9-5AE6-47DC-9A44-9C173E1C8E7C): 0
LogDevObjectVersion:   Dev-Physics (78F01B33-EBEA-4F98-B9B4-84EACCB95AA2): 14
LogDevObjectVersion:   Dev-Platform (6631380F-2D4D-43E0-8009-CF276956A95A): 0
LogDevObjectVersion:   Dev-Rendering (12F88B9F-8875-4AFC-A67C-D90C383ABD29): 45
LogDevObjectVersion:   Dev-Sequencer (7B5AE74C-D270-4C10-A958-57980B212A5A): 13
LogDevObjectVersion:   Dev-VR (D7296918-1DD6-4BDD-9DE2-64A83CC13884): 3
LogDevObjectVersion:   Dev-LoadTimes (C2A15278-BFE7-4AFE-6C17-90FF531DF755): 1
LogDevObjectVersion:   Private-Geometry (6EACA3D4-40EC-4CC1-B786-8BED09428FC5): 3
LogDevObjectVersion:   Dev-AnimPhys (29E575DD-E0A3-4627-9D10-D276232CDCEA): 17
LogDevObjectVersion:   Dev-Anim (AF43A65D-7FD3-4947-9873-3E8ED9C1BB05): 15
LogDevObjectVersion:   Dev-ReflectionCapture (6B266CEC-1EC7-4B8F-A30B-E4D90942FC07): 1
LogDevObjectVersion:   Dev-Automation (0DF73D61-A23F-47EA-B727-89E90C41499A): 1
LogDevObjectVersion:   FortniteMain (601D1886-AC64-4F84-AA16-D3DE0DEAC7D6): 47
LogDevObjectVersion:   FortniteRelease (E7086368-6B23-4C58-8439-1B7016265E91): 1
LogDevObjectVersion:   Dev-Enterprise (9DFFBCD6-494F-0158-E221-12823C92A888): 10
LogDevObjectVersion:   Dev-Niagara (F2AED0AC-9AFE-416F-8664-AA7FFA26D6FC): 1
LogDevObjectVersion:   Dev-Destruction (174F1F0B-B4C6-45A5-B13F-2EE8D0FB917D): 10
LogDevObjectVersion:   Dev-Physics-Ext (35F94A83-E258-406C-A318-09F59610247C): 41
LogDevObjectVersion:   Dev-PhysicsMaterial-Chaos (B68FC16E-8B1B-42E2-B453-215C058844FE): 1
LogDevObjectVersion:   Dev-CineCamera (B2E18506-4273-CFC2-A54E-F4BB758BBA07): 1
LogDevObjectVersion:   Dev-VirtualProduction (64F58936-FD1B-42BA-BA96-7289D5D0FA4E): 1
LogDevObjectVersion:   Dev-MediaFramework (6F0ED827-A609-4895-9C91-998D90180EA4): 2
LogInit: Presizing for max 25165824 objects, including 0 objects not considered by GC, pre-allocating 0 bytes for permanent pool.
LogConfig: Applying CVar settings from Section [/Script/Engine.StreamingSettings] File [C:/Users/cf/source/repos/School/UnrealFPSGunSystem/GunSystem/Saved/Config/Windows/Engine.ini]
LogConfig: Setting CVar [[s.MinBulkDataSizeForAsyncLoading:131072]]
LogConfig: Setting CVar [[s.AsyncLoadingThreadEnabled:0]]
LogConfig: Setting CVar [[s.EventDrivenLoaderEnabled:1]]
LogConfig: Setting CVar [[s.WarnIfTimeLimitExceeded:0]]
LogConfig: Setting CVar [[s.TimeLimitExceededMultiplier:1.5]]
LogConfig: Setting CVar [[s.TimeLimitExceededMinTime:0.005]]
LogConfig: Setting CVar [[s.UseBackgroundLevelStreaming:1]]
LogConfig: Setting CVar [[s.PriorityAsyncLoadingExtraTime:15.0]]
LogConfig: Setting CVar [[s.LevelStreamingActorsUpdateTimeLimit:5.0]]
LogConfig: Setting CVar [[s.PriorityLevelStreamingActorsUpdateExtraTime:5.0]]
LogConfig: Setting CVar [[s.LevelStreamingComponentsRegistrationGranularity:10]]
LogConfig: Setting CVar [[s.UnregisterComponentsTimeLimit:1.0]]
LogConfig: Setting CVar [[s.LevelStreamingComponentsUnregistrationGranularity:5]]
LogConfig: Setting CVar [[s.FlushStreamingOnExit:1]]
LogInit: Object subsystem initialized
LogConfig: Setting CVar [[con.DebugEarlyDefault:1]]
LogConfig: Setting CVar [[r.setres:1280x720]]
[2022.01.29-20.15.30:968][  0]LogConfig: Setting CVar [[r.VSync:0]]
[2022.01.29-20.15.30:968][  0]LogConfig: Setting CVar [[r.RHICmdBypass:0]]
[2022.01.29-20.15.30:968][  0]LogConfig: Applying CVar settings from Section [/Script/Engine.RendererSettings] File [C:/Users/cf/source/repos/School/UnrealFPSGunSystem/GunSystem/Saved/Config/Windows/Engine.ini]
[2022.01.29-20.15.30:968][  0]LogConfig: Setting CVar [[r.GPUCrashDebugging:0]]
[2022.01.29-20.15.30:968][  0]LogConfig: Applying CVar settings from Section [/Script/Engine.RendererOverrideSettings] File [C:/Users/cf/source/repos/School/UnrealFPSGunSystem/GunSystem/Saved/Config/Windows/Engine.ini]
[2022.01.29-20.15.30:968][  0]LogConfig: Applying CVar settings from Section [/Script/Engine.StreamingSettings] File [C:/Users/cf/source/repos/School/UnrealFPSGunSystem/GunSystem/Saved/Config/Windows/Engine.ini]
[2022.01.29-20.15.30:968][  0]LogConfig: Setting CVar [[s.MinBulkDataSizeForAsyncLoading:131072]]
[2022.01.29-20.15.30:968][  0]LogConfig: Setting CVar [[s.AsyncLoadingThreadEnabled:0]]
[2022.01.29-20.15.30:968][  0]LogConfig: Setting CVar [[s.EventDrivenLoaderEnabled:1]]
[2022.01.29-20.15.30:968][  0]LogConfig: Setting CVar [[s.WarnIfTimeLimitExceeded:0]]
[2022.01.29-20.15.30:968][  0]LogConfig: Setting CVar [[s.TimeLimitExceededMultiplier:1.5]]
[2022.01.29-20.15.30:968][  0]LogConfig: Setting CVar [[s.TimeLimitExceededMinTime:0.005]]
[2022.01.29-20.15.30:968][  0]LogConfig: Setting CVar [[s.UseBackgroundLevelStreaming:1]]
[2022.01.29-20.15.30:968][  0]LogConfig: Setting CVar [[s.PriorityAsyncLoadingExtraTime:15.0]]
[2022.01.29-20.15.30:969][  0]LogConfig: Setting CVar [[s.LevelStreamingActorsUpdateTimeLimit:5.0]]
[2022.01.29-20.15.30:969][  0]LogConfig: Setting CVar [[s.PriorityLevelStreamingActorsUpdateExtraTime:5.0]]
[2022.01.29-20.15.30:969][  0]LogConfig: Setting CVar [[s.LevelStreamingComponentsRegistrationGranularity:10]]
[2022.01.29-20.15.30:969][  0]LogConfig: Setting CVar [[s.UnregisterComponentsTimeLimit:1.0]]
[2022.01.29-20.15.30:969][  0]LogConfig: Setting CVar [[s.LevelStreamingComponentsUnregistrationGranularity:5]]
[2022.01.29-20.15.30:969][  0]LogConfig: Setting CVar [[s.FlushStreamingOnExit:1]]
[2022.01.29-20.15.30:969][  0]LogConfig: Applying CVar settings from Section [/Script/Engine.GarbageCollectionSettings] File [C:/Users/cf/source/repos/School/UnrealFPSGunSystem/GunSystem/Saved/Config/Windows/Engine.ini]
[2022.01.29-20.15.30:969][  0]LogConfig: Setting CVar [[gc.MaxObjectsNotConsideredByGC:1]]
[2022.01.29-20.15.30:969][  0]LogConfig: Setting CVar [[gc.SizeOfPermanentObjectPool:0]]
[2022.01.29-20.15.30:969][  0]LogConfig: Setting CVar [[gc.FlushStreamingOnGC:0]]
[2022.01.29-20.15.30:969][  0]LogConfig: Setting CVar [[gc.NumRetriesBeforeForcingGC:10]]
[2022.01.29-20.15.30:969][  0]LogConfig: Setting CVar [[gc.AllowParallelGC:1]]
[2022.01.29-20.15.30:969][  0]LogConfig: Setting CVar [[gc.TimeBetweenPurgingPendingKillObjects:61.1]]
[2022.01.29-20.15.30:969][  0]LogConfig: Setting CVar [[gc.MaxObjectsInEditor:25165824]]
[2022.01.29-20.15.30:969][  0]LogConfig: Setting CVar [[gc.IncrementalBeginDestroyEnabled:1]]
[2022.01.29-20.15.30:969][  0]LogConfig: Setting CVar [[gc.CreateGCClusters:1]]
[2022.01.29-20.15.30:969][  0]LogConfig: Setting CVar [[gc.MinGCClusterSize:5]]
[2022.01.29-20.15.30:969][  0]LogConfig: Setting CVar [[gc.ActorClusteringEnabled:0]]
[2022.01.29-20.15.30:969][  0]LogConfig: Setting CVar [[gc.BlueprintClusteringEnabled:0]]
[2022.01.29-20.15.30:969][  0]LogConfig: Setting CVar [[gc.UseDisregardForGCOnDedicatedServers:0]]
[2022.01.29-20.15.30:969][  0]LogConfig: Setting CVar [[gc.MultithreadedDestructionEnabled:1]]
[2022.01.29-20.15.30:970][  0]LogConfig: Applying CVar settings from Section [/Script/Engine.NetworkSettings] File [C:/Users/cf/source/repos/School/UnrealFPSGunSystem/GunSystem/Saved/Config/Windows/Engine.ini]
[2022.01.29-20.15.30:970][  0]LogConfig: Applying CVar settings from Section [/Script/UnrealEd.CookerSettings] File [C:/Users/cf/source/repos/School/UnrealFPSGunSystem/GunSystem/Saved/Config/Windows/Engine.ini]
[2022.01.29-20.15.31:002][  0]LogConfig: Applying CVar settings from Section [ViewDistanceQuality@3] File [C:/Users/cf/source/repos/School/UnrealFPSGunSystem/GunSystem/Saved/Config/Windows/Scalability.ini]
[2022.01.29-20.15.31:003][  0]LogConfig: Setting CVar [[r.SkeletalMeshLODBias:0]]
[2022.01.29-20.15.31:003][  0]LogConfig: Setting CVar [[r.ViewDistanceScale:1.0]]
[2022.01.29-20.15.31:003][  0]LogConfig: Applying CVar settings from Section [AntiAliasingQuality@3] File [C:/Users/cf/source/repos/School/UnrealFPSGunSystem/GunSystem/Saved/Config/Windows/Scalability.ini]
[2022.01.29-20.15.31:003][  0]LogConfig: Setting CVar [[r.PostProcessAAQuality:4]]
[2022.01.29-20.15.31:003][  0]LogConfig: Applying CVar settings from Section [ShadowQuality@3] File [C:/Users/cf/source/repos/School/UnrealFPSGunSystem/GunSystem/Saved/Config/Windows/Scalability.ini]
[2022.01.29-20.15.31:003][  0]LogConfig: Setting CVar [[r.LightFunctionQuality:1]]
[2022.01.29-20.15.31:003][  0]LogConfig: Setting CVar [[r.ShadowQuality:5]]
[2022.01.29-20.15.31:003][  0]LogConfig: Setting CVar [[r.Shadow.CSM.MaxCascades:10]]
[2022.01.29-20.15.31:003][  0]LogConfig: Setting CVar [[r.Shadow.MaxResolution:2048]]
[2022.01.29-20.15.31:003][  0]LogConfig: Setting CVar [[r.Shadow.MaxCSMResolution:2048]]
[2022.01.29-20.15.31:003][  0]LogConfig: Setting CVar [[r.Shadow.RadiusThreshold:0.01]]
[2022.01.29-20.15.31:003][  0]LogConfig: Setting CVar [[r.Shadow.DistanceScale:1.0]]
[2022.01.29-20.15.31:003][  0]LogConfig: Setting CVar [[r.Shadow.CSM.TransitionScale:1.0]]
[2022.01.29-20.15.31:003][  0]LogConfig: Setting CVar [[r.Shadow.PreShadowResolutionFactor:1.0]]
[2022.01.29-20.15.31:003][  0]LogConfig: Setting CVar [[r.DistanceFieldShadowing:1]]
[2022.01.29-20.15.31:003][  0]LogConfig: Setting CVar [[r.DistanceFieldAO:1]]
[2022.01.29-20.15.31:003][  0]LogConfig: Setting CVar [[r.AOQuality:2]]
[2022.01.29-20.15.31:003][  0]LogConfig: Setting CVar [[r.VolumetricFog:1]]
[2022.01.29-20.15.31:003][  0]LogConfig: Setting CVar [[r.VolumetricFog.GridPixelSize:8]]
[2022.01.29-20.15.31:003][  0]LogConfig: Setting CVar [[r.VolumetricFog.GridSizeZ:128]]
[2022.01.29-20.15.31:003][  0]LogConfig: Setting CVar [[r.VolumetricFog.HistoryMissSupersampleCount:4]]
[2022.01.29-20.15.31:004][  0]LogConfig: Setting CVar [[r.LightMaxDrawDistanceScale:1]]
[2022.01.29-20.15.31:004][  0]LogConfig: Setting CVar [[r.CapsuleShadows:1]]
[2022.01.29-20.15.31:004][  0]LogConfig: Applying CVar settings from Section [PostProcessQuality@3] File [C:/Users/cf/source/repos/School/UnrealFPSGunSystem/GunSystem/Saved/Config/Windows/Scalability.ini]
[2022.01.29-20.15.31:004][  0]LogConfig: Setting CVar [[r.MotionBlurQuality:4]]
[2022.01.29-20.15.31:004][  0]LogConfig: Setting CVar [[r.AmbientOcclusionMipLevelFactor:0.4]]
[2022.01.29-20.15.31:004][  0]LogConfig: Setting CVar [[r.AmbientOcclusionMaxQuality:100]]
[2022.01.29-20.15.31:004][  0]LogConfig: Setting CVar [[r.AmbientOcclusionLevels:-1]]
[2022.01.29-20.15.31:004][  0]LogConfig: Setting CVar [[r.AmbientOcclusionRadiusScale:1.0]]
[2022.01.29-20.15.31:004][  0]LogConfig: Setting CVar [[r.DepthOfFieldQuality:2]]
[2022.01.29-20.15.31:004][  0]LogConfig: Setting CVar [[r.RenderTargetPoolMin:400]]
[2022.01.29-20.15.31:004][  0]LogConfig: Setting CVar [[r.LensFlareQuality:2]]
[2022.01.29-20.15.31:004][  0]LogConfig: Setting CVar [[r.SceneColorFringeQuality:1]]
[2022.01.29-20.15.31:004][  0]LogConfig: Setting CVar [[r.EyeAdaptationQuality:2]]
[2022.01.29-20.15.31:004][  0]LogConfig: Setting CVar [[r.BloomQuality:5]]
[2022.01.29-20.15.31:004][  0]LogConfig: Setting CVar [[r.FastBlurThreshold:100]]
[2022.01.29-20.15.31:004][  0]LogConfig: Setting CVar [[r.Upscale.Quality:3]]
[2022.01.29-20.15.31:004][  0]LogConfig: Setting CVar [[r.Tonemapper.GrainQuantization:1]]
[2022.01.29-20.15.31:004][  0]LogConfig: Setting CVar [[r.LightShaftQuality:1]]
[2022.01.29-20.15.31:004][  0]LogConfig: Setting CVar [[r.Filter.SizeScale:1]]
[2022.01.29-20.15.31:004][  0]LogConfig: Setting CVar [[r.Tonemapper.Quality:5]]
[2022.01.29-20.15.31:004][  0]LogConfig: Setting CVar [[r.DOF.Gather.AccumulatorQuality:1        ; higher gathering accumulator quality]]
[2022.01.29-20.15.31:004][  0]LogConfig: Setting CVar [[r.DOF.Gather.PostfilterMethod:1          ; Median3x3 postfilering method]]
[2022.01.29-20.15.31:004][  0]LogConfig: Setting CVar [[r.DOF.Gather.EnableBokehSettings:0       ; no bokeh simulation when gathering]]
[2022.01.29-20.15.31:004][  0]LogConfig: Setting CVar [[r.DOF.Gather.RingCount:4                 ; medium number of samples when gathering]]
[2022.01.29-20.15.31:004][  0]LogConfig: Setting CVar [[r.DOF.Scatter.ForegroundCompositing:1    ; additive foreground scattering]]
[2022.01.29-20.15.31:005][  0]LogConfig: Setting CVar [[r.DOF.Scatter.BackgroundCompositing:2    ; additive background scattering]]
[2022.01.29-20.15.31:005][  0]LogConfig: Setting CVar [[r.DOF.Scatter.EnableBokehSettings:1      ; bokeh simulation when scattering]]
[2022.01.29-20.15.31:005][  0]LogConfig: Setting CVar [[r.DOF.Scatter.MaxSpriteRatio:0.1         ; only a maximum of 10% of scattered bokeh]]
[2022.01.29-20.15.31:005][  0]LogConfig: Setting CVar [[r.DOF.Recombine.Quality:1                ; cheap slight out of focus]]
[2022.01.29-20.15.31:005][  0]LogConfig: Setting CVar [[r.DOF.Recombine.EnableBokehSettings:0    ; no bokeh simulation on slight out of focus]]
[2022.01.29-20.15.31:005][  0]LogConfig: Setting CVar [[r.DOF.TemporalAAQuality:1                ; more stable temporal accumulation]]
[2022.01.29-20.15.31:005][  0]LogConfig: Setting CVar [[r.DOF.Kernel.MaxForegroundRadius:0.025]]
[2022.01.29-20.15.31:005][  0]LogConfig: Setting CVar [[r.DOF.Kernel.MaxBackgroundRadius:0.025]]
[2022.01.29-20.15.31:005][  0]LogConfig: Applying CVar settings from Section [TextureQuality@3] File [C:/Users/cf/source/repos/School/UnrealFPSGunSystem/GunSystem/Saved/Config/Windows/Scalability.ini]
[2022.01.29-20.15.31:005][  0]LogConfig: Setting CVar [[r.Streaming.MipBias:0]]
[2022.01.29-20.15.31:005][  0]LogConfig: Setting CVar [[r.Streaming.AmortizeCPUToGPUCopy:0]]
[2022.01.29-20.15.31:005][  0]LogConfig: Setting CVar [[r.Streaming.MaxNumTexturesToStreamPerFrame:0]]
[2022.01.29-20.15.31:005][  0]LogConfig: Setting CVar [[r.Streaming.Boost:1]]
[2022.01.29-20.15.31:005][  0]LogConfig: Setting CVar [[r.MaxAnisotropy:8]]
[2022.01.29-20.15.31:005][  0]LogConfig: Setting CVar [[r.VT.MaxAnisotropy:8]]
[2022.01.29-20.15.31:005][  0]LogConfig: Setting CVar [[r.Streaming.LimitPoolSizeToVRAM:0]]
[2022.01.29-20.15.31:005][  0]LogConfig: Setting CVar [[r.Streaming.PoolSize:1000]]
[2022.01.29-20.15.31:005][  0]LogConfig: Setting CVar [[r.Streaming.MaxEffectiveScreenSize:0]]
[2022.01.29-20.15.31:005][  0]LogConfig: Applying CVar settings from Section [EffectsQuality@3] File [C:/Users/cf/source/repos/School/UnrealFPSGunSystem/GunSystem/Saved/Config/Windows/Scalability.ini]
[2022.01.29-20.15.31:005][  0]LogConfig: Setting CVar [[r.TranslucencyLightingVolumeDim:64]]
[2022.01.29-20.15.31:005][  0]LogConfig: Setting CVar [[r.RefractionQuality:2]]
[2022.01.29-20.15.31:005][  0]LogConfig: Setting CVar [[r.SSR.Quality:3]]
[2022.01.29-20.15.31:005][  0]LogConfig: Setting CVar [[r.SSR.HalfResSceneColor:0]]
[2022.01.29-20.15.31:006][  0]LogConfig: Setting CVar [[r.SceneColorFormat:4]]
[2022.01.29-20.15.31:006][  0]LogConfig: Setting CVar [[r.DetailMode:2]]
[2022.01.29-20.15.31:006][  0]LogConfig: Setting CVar [[r.TranslucencyVolumeBlur:1]]
[2022.01.29-20.15.31:006][  0]LogConfig: Setting CVar [[r.MaterialQualityLevel:1 ; High quality]]
[2022.01.29-20.15.31:006][  0]LogConfig: Setting CVar [[r.AnisotropicMaterials:1]]
[2022.01.29-20.15.31:006][  0]LogConfig: Setting CVar [[r.SSS.Scale:1]]
[2022.01.29-20.15.31:006][  0]LogConfig: Setting CVar [[r.SSS.SampleSet:2]]
[2022.01.29-20.15.31:006][  0]LogConfig: Setting CVar [[r.SSS.Quality:1]]
[2022.01.29-20.15.31:006][  0]LogConfig: Setting CVar [[r.SSS.HalfRes:0]]
[2022.01.29-20.15.31:006][  0]LogConfig: Setting CVar [[r.SSGI.Quality:3]]
[2022.01.29-20.15.31:006][  0]LogConfig: Setting CVar [[r.EmitterSpawnRateScale:1.0]]
[2022.01.29-20.15.31:006][  0]LogConfig: Setting CVar [[r.ParticleLightQuality:2]]
[2022.01.29-20.15.31:006][  0]LogConfig: Setting CVar [[r.SkyAtmosphere.AerialPerspectiveLUT.FastApplyOnOpaque:1 ; Always have FastSkyLUT 1 in this case to avoid wrong sky]]
[2022.01.29-20.15.31:006][  0]LogConfig: Setting CVar [[r.SkyAtmosphere.AerialPerspectiveLUT.SampleCountMaxPerSlice:4]]
[2022.01.29-20.15.31:006][  0]LogConfig: Setting CVar [[r.SkyAtmosphere.AerialPerspectiveLUT.DepthResolution:16.0]]
[2022.01.29-20.15.31:006][  0]LogConfig: Setting CVar [[r.SkyAtmosphere.FastSkyLUT:1]]
[2022.01.29-20.15.31:006][  0]LogConfig: Setting CVar [[r.SkyAtmosphere.FastSkyLUT.SampleCountMin:4.0]]
[2022.01.29-20.15.31:006][  0]LogConfig: Setting CVar [[r.SkyAtmosphere.FastSkyLUT.SampleCountMax:128.0]]
[2022.01.29-20.15.31:006][  0]LogConfig: Setting CVar [[r.SkyAtmosphere.SampleCountMin:4.0]]
[2022.01.29-20.15.31:006][  0]LogConfig: Setting CVar [[r.SkyAtmosphere.SampleCountMax:128.0]]
[2022.01.29-20.15.31:006][  0]LogConfig: Setting CVar [[r.SkyAtmosphere.TransmittanceLUT.UseSmallFormat:0]]
[2022.01.29-20.15.31:006][  0]LogConfig: Setting CVar [[r.SkyAtmosphere.TransmittanceLUT.SampleCount:10.0]]
[2022.01.29-20.15.31:006][  0]LogConfig: Setting CVar [[r.SkyAtmosphere.MultiScatteringLUT.SampleCount:15.0]]
[2022.01.29-20.15.31:006][  0]LogConfig: Setting CVar [[r.SkyLight.RealTimeReflectionCapture:1]]
[2022.01.29-20.15.31:006][  0]LogConfig: Applying CVar settings from Section [FoliageQuality@3] File [C:/Users/cf/source/repos/School/UnrealFPSGunSystem/GunSystem/Saved/Config/Windows/Scalability.ini]
[2022.01.29-20.15.31:006][  0]LogConfig: Setting CVar [[foliage.DensityScale:1.0]]
[2022.01.29-20.15.31:007][  0]LogConfig: Setting CVar [[grass.DensityScale:1.0]]
[2022.01.29-20.15.31:007][  0]LogConfig: Applying CVar settings from Section [ShadingQuality@3] File [C:/Users/cf/source/repos/School/UnrealFPSGunSystem/GunSystem/Saved/Config/Windows/Scalability.ini]
[2022.01.29-20.15.31:007][  0]LogConfig: Setting CVar [[r.HairStrands.SkyLighting.IntegrationType:2]]
[2022.01.29-20.15.31:007][  0]LogConfig: Setting CVar [[r.HairStrands.SkyAO.SampleCount:4]]
[2022.01.29-20.15.31:007][  0]LogConfig: Setting CVar [[r.HairStrands.Visibility.MSAA.SamplePerPixel:4]]
[2022.01.29-20.15.31:007][  0]LogInit: Selected Device Profile: [Windows]
[2022.01.29-20.15.31:007][  0]LogInit: Applying CVar settings loaded from the selected device profile: [Windows]
[2022.01.29-20.15.31:007][  0]LogHAL: Display: Platform has ~ 16 GB [17121583104 / 17179869184 / 16], which maps to Larger [LargestMinGB=32, LargerMinGB=12, DefaultMinGB=8, SmallerMinGB=6, SmallestMinGB=0)
[2022.01.29-20.15.31:007][  0]LogInit: Going up to parent DeviceProfile []
[2022.01.29-20.15.31:007][  0]LogConfig: Applying CVar settings from Section [ViewDistanceQuality@3] File [C:/Users/cf/source/repos/School/UnrealFPSGunSystem/GunSystem/Saved/Config/Windows/Scalability.ini]
[2022.01.29-20.15.31:007][  0]LogConfig: Setting CVar [[r.SkeletalMeshLODBias:0]]
[2022.01.29-20.15.31:007][  0]LogConfig: Setting CVar [[r.ViewDistanceScale:1.0]]
[2022.01.29-20.15.31:007][  0]LogConfig: Applying CVar settings from Section [AntiAliasingQuality@3] File [C:/Users/cf/source/repos/School/UnrealFPSGunSystem/GunSystem/Saved/Config/Windows/Scalability.ini]
[2022.01.29-20.15.31:007][  0]LogConfig: Setting CVar [[r.PostProcessAAQuality:4]]
[2022.01.29-20.15.31:007][  0]LogConfig: Applying CVar settings from Section [ShadowQuality@3] File [C:/Users/cf/source/repos/School/UnrealFPSGunSystem/GunSystem/Saved/Config/Windows/Scalability.ini]
[2022.01.29-20.15.31:007][  0]LogConfig: Setting CVar [[r.LightFunctionQuality:1]]
[2022.01.29-20.15.31:007][  0]LogConfig: Setting CVar [[r.ShadowQuality:5]]
[2022.01.29-20.15.31:007][  0]LogConfig: Setting CVar [[r.Shadow.CSM.MaxCascades:10]]
[2022.01.29-20.15.31:007][  0]LogConfig: Setting CVar [[r.Shadow.MaxResolution:2048]]
[2022.01.29-20.15.31:007][  0]LogConfig: Setting CVar [[r.Shadow.MaxCSMResolution:2048]]
[2022.01.29-20.15.31:007][  0]LogConfig: Setting CVar [[r.Shadow.RadiusThreshold:0.01]]
[2022.01.29-20.15.31:008][  0]LogConfig: Setting CVar [[r.Shadow.DistanceScale:1.0]]
[2022.01.29-20.15.31:008][  0]LogConfig: Setting CVar [[r.Shadow.CSM.TransitionScale:1.0]]
[2022.01.29-20.15.31:008][  0]LogConfig: Setting CVar [[r.Shadow.PreShadowResolutionFactor:1.0]]
[2022.01.29-20.15.31:008][  0]LogConfig: Setting CVar [[r.DistanceFieldShadowing:1]]
[2022.01.29-20.15.31:008][  0]LogConfig: Setting CVar [[r.DistanceFieldAO:1]]
[2022.01.29-20.15.31:008][  0]LogConfig: Setting CVar [[r.AOQuality:2]]
[2022.01.29-20.15.31:008][  0]LogConfig: Setting CVar [[r.VolumetricFog:1]]
[2022.01.29-20.15.31:008][  0]LogConfig: Setting CVar [[r.VolumetricFog.GridPixelSize:8]]
[2022.01.29-20.15.31:008][  0]LogConfig: Setting CVar [[r.VolumetricFog.GridSizeZ:128]]
[2022.01.29-20.15.31:008][  0]LogConfig: Setting CVar [[r.VolumetricFog.HistoryMissSupersampleCount:4]]
[2022.01.29-20.15.31:008][  0]LogConfig: Setting CVar [[r.LightMaxDrawDistanceScale:1]]
[2022.01.29-20.15.31:008][  0]LogConfig: Setting CVar [[r.CapsuleShadows:1]]
[2022.01.29-20.15.31:008][  0]LogConfig: Applying CVar settings from Section [PostProcessQuality@3] File [C:/Users/cf/source/repos/School/UnrealFPSGunSystem/GunSystem/Saved/Config/Windows/Scalability.ini]
[2022.01.29-20.15.31:008][  0]LogConfig: Setting CVar [[r.MotionBlurQuality:4]]
[2022.01.29-20.15.31:008][  0]LogConfig: Setting CVar [[r.AmbientOcclusionMipLevelFactor:0.4]]
[2022.01.29-20.15.31:008][  0]LogConfig: Setting CVar [[r.AmbientOcclusionMaxQuality:100]]
[2022.01.29-20.15.31:008][  0]LogConfig: Setting CVar [[r.AmbientOcclusionLevels:-1]]
[2022.01.29-20.15.31:008][  0]LogConfig: Setting CVar [[r.AmbientOcclusionRadiusScale:1.0]]
[2022.01.29-20.15.31:008][  0]LogConfig: Setting CVar [[r.DepthOfFieldQuality:2]]
[2022.01.29-20.15.31:008][  0]LogConfig: Setting CVar [[r.RenderTargetPoolMin:400]]
[2022.01.29-20.15.31:008][  0]LogConfig: Setting CVar [[r.LensFlareQuality:2]]
[2022.01.29-20.15.31:008][  0]LogConfig: Setting CVar [[r.SceneColorFringeQuality:1]]
[2022.01.29-20.15.31:008][  0]LogConfig: Setting CVar [[r.EyeAdaptationQuality:2]]
[2022.01.29-20.15.31:008][  0]LogConfig: Setting CVar [[r.BloomQuality:5]]
[2022.01.29-20.15.31:009][  0]LogConfig: Setting CVar [[r.FastBlurThreshold:100]]
[2022.01.29-20.15.31:009][  0]LogConfig: Setting CVar [[r.Upscale.Quality:3]]
[2022.01.29-20.15.31:009][  0]LogConfig: Setting CVar [[r.Tonemapper.GrainQuantization:1]]
[2022.01.29-20.15.31:009][  0]LogConfig: Setting CVar [[r.LightShaftQuality:1]]
[2022.01.29-20.15.31:009][  0]LogConfig: Setting CVar [[r.Filter.SizeScale:1]]
[2022.01.29-20.15.31:009][  0]LogConfig: Setting CVar [[r.Tonemapper.Quality:5]]
[2022.01.29-20.15.31:009][  0]LogConfig: Setting CVar [[r.DOF.Gather.AccumulatorQuality:1        ; higher gathering accumulator quality]]
[2022.01.29-20.15.31:009][  0]LogConfig: Setting CVar [[r.DOF.Gather.PostfilterMethod:1          ; Median3x3 postfilering method]]
[2022.01.29-20.15.31:009][  0]LogConfig: Setting CVar [[r.DOF.Gather.EnableBokehSettings:0       ; no bokeh simulation when gathering]]
[2022.01.29-20.15.31:009][  0]LogConfig: Setting CVar [[r.DOF.Gather.RingCount:4                 ; medium number of samples when gathering]]
[2022.01.29-20.15.31:009][  0]LogConfig: Setting CVar [[r.DOF.Scatter.ForegroundCompositing:1    ; additive foreground scattering]]
[2022.01.29-20.15.31:009][  0]LogConfig: Setting CVar [[r.DOF.Scatter.BackgroundCompositing:2    ; additive background scattering]]
[2022.01.29-20.15.31:009][  0]LogConfig: Setting CVar [[r.DOF.Scatter.EnableBokehSettings:1      ; bokeh simulation when scattering]]
[2022.01.29-20.15.31:009][  0]LogConfig: Setting CVar [[r.DOF.Scatter.MaxSpriteRatio:0.1         ; only a maximum of 10% of scattered bokeh]]
[2022.01.29-20.15.31:009][  0]LogConfig: Setting CVar [[r.DOF.Recombine.Quality:1                ; cheap slight out of focus]]
[2022.01.29-20.15.31:009][  0]LogConfig: Setting CVar [[r.DOF.Recombine.EnableBokehSettings:0    ; no bokeh simulation on slight out of focus]]
[2022.01.29-20.15.31:009][  0]LogConfig: Setting CVar [[r.DOF.TemporalAAQuality:1                ; more stable temporal accumulation]]
[2022.01.29-20.15.31:009][  0]LogConfig: Setting CVar [[r.DOF.Kernel.MaxForegroundRadius:0.025]]
[2022.01.29-20.15.31:009][  0]LogConfig: Setting CVar [[r.DOF.Kernel.MaxBackgroundRadius:0.025]]
[2022.01.29-20.15.31:009][  0]LogConfig: Applying CVar settings from Section [TextureQuality@3] File [C:/Users/cf/source/repos/School/UnrealFPSGunSystem/GunSystem/Saved/Config/Windows/Scalability.ini]
[2022.01.29-20.15.31:009][  0]LogConfig: Setting CVar [[r.Streaming.MipBias:0]]
[2022.01.29-20.15.31:009][  0]LogConfig: Setting CVar [[r.Streaming.AmortizeCPUToGPUCopy:0]]
[2022.01.29-20.15.31:009][  0]LogConfig: Setting CVar [[r.Streaming.MaxNumTexturesToStreamPerFrame:0]]
[2022.01.29-20.15.31:009][  0]LogConfig: Setting CVar [[r.Streaming.Boost:1]]
[2022.01.29-20.15.31:010][  0]LogConfig: Setting CVar [[r.MaxAnisotropy:8]]
[2022.01.29-20.15.31:010][  0]LogConfig: Setting CVar [[r.VT.MaxAnisotropy:8]]
[2022.01.29-20.15.31:010][  0]LogConfig: Setting CVar [[r.Streaming.LimitPoolSizeToVRAM:0]]
[2022.01.29-20.15.31:010][  0]LogConfig: Setting CVar [[r.Streaming.PoolSize:1000]]
[2022.01.29-20.15.31:010][  0]LogConfig: Setting CVar [[r.Streaming.MaxEffectiveScreenSize:0]]
[2022.01.29-20.15.31:010][  0]LogConfig: Applying CVar settings from Section [EffectsQuality@3] File [C:/Users/cf/source/repos/School/UnrealFPSGunSystem/GunSystem/Saved/Config/Windows/Scalability.ini]
[2022.01.29-20.15.31:010][  0]LogConfig: Setting CVar [[r.TranslucencyLightingVolumeDim:64]]
[2022.01.29-20.15.31:010][  0]LogConfig: Setting CVar [[r.RefractionQuality:2]]
[2022.01.29-20.15.31:010][  0]LogConfig: Setting CVar [[r.SSR.Quality:3]]
[2022.01.29-20.15.31:010][  0]LogConfig: Setting CVar [[r.SSR.HalfResSceneColor:0]]
[2022.01.29-20.15.31:010][  0]LogConfig: Setting CVar [[r.SceneColorFormat:4]]
[2022.01.29-20.15.31:010][  0]LogConfig: Setting CVar [[r.DetailMode:2]]
[2022.01.29-20.15.31:010][  0]LogConfig: Setting CVar [[r.TranslucencyVolumeBlur:1]]
[2022.01.29-20.15.31:010][  0]LogConfig: Setting CVar [[r.MaterialQualityLevel:1 ; High quality]]
[2022.01.29-20.15.31:010][  0]LogConfig: Setting CVar [[r.AnisotropicMaterials:1]]
[2022.01.29-20.15.31:010][  0]LogConfig: Setting CVar [[r.SSS.Scale:1]]
[2022.01.29-20.15.31:010][  0]LogConfig: Setting CVar [[r.SSS.SampleSet:2]]
[2022.01.29-20.15.31:010][  0]LogConfig: Setting CVar [[r.SSS.Quality:1]]
[2022.01.29-20.15.31:010][  0]LogConfig: Setting CVar [[r.SSS.HalfRes:0]]
[2022.01.29-20.15.31:010][  0]LogConfig: Setting CVar [[r.SSGI.Quality:3]]
[2022.01.29-20.15.31:010][  0]LogConfig: Setting CVar [[r.EmitterSpawnRateScale:1.0]]
[2022.01.29-20.15.31:010][  0]LogConfig: Setting CVar [[r.ParticleLightQuality:2]]
[2022.01.29-20.15.31:010][  0]LogConfig: Setting CVar [[r.SkyAtmosphere.AerialPerspectiveLUT.FastApplyOnOpaque:1 ; Always have FastSkyLUT 1 in this case to avoid wrong sky]]
[2022.01.29-20.15.31:010][  0]LogConfig: Setting CVar [[r.SkyAtmosphere.AerialPerspectiveLUT.SampleCountMaxPerSlice:4]]
[2022.01.29-20.15.31:011][  0]LogConfig: Setting CVar [[r.SkyAtmosphere.AerialPerspectiveLUT.DepthResolution:16.0]]
[2022.01.29-20.15.31:011][  0]LogConfig: Setting CVar [[r.SkyAtmosphere.FastSkyLUT:1]]
[2022.01.29-20.15.31:011][  0]LogConfig: Setting CVar [[r.SkyAtmosphere.FastSkyLUT.SampleCountMin:4.0]]
[2022.01.29-20.15.31:011][  0]LogConfig: Setting CVar [[r.SkyAtmosphere.FastSkyLUT.SampleCountMax:128.0]]
[2022.01.29-20.15.31:011][  0]LogConfig: Setting CVar [[r.SkyAtmosphere.SampleCountMin:4.0]]
[2022.01.29-20.15.31:011][  0]LogConfig: Setting CVar [[r.SkyAtmosphere.SampleCountMax:128.0]]
[2022.01.29-20.15.31:011][  0]LogConfig: Setting CVar [[r.SkyAtmosphere.TransmittanceLUT.UseSmallFormat:0]]
[2022.01.29-20.15.31:011][  0]LogConfig: Setting CVar [[r.SkyAtmosphere.TransmittanceLUT.SampleCount:10.0]]
[2022.01.29-20.15.31:011][  0]LogConfig: Setting CVar [[r.SkyAtmosphere.MultiScatteringLUT.SampleCount:15.0]]
[2022.01.29-20.15.31:011][  0]LogConfig: Setting CVar [[r.SkyLight.RealTimeReflectionCapture:1]]
[2022.01.29-20.15.31:011][  0]LogConfig: Applying CVar settings from Section [FoliageQuality@3] File [C:/Users/cf/source/repos/School/UnrealFPSGunSystem/GunSystem/Saved/Config/Windows/Scalability.ini]
[2022.01.29-20.15.31:011][  0]LogConfig: Setting CVar [[foliage.DensityScale:1.0]]
[2022.01.29-20.15.31:011][  0]LogConfig: Setting CVar [[grass.DensityScale:1.0]]
[2022.01.29-20.15.31:011][  0]LogConfig: Applying CVar settings from Section [ShadingQuality@3] File [C:/Users/cf/source/repos/School/UnrealFPSGunSystem/GunSystem/Saved/Config/Windows/Scalability.ini]
[2022.01.29-20.15.31:011][  0]LogConfig: Setting CVar [[r.HairStrands.SkyLighting.IntegrationType:2]]
[2022.01.29-20.15.31:011][  0]LogConfig: Setting CVar [[r.HairStrands.SkyAO.SampleCount:4]]
[2022.01.29-20.15.31:011][  0]LogConfig: Setting CVar [[r.HairStrands.Visibility.MSAA.SamplePerPixel:4]]
[2022.01.29-20.15.31:011][  0]LogConfig: Applying CVar settings from Section [Startup] File [../../../Engine/Config/ConsoleVariables.ini]
[2022.01.29-20.15.31:012][  0]LogConfig: Setting CVar [[net.UseAdaptiveNetUpdateFrequency:0]]
[2022.01.29-20.15.31:012][  0]LogConfig: Setting CVar [[p.chaos.AllowCreatePhysxBodies:1]]
[2022.01.29-20.15.31:012][  0]LogConfig: Setting CVar [[fx.SkipVectorVMBackendOptimizations:1]]
[2022.01.29-20.15.31:012][  0]LogConfig: Applying CVar settings from Section [ConsoleVariables] File [C:/Users/cf/source/repos/School/UnrealFPSGunSystem/GunSystem/Saved/Config/Windows/Engine.ini]
[2022.01.29-20.15.31:012][  0]LogConfig: Applying CVar settings from Section [ConsoleVariables] File [C:/Users/cf/source/repos/School/UnrealFPSGunSystem/GunSystem/Saved/Config/Windows/Editor.ini]
[2022.01.29-20.15.31:012][  0]LogInit: Computer: DCF
[2022.01.29-20.15.31:012][  0]LogInit: User: cf
[2022.01.29-20.15.31:012][  0]LogInit: CPU Page size=4096, Cores=8
[2022.01.29-20.15.31:012][  0]LogInit: High frequency timer resolution =10.000000 MHz
[2022.01.29-20.15.31:012][  0]LogMemory: Memory total: Physical=15.9GB (16GB approx)
[2022.01.29-20.15.31:012][  0]LogMemory: Platform Memory Stats for Windows
[2022.01.29-20.15.31:012][  0]LogMemory: Process Physical Memory: 149.96 MB used, 149.96 MB peak
[2022.01.29-20.15.31:012][  0]LogMemory: Process Virtual Memory: 127.34 MB used, 127.34 MB peak
[2022.01.29-20.15.31:012][  0]LogMemory: Physical Memory: 7274.48 MB used,  9053.93 MB free, 16328.41 MB total
[2022.01.29-20.15.31:012][  0]LogMemory: Virtual Memory: 134202048.00 MB used,  15681.93 MB free, 134217728.00 MB total
[2022.01.29-20.15.31:023][  0]LogWindows: WindowsPlatformFeatures enabled
[2022.01.29-20.15.31:162][  0]LogInit: Physics initialised using underlying interface: PhysX
[2022.01.29-20.15.31:163][  0]LogInit: Using OS detected language (en-US).
[2022.01.29-20.15.31:163][  0]LogInit: Using OS detected locale (en-US).
[2022.01.29-20.15.31:165][  0]LogTextLocalizationManager: No specific localization for 'en-US' exists, so the 'en' localization will be used.
[2022.01.29-20.15.31:324][  0]LogInit: Setting process to per monitor DPI aware
[2022.01.29-20.15.31:355][  0]LogWindowsTextInputMethodSystem: Display: IME system deactivated.
[2022.01.29-20.15.31:374][  0]LogSlate: New Slate User Created.  User Index 0, Is Virtual User: 0
[2022.01.29-20.15.31:374][  0]LogSlate: Slate User Registered.  User Index 0, Is Virtual User: 0
[2022.01.29-20.15.31:549][  0]LogD3D11RHI: Loaded GFSDK_Aftermath_Lib.x64.dll
[2022.01.29-20.15.31:612][  0]LogHMD: Failed to initialize OpenVR with code 108
[2022.01.29-20.15.31:612][  0]LogD3D11RHI: D3D11 min allowed feature level: 11_0
[2022.01.29-20.15.31:612][  0]LogD3D11RHI: D3D11 max allowed feature level: 11_0
[2022.01.29-20.15.31:612][  0]LogD3D11RHI: D3D11 adapters:
[2022.01.29-20.15.31:707][  0]LogD3D11RHI:    0. 'NVIDIA GeForce GTX 1080 Ti' (Feature Level 11_0)
[2022.01.29-20.15.31:707][  0]LogD3D11RHI:       11127/0/8164 MB DedicatedVideo/DedicatedSystem/SharedSystem, Outputs:2, VendorId:0x10de
[2022.01.29-20.15.31:712][  0]LogD3D11RHI:    1. 'Microsoft Basic Render Driver' (Feature Level 11_0)
[2022.01.29-20.15.31:712][  0]LogD3D11RHI:       0/0/8164 MB DedicatedVideo/DedicatedSystem/SharedSystem, Outputs:0, VendorId:0x1414
[2022.01.29-20.15.31:712][  0]LogD3D11RHI: Chosen D3D11 Adapter:
[2022.01.29-20.15.31:712][  0]LogD3D11RHI:     Description : NVIDIA GeForce GTX 1080 Ti
[2022.01.29-20.15.31:712][  0]LogD3D11RHI:     VendorId    : 10de
[2022.01.29-20.15.31:712][  0]LogD3D11RHI:     DeviceId    : 1b06
[2022.01.29-20.15.31:712][  0]LogD3D11RHI:     SubSysId    : 85e21043
[2022.01.29-20.15.31:712][  0]LogD3D11RHI:     Revision    : 00a1
[2022.01.29-20.15.31:712][  0]LogD3D11RHI:     DedicatedVideoMemory : 11667505152 bytes
[2022.01.29-20.15.31:712][  0]LogD3D11RHI:     DedicatedSystemMemory : 0 bytes
[2022.01.29-20.15.31:712][  0]LogD3D11RHI:     SharedSystemMemory : 8560791552 bytes
[2022.01.29-20.15.31:712][  0]LogD3D11RHI:     AdapterLuid : 0 89602
[2022.01.29-20.15.31:719][  0]LogD3D11RHI: Creating new Direct3DDevice
[2022.01.29-20.15.31:719][  0]LogD3D11RHI:     GPU DeviceId: 0x1b06 (for the marketing name, search the web for "GPU Device Id")
[2022.01.29-20.15.31:719][  0]LogWindows: EnumDisplayDevices:
[2022.01.29-20.15.31:720][  0]LogWindows:    0. 'NVIDIA GeForce GTX 1080 Ti' (P:0 D:1)
[2022.01.29-20.15.31:720][  0]LogWindows:    1. 'NVIDIA GeForce GTX 1080 Ti' (P:1 D:1)
[2022.01.29-20.15.31:720][  0]LogWindows:    2. 'NVIDIA GeForce GTX 1080 Ti' (P:0 D:0)
[2022.01.29-20.15.31:720][  0]LogWindows:    3. 'NVIDIA GeForce GTX 1080 Ti' (P:0 D:0)
[2022.01.29-20.15.31:721][  0]LogWindows: DebugString: FoundDriverCount:4 
[2022.01.29-20.15.31:721][  0]LogD3D11RHI:     Adapter Name: NVIDIA GeForce GTX 1080 Ti
[2022.01.29-20.15.31:721][  0]LogD3D11RHI:   Driver Version: 497.09 (internal:30.0.14.9709, unified:497.09)
[2022.01.29-20.15.31:721][  0]LogD3D11RHI:      Driver Date: 11-26-2021
[2022.01.29-20.15.31:721][  0]LogRHI: Texture pool is 7788 MB (70% of 11127 MB)
[2022.01.29-20.15.31:721][  0]LogD3D11RHI: Creating D3DDevice using adapter:
[2022.01.29-20.15.31:721][  0]LogD3D11RHI:     Description : NVIDIA GeForce GTX 1080 Ti
[2022.01.29-20.15.31:721][  0]LogD3D11RHI:     VendorId    : 10de
[2022.01.29-20.15.31:721][  0]LogD3D11RHI:     DeviceId    : 1b06
[2022.01.29-20.15.31:721][  0]LogD3D11RHI:     SubSysId    : 85e21043
[2022.01.29-20.15.31:721][  0]LogD3D11RHI:     Revision    : 00a1
[2022.01.29-20.15.31:721][  0]LogD3D11RHI:     DedicatedVideoMemory : 11667505152 bytes
[2022.01.29-20.15.31:721][  0]LogD3D11RHI:     DedicatedSystemMemory : 0 bytes
[2022.01.29-20.15.31:721][  0]LogD3D11RHI:     SharedSystemMemory : 8560791552 bytes
[2022.01.29-20.15.31:721][  0]LogD3D11RHI:     AdapterLuid : 0 89602
[2022.01.29-20.15.31:780][  0]LogD3D11RHI: RHI has support for 64 bit atomics
[2022.01.29-20.15.31:780][  0]LogD3D11RHI: Async texture creation enabled
[2022.01.29-20.15.31:780][  0]LogD3D11RHI: Array index from any shader is supported
[2022.01.29-20.15.31:782][  0]LogD3D11RHI: HDR output is supported on display 0 (NvId: 0x80061080).
[2022.01.29-20.15.31:808][  0]LogD3D11RHI: GPU Timing Frequency: 1000.000000 (Debug: 2 1)
[2022.01.29-20.15.31:829][  0]LogRHI: GeForceNow SDK initialized: 1
[2022.01.29-20.15.32:063][  0]LogTargetPlatformManager: Display: Loaded TargetPlatform 'AllDesktop'
[2022.01.29-20.15.32:086][  0]LogTargetPlatformManager: Display: Loaded TargetPlatform 'Android'
[2022.01.29-20.15.32:086][  0]LogTargetPlatformManager: Display: Loaded TargetPlatform 'Android_ASTC'
[2022.01.29-20.15.32:086][  0]LogTargetPlatformManager: Display: Loaded TargetPlatform 'Android_DXT'
[2022.01.29-20.15.32:086][  0]LogTargetPlatformManager: Display: Loaded TargetPlatform 'Android_ETC2'
[2022.01.29-20.15.32:086][  0]LogTargetPlatformManager: Display: Loaded TargetPlatform 'AndroidClient'
[2022.01.29-20.15.32:086][  0]LogTargetPlatformManager: Display: Loaded TargetPlatform 'Android_ASTCClient'
[2022.01.29-20.15.32:086][  0]LogTargetPlatformManager: Display: Loaded TargetPlatform 'Android_DXTClient'
[2022.01.29-20.15.32:086][  0]LogTargetPlatformManager: Display: Loaded TargetPlatform 'Android_ETC2Client'
[2022.01.29-20.15.32:086][  0]LogTargetPlatformManager: Display: Loaded TargetPlatform 'Android_Multi'
[2022.01.29-20.15.32:086][  0]LogTargetPlatformManager: Display: Loaded TargetPlatform 'Android_MultiClient'
[2022.01.29-20.15.32:115][  0]LogTargetPlatformManager: Display: Loaded TargetPlatform 'IOSClient'
[2022.01.29-20.15.32:115][  0]LogTargetPlatformManager: Display: Loaded TargetPlatform 'IOS'
[2022.01.29-20.15.32:125][  0]LogTargetPlatformManager: Display: Loaded TargetPlatform 'Linux'
[2022.01.29-20.15.32:132][  0]LogTargetPlatformManager: Display: Loaded TargetPlatform 'LinuxNoEditor'
[2022.01.29-20.15.32:140][  0]LogTargetPlatformManager: Display: Loaded TargetPlatform 'LinuxClient'
[2022.01.29-20.15.32:148][  0]LogTargetPlatformManager: Display: Loaded TargetPlatform 'LinuxServer'
[2022.01.29-20.15.32:159][  0]LogTargetPlatformManager: Display: Loaded TargetPlatform 'LinuxAArch64NoEditor'
[2022.01.29-20.15.32:166][  0]LogTargetPlatformManager: Display: Loaded TargetPlatform 'LinuxAArch64Client'
[2022.01.29-20.15.32:174][  0]LogTargetPlatformManager: Display: Loaded TargetPlatform 'LinuxAArch64Server'
[2022.01.29-20.15.32:200][  0]LogTargetPlatformManager: Display: Loaded TargetPlatform 'Lumin'
[2022.01.29-20.15.32:200][  0]LogTargetPlatformManager: Display: Loaded TargetPlatform 'LuminClient'
[2022.01.29-20.15.32:211][  0]LogTargetPlatformManager: Display: Loaded TargetPlatform 'MacNoEditor'
[2022.01.29-20.15.32:217][  0]LogTargetPlatformManager: Display: Loaded TargetPlatform 'Mac'
[2022.01.29-20.15.32:224][  0]LogTargetPlatformManager: Display: Loaded TargetPlatform 'MacClient'
[2022.01.29-20.15.32:232][  0]LogTargetPlatformManager: Display: Loaded TargetPlatform 'MacServer'
[2022.01.29-20.15.32:245][  0]LogTargetPlatformManager: Display: Loaded TargetPlatform 'TVOSClient'
[2022.01.29-20.15.32:245][  0]LogTargetPlatformManager: Display: Loaded TargetPlatform 'TVOS'
[2022.01.29-20.15.32:255][  0]LogTargetPlatformManager: Display: Loaded TargetPlatform 'WindowsNoEditor'
[2022.01.29-20.15.32:262][  0]LogTargetPlatformManager: Display: Loaded TargetPlatform 'Windows'
[2022.01.29-20.15.32:270][  0]LogTargetPlatformManager: Display: Loaded TargetPlatform 'WindowsClient'
[2022.01.29-20.15.32:276][  0]LogTargetPlatformManager: Display: Loaded TargetPlatform 'WindowsServer'
[2022.01.29-20.15.32:276][  0]LogTargetPlatformManager: Display: Building Assets For Windows
[2022.01.29-20.15.32:295][  0]LogAudioDebug: Display: Lib vorbis DLL was dynamically loaded.
[2022.01.29-20.15.32:353][  0]LogTextureFormatOodle: Display: Oodle Texture 2.9.0 init RDO Off
[2022.01.29-20.15.32:420][  0]LogRendererCore: Ray tracing is disabled. Reason: r.RayTracing=0.
[2022.01.29-20.15.32:421][  0]LogShaderCompilers: Guid format shader working directory is -18 characters bigger than the processId version (C:/Users/cf/source/repos/School/UnrealFPSGunSystem/GunSystem/Intermediate/Shaders/WorkingDirectory/21792/).
[2022.01.29-20.15.32:421][  0]LogShaderCompilers: Cleaned the shader compiler working directory 'C:/Users/cf/AppData/Local/Temp/UnrealShaderWorkingDir/E302822245BF9C03C9BDB2AA82B050D7/'.
[2022.01.29-20.15.32:421][  0]LogXGEController: Cannot use XGE Controller as Incredibuild is not installed on this machine.
[2022.01.29-20.15.32:421][  0]LogShaderCompilers: Cannot use XGE Shader Compiler as Incredibuild is not installed on this machine.
[2022.01.29-20.15.32:421][  0]LogShaderCompilers: Display: Using Local Shader Compiler.
[2022.01.29-20.15.33:062][  0]LogDerivedDataCache: Display: Max Cache Size: 512 MB
[2022.01.29-20.15.33:109][  0]LogDerivedDataCache: Loaded boot cache 0.05s 99MB C:/Users/cf/AppData/Local/UnrealEngine/4.27/DerivedDataCache/Boot.ddc.
[2022.01.29-20.15.33:110][  0]LogDerivedDataCache: Display: Loaded Boot cache: C:/Users/cf/AppData/Local/UnrealEngine/4.27/DerivedDataCache/Boot.ddc
[2022.01.29-20.15.33:110][  0]LogDerivedDataCache: FDerivedDataBackendGraph:  Pak pak cache file C:/Users/cf/source/repos/School/UnrealFPSGunSystem/GunSystem/DerivedDataCache/DDC.ddp not found, will not use a pak cache.
[2022.01.29-20.15.33:110][  0]LogDerivedDataCache: Unable to find inner node Pak for hierarchical cache Hierarchy.
[2022.01.29-20.15.33:110][  0]LogDerivedDataCache: FDerivedDataBackendGraph:  CompressedPak pak cache file C:/Users/cf/source/repos/School/UnrealFPSGunSystem/GunSystem/DerivedDataCache/Compressed.ddp not found, will not use a pak cache.
[2022.01.29-20.15.33:110][  0]LogDerivedDataCache: Unable to find inner node CompressedPak for hierarchical cache Hierarchy.
[2022.01.29-20.15.33:126][  0]LogDerivedDataCache: Display: Pak cache opened for reading ../../../Engine/DerivedDataCache/Compressed.ddp.
[2022.01.29-20.15.33:127][  0]LogDerivedDataCache: FDerivedDataBackendGraph:  EnterprisePak pak cache file ../../../Enterprise/DerivedDataCache/Compressed.ddp not found, will not use a pak cache.
[2022.01.29-20.15.33:127][  0]LogDerivedDataCache: Unable to find inner node EnterprisePak for hierarchical cache Hierarchy.
[2022.01.29-20.15.33:133][  0]LogDerivedDataCache: Speed tests for C:/Users/cf/AppData/Local/UnrealEngine/Common/DerivedDataCache took 0.01 seconds
[2022.01.29-20.15.33:134][  0]LogDerivedDataCache: Display: Performance to C:/Users/cf/AppData/Local/UnrealEngine/Common/DerivedDataCache: Latency=0.03ms. RandomReadSpeed=1282.86MBs, RandomWriteSpeed=164.80MBs. Assigned SpeedClass 'Local'
[2022.01.29-20.15.33:136][  0]LogDerivedDataCache: Using Local data cache path C:/Users/cf/AppData/Local/UnrealEngine/Common/DerivedDataCache: Writable
[2022.01.29-20.15.33:136][  0]LogDerivedDataCache: Shared data cache path not found in *engine.ini, will not use an Shared cache.
[2022.01.29-20.15.33:136][  0]LogDerivedDataCache: Unable to find inner node Shared for hierarchical cache Hierarchy.
[2022.01.29-20.15.33:177][  0]LogSlate: Using FreeType 2.10.0
[2022.01.29-20.15.33:177][  0]LogSlate: SlateFontServices - WITH_FREETYPE: 1, WITH_HARFBUZZ: 1
[2022.01.29-20.15.33:201][  0]LogAssetRegistry: FAssetRegistry took 0.0039 seconds to start up
[2022.01.29-20.15.33:405][  0]LogInit: Selected Device Profile: [Windows]
[2022.01.29-20.15.33:405][  0]LogInit: Active device profile: [0000029CF8938B00][0000029CF7D7D300 49] Windows
[2022.01.29-20.15.33:405][  0]LogInit: Profiles: [0000029CF8938B00][0000029CF7D7D300 49] Windows, [0000029CF890A200][0000029CED0BF480 49] WindowsNoEditor, [0000029CF8939900][0000029CED0E3600 49] WindowsServer, [0000029CF890AF00][0000029CED0E7780 49] WindowsClient, [0000029CF893BC00][0000029CED0EB900 49] IOS, [0000029CF8908F00][0000029CED0EFA80 49] iPadAir, [0000029CF893BE00][0000029CF65DFC00 49] iPadAir2, [0000029CF8890E00][0000029CF65E6340 49] IPadPro, [0000029CF8890F00][0000029CF65E2380 49] iPadAir3, [0000029CF890BC00][0000029CECE1A500 49] iPadAir4, [0000029CF8893800][0000029CECE1E680 49] iPadMini2, [0000029CF890B000][0000029CF918C7C0 49] iPadMini3, [0000029CF8893A00][0000029CECE22900 49] iPadMini4, [0000029CF890B800][0000029CECE26A40 49] iPadMini5, [0000029CF88B0600][0000029CF65F2CC0 49] iPhone6, [0000029CF88B0700][0000029CECE2AD00 49] iPodTouch6, [0000029CF893A900][0000029CF65FEFC0 49] iPhone7, [0000029CF893A600][0000029CF65F7000 49] iPodTouch7, [0000029CF88B0100][0000029CF6603180 49] iPhone5S, [0000029CF8890700][0000029CF6607300 49] iPhone6Plus, [0000029CF88B2500][0000029CF660B480 49] iPhone6S, [0000029CF8891200][0000029CF7CE5600 49] iPhone6SPlus, [0000029CF88B3B00][0000029CF7CE9780 49] iPhone7Plus, [0000029CF8893700][0000029CF7CED900 49] iPhoneSE, [0000029CF893AC00][0000029CF7CF1A80 49] iPhone8, [0000029CF8890600][0000029CF7D2FC00 49] iPhone8Plus, [0000029CF893A100][0000029CF7D32200 49] iPhoneX, [0000029CF8892A00][0000029CF7D42380 49] iPhoneXS, [0000029CF893B200][0000029CED098500 49] iPhoneXSMax, [0000029CF8892F00][0000029CED0A8680 49] iPhoneXR, [0000029CF893BB00][0000029CF8EF4800 49] iPhone11, [0000029CF8891D00][0000029CECE2E940 49] iPhone11Pro, [0000029CF8938600][0000029CF8EF8A80 49] iPhone11ProMax, [0000029CF8892100][0000029CF8F00BC0 49] iPhoneSE2, [0000029CF893BA00][0000029CED0B0D00 49] iPhone12Mini, [0000029CF8892200][0000029CED0B8E80 49] iPhone12, [0000029CF8938700][0000029CED0C3000 49] iPhone12Pro, [0000029CF8892400][0000029CED0C7180 49] iPhone12ProMax, [0000029CF8939200][0000029CED0CB300 49] iPadPro105, [0000029CF8891900][0000029CED0DB480 49] iPadPro129, [0000029CF8938400][0000029CED0DF600 49] iPadPro97, [0000029CF8893C00][0000029CF8EFD780 49] iPadPro2_129, [0000029CF893B900][0000029CF957D900 49] iPad5, [0000029CF8890300][0000029CF9581A80 49] iPad6, [0000029CF8939B00][0000029CF9585C00 49] iPad7, [0000029CF8892500][0000029CF9588200 49] iPad8, [0000029CF8939700][0000029CF958C380 49] iPadPro11, [0000029CF8893900][0000029CED0A4500 49] iPadPro2_11, [0000029CF8939400][0000029CED0AC680 49] iPadPro3_129, [0000029CF8892300][0000029CF9590800 49] iPadPro4_129, [0000029CF893B700][0000029CF9594980 49] AppleTV, [0000029CF8893B00][0000029CF9598B00 49] AppleTV4K, [0000029CF8939D00][0000029CED0B4C40 49] TVOS, [0000029CF8890800][0000029CF959CD80 49] Mac, [0000029CF893A400][0000029CF7C9EEC0 49] MacClient, [0000029CF8892D00][0000029CF7CA7040 49] MacNoEditor, [0000029CF893B500][0000029CF7CAB1C0 49] MacServer, [0000029CF8890A00][0000029CF7CAF340 49] Linux, [0000029CF893AB00][0000029CF7CB34C0 49] LinuxAArch64, [0000029CF8892900][0000029CF7CB7640 49] LinuxNoEditor, [0000029CF893A500][0000029CF7CBB7C0 49] LinuxAArch64NoEditor, [0000029CF8890D00][0000029CF7CBF940 49] LinuxClient, [0000029CF8938D00][0000029CF7CC3AC0 49] LinuxAArch64Client, [0000029CF8891F00][0000029CF7CC60C0 49] LinuxServer, [0000029CF893B100][0000029CF7CCA240 49] LinuxAArch64Server, [0000029CF8891100][0000029CF7CCE3C0 49] Android, [0000029CF893AE00][0000029CF7CD2540 49] Android_Low, [0000029CF8893400][0000029CF7CD66C0 49] Android_Mid, [0000029CF893A200][0000029CF7CDA840 49] Android_High, [0000029CF8891000][0000029CF7CDE9C0 49] Android_Default, [0000029CF8939300][0000029CF6586B40 49] Android_Adreno4xx, [0000029CF890A400][0000029CF658ACC0 49] Android_Adreno5xx_Low, [0000029CF88B1C00][0000029CF7CA2E00 49] Android_Adreno5xx, [0000029CF890B700][0000029CF658EF40 49] Android_Adreno6xx, [0000029CF88B2000][0000029CF6593080 49] Android_Adreno6xx_Vulkan, [0000029CF8908400][0000029CF65971C0 49] Android_Mali_T6xx, [0000029CF88B0F00][0000029CF659F340 49] Android_Mali_T7xx, [0000029CF8909F00][0000029CF65A34C0 49] Android_Mali_T8xx, [0000029CF88B1F00][0000029CF65A7640 49] Android_Mali_G71, [0000029CF890A900][0000029CF65AB7C0 49] Android_Mali_G72, [0000029CF88B2F00][0000029CF65AF940 49] Android_Mali_G72_Vulkan, [0000029CF890BF00][0000029CF65B3AC0 49] Android_Mali_G76, [0000029CF88B2200][0000029CF65B60C0 49] Android_Mali_G76_Vulkan, [0000029CF8909E00][0000029CF65BA240 49] Android_Mali_G77, [0000029CF88B2C00][0000029CF65BE3C0 49] Android_Mali_G77_Vulkan, [0000029CF890B500][0000029CF65C2540 49] Android_Mali_G78, [0000029CF88B1300][0000029CF65C66C0 49] Android_Mali_G78_Vulkan, [0000029CF8909400][0000029CF65CA840 49] Android_Mali_G710, [0000029CF88B0500][0000029CF65CE9C0 49] Android_Mali_G710_Vulkan, [0000029CF8908700][0000029CF65D2B40 49] Android_Vulkan_SM5, [0000029CF88B3F00][0000029CF65D6CC0 49] Android_PowerVR_G6xxx, [0000029CF890A000][0000029CF65DAE40 49] Android_PowerVR_GT7xxx, [0000029CF88B3000][0000029CF659AF80 49] Android_PowerVR_GE8xxx, [0000029CF890B900][0000029CF94EF0C0 49] Android_PowerVR_GM9xxx, [0000029CF88B2800][0000029CF94F3200 49] Android_PowerVR_GM9xxx_Vulkan, [0000029CF8909700][0000029CF94F7340 49] Android_TegraK1, [0000029CF88B1700][0000029CF94FF4C0 49] Android_Unknown_Vulkan, [0000029CF890B400][0000029CF9503640 49] Lumin, [0000029CF88B3C00][0000029CF95077C0 49] Lumin_Desktop, [0000029CF8908E00][0000029CF950B940 49] HoloLens, 
[2022.01.29-20.15.33:545][  0]LogMeshReduction: Using QuadricMeshReduction for automatic static mesh reduction
[2022.01.29-20.15.33:545][  0]LogMeshReduction: Using SimplygonMeshReduction for automatic skeletal mesh reduction
[2022.01.29-20.15.33:545][  0]LogMeshReduction: Using ProxyLODMeshReduction for automatic mesh merging
[2022.01.29-20.15.33:545][  0]LogMeshReduction: No distributed automatic mesh merging module available
[2022.01.29-20.15.33:545][  0]LogMeshMerging: No distributed automatic mesh merging module available
[2022.01.29-20.15.33:565][  0]LogNetVersion: GunSystem 1.0.0, NetCL: 17155196, EngineNetVer: 17, GameNetVer: 0 (Checksum: 4124387320)
[2022.01.29-20.15.33:887][  0]LogTexture: Default maximum texture size for cubemaps generated from long-lat sources has been changed from 512 to unlimited. In order to preserve old behaiour for '/Engine/MapTemplates/Sky/DaylightAmbientCubemap.DaylightAmbientCubemap', its maximum texture size has been explicitly set to 512.
[2022.01.29-20.15.33:933][  0]LogHMD: PokeAHoleMaterial loaded successfully
[2022.01.29-20.15.33:938][  0]LogUObjectArray: 17178 objects as part of root set at end of initial load.
[2022.01.29-20.15.33:939][  0]LogUObjectAllocator: 4302048 out of 0 bytes used by permanent object pool.
[2022.01.29-20.15.33:939][  0]LogUObjectArray: CloseDisregardForGC: 0/0 objects in disregard for GC pool
[2022.01.29-20.15.34:320][  0]LogNiagaraDebuggerClient: Niagara Debugger Client Initialized | Session: 5A6C78A04A043F16CBBB15AA9A9EE2F3 | Instance: 33CBEAB44C093BC5ED5ABBA914ED852C (DCF-21792).
[2022.01.29-20.15.34:381][  0]LogPython: Using Python 3.7.7
[2022.01.29-20.15.34:962][  0]LogTcpMessaging: Initializing TcpMessaging bridge
[2022.01.29-20.15.34:969][  0]LogUdpMessaging: Initializing bridge on interface 0.0.0.0:0 to multicast group 230.0.0.1:6666.
[2022.01.29-20.15.35:064][  0]LogLinker: Warning: Failed to load '/Game/FirstPersonCPP/Blueprints/FirstPersonCharacter': Can't find file.
[2022.01.29-20.15.35:064][  0]LogLinker: Warning: Failed to load '/Game/FirstPersonCPP/Blueprints/FirstPersonCharacter': Can't find file.
[2022.01.29-20.15.35:064][  0]LogUObjectGlobals: Warning: Failed to find object 'Class /Game/FirstPersonCPP/Blueprints/FirstPersonCharacter.FirstPersonCharacter_C'
[2022.01.29-20.15.35:064][  0]Error: CDO Constructor (GunSystemGameMode): Failed to find /Game/FirstPersonCPP/Blueprints/FirstPersonCharacter.FirstPersonCharacter_C

[2022.01.29-20.15.35:064][  0]LogLinker: Warning: Failed to load '/Game/FirstPerson/Textures/FirstPersonCrosshair': Can't find file.
[2022.01.29-20.15.35:065][  0]LogLinker: Warning: Failed to load '/Game/FirstPerson/Textures/FirstPersonCrosshair': Can't find file.
[2022.01.29-20.15.35:065][  0]LogUObjectGlobals: Warning: Failed to find object 'Texture2D /Game/FirstPerson/Textures/FirstPersonCrosshair.FirstPersonCrosshair'
[2022.01.29-20.15.35:065][  0]Error: CDO Constructor (GunSystemHUD): Failed to find /Game/FirstPerson/Textures/FirstPersonCrosshair

[2022.01.29-20.15.35:065][  0]LogUObjectBase: Warning: -------------- Default Property warnings and errors:
[2022.01.29-20.15.35:065][  0]LogUObjectBase: Warning: Error: CDO Constructor (GunSystemGameMode): Failed to find /Game/FirstPersonCPP/Blueprints/FirstPersonCharacter.FirstPersonCharacter_C

[2022.01.29-20.15.35:065][  0]LogUObjectBase: Warning: Error: CDO Constructor (GunSystemHUD): Failed to find /Game/FirstPerson/Textures/FirstPersonCrosshair

[2022.01.29-20.15.47:742][  0]Message dialog closed, result: Ok, title: Message, text: Default Property warnings and errors:
Error: CDO Constructor (GunSystemGameMode): Failed to find /Game/FirstPersonCPP/Blueprints/FirstPersonCharacter.FirstPersonCharacter_C

Error: CDO Constructor (GunSystemHUD): Failed to find /Game/FirstPerson/Textures/FirstPersonCrosshair


[2022.01.29-20.15.47:806][  0]LogLinker: Warning: Failed to load '/Game/ThirdPersonBP/DefaultCOntent/ThirdPersonOverview': Can't find file.
[2022.01.29-20.15.47:807][  0]LogLinker: Warning: Failed to load '/Game/ThirdPersonBP/DefaultCOntent/ThirdPersonOverview': Can't find file.
[2022.01.29-20.15.47:807][  0]LogUObjectGlobals: Warning: Failed to find object 'Class /Game/ThirdPersonBP/DefaultCOntent/ThirdPersonOverview.ThirdPersonOverview_C'
[2022.01.29-20.15.47:907][  0]SourceControl: Source control is disabled
[2022.01.29-20.15.47:907][  0]SourceControl: Source control is disabled
[2022.01.29-20.15.47:912][  0]SourceControl: Source control is disabled
[2022.01.29-20.15.47:917][  0]SourceControl: Source control is disabled
[2022.01.29-20.15.47:935][  0]SourceControl: Source control is disabled
[2022.01.29-20.15.47:961][  0]LogUProjectInfo: Found projects:
[2022.01.29-20.15.48:211][  0]LogOpenImageDenoise: OIDN starting up
[2022.01.29-20.15.48:271][  0]LogAndroidPermission: UAndroidPermissionCallbackProxy::GetInstance
[2022.01.29-20.15.48:305][  0]LogAudioCaptureCore: Display: No Audio Capture implementations found. Audio input will be silent.
[2022.01.29-20.15.48:306][  0]LogAudioCaptureCore: Display: No Audio Capture implementations found. Audio input will be silent.
[2022.01.29-20.15.48:441][  0]LogCollectionManager: Loaded 0 collections in 0.000683 seconds
[2022.01.29-20.15.48:473][  0]LogFileCache: Scanning file cache for directory 'C:/Users/cf/source/repos/School/UnrealFPSGunSystem/GunSystem/Saved/Collections/' took 0.00s
[2022.01.29-20.15.48:473][  0]LogFileCache: Scanning file cache for directory 'C:/Users/cf/source/repos/School/UnrealFPSGunSystem/GunSystem/Content/Developers/cf/Collections/' took 0.00s
[2022.01.29-20.15.48:473][  0]LogFileCache: Scanning file cache for directory 'C:/Users/cf/source/repos/School/UnrealFPSGunSystem/GunSystem/Content/Collections/' took 0.00s
[2022.01.29-20.15.48:473][  0]LogOcInput: OculusInput pre-init called
[2022.01.29-20.15.48:681][  0]LogEngine: Initializing Engine...
[2022.01.29-20.15.48:753][  0]LogHMD: Failed to initialize OpenVR with code 108
[2022.01.29-20.15.48:772][  0]LogHMD: Optional extension XR_VARJO_quad_views is not available
[2022.01.29-20.15.48:772][  0]LogHMD: Warning: Required extension XR_EXT_eye_gaze_interaction is not available
[2022.01.29-20.15.48:773][  0]LogHMD: Could not enable all required OpenXR extensions for OpenXREyeTracker on current system. This plugin will be loaded but ignored, but will be enabled on a target platform that supports the required extension.
[2022.01.29-20.15.48:814][  0]LogHMD: Failed to create an OpenXR instance, result is XR_ERROR_RUNTIME_FAILURE. Please check if you have an OpenXR runtime installed. The following extensions were enabled:
[2022.01.29-20.15.48:814][  0]LogHMD: - XR_KHR_D3D11_enable
[2022.01.29-20.15.48:814][  0]LogHMD: - XR_KHR_D3D12_enable
[2022.01.29-20.15.48:814][  0]LogHMD: - XR_KHR_opengl_enable
[2022.01.29-20.15.48:814][  0]LogHMD: - XR_KHR_vulkan_enable
[2022.01.29-20.15.48:814][  0]LogHMD: - XR_KHR_composition_layer_depth
[2022.01.29-20.15.48:814][  0]LogHMD: - XR_KHR_visibility_mask
[2022.01.29-20.15.48:814][  0]LogHMD: - XR_EXT_hand_tracking
[2022.01.29-20.15.48:814][  0]LogMagicLeap: Warning: VR disabled because ZI is not enabled.  To enable, in the editor, Edit -> Project Settings -> Plugins -> Magic Leap Plugin -> Enable Zero Iteration
[2022.01.29-20.15.48:815][  0]LogStats: UGameplayTagsManager::InitializeManager -  0.000 s
[2022.01.29-20.15.48:913][  0]LogInit: Initializing FReadOnlyCVARCache
[2022.01.29-20.15.48:923][  0]LogAIModule: Creating AISystem for world Untitled
[2022.01.29-20.15.48:927][  0]LogAudio: Display: Initializing Audio Device Manager...
[2022.01.29-20.15.48:932][  0]LogAudio: Display: Loading Default Audio Settings Objects...
[2022.01.29-20.15.48:933][  0]LogAudio: Display: No default SoundConcurrencyObject specified (or failed to load).
[2022.01.29-20.15.48:934][  0]LogAudio: Display: Audio Device Manager Initialized
[2022.01.29-20.15.48:934][  0]LogAudio: Display: Creating Audio Device:                 Id: 1, Scope: Shared, Realtime: True
[2022.01.29-20.15.48:934][  0]LogAudioMixer: Display: Audio Mixer Platform Settings:
[2022.01.29-20.15.48:934][  0]LogAudioMixer: Display: 	Sample Rate:						  48000
[2022.01.29-20.15.48:934][  0]LogAudioMixer: Display: 	Callback Buffer Frame Size Requested: 1024
[2022.01.29-20.15.48:934][  0]LogAudioMixer: Display: 	Callback Buffer Frame Size To Use:	  1024
[2022.01.29-20.15.48:934][  0]LogAudioMixer: Display: 	Number of buffers to queue:			  2
[2022.01.29-20.15.48:934][  0]LogAudioMixer: Display: 	Max Channels (voices):				  32
[2022.01.29-20.15.48:934][  0]LogAudioMixer: Display: 	Number of Async Source Workers:		  0
[2022.01.29-20.15.48:934][  0]LogAudio: Display: AudioDevice MaxSources: 32
[2022.01.29-20.15.48:935][  0]LogAudio: Display: Audio Spatialization Plugin: None (built-in).
[2022.01.29-20.15.48:935][  0]LogAudio: Display: Audio Reverb Plugin: None (built-in).
[2022.01.29-20.15.48:935][  0]LogAudio: Display: Audio Occlusion Plugin: None (built-in).
[2022.01.29-20.15.48:935][  0]LogAudioMixer: Display: Initializing audio mixer.
[2022.01.29-20.15.48:969][  0]LogAudioMixer: Display: 0: FrontLeft
[2022.01.29-20.15.48:969][  0]LogAudioMixer: Display: 1: FrontRight
[2022.01.29-20.15.48:999][  0]LogAudioMixer: Display: Using Audio Device Speakers (Realtek(R) Audio)
[2022.01.29-20.15.49:003][  0]LogAudioMixer: Display: Initializing Sound Submixes...
[2022.01.29-20.15.49:005][  0]LogAudioMixer: Display: Creating Master Submix 'MasterSubmixDefault'
[2022.01.29-20.15.49:005][  0]LogAudioMixer: Display: Creating Master Submix 'MasterReverbSubmixDefault'
[2022.01.29-20.15.49:006][  0]LogAudioMixer: Display: Creating Master Submix 'MasterEQSubmixDefault'
[2022.01.29-20.15.49:006][  0]LogAudioMixer: FMixerPlatformXAudio2::StartAudioStream() called
[2022.01.29-20.15.49:006][  0]LogAudioMixer: Display: Output buffers initialized: Frames=1024, Channels=2, Samples=2048
[2022.01.29-20.15.49:007][  0]LogAudioMixer: Display: Starting AudioMixerPlatformInterface::RunInternal()
[2022.01.29-20.15.49:007][  0]LogAudioMixer: Display: FMixerPlatformXAudio2::SubmitBuffer() called for the first time
[2022.01.29-20.15.49:007][  0]LogInit: FAudioDevice initialized.
[2022.01.29-20.15.49:008][  0]LogAudio: Display: Audio Device (ID: 1) registered with world 'Untitled'.
[2022.01.29-20.15.49:008][  0]LogNetVersion: Set ProjectVersion to 1.0.0.0. Version Checksum will be recalculated on next use.
[2022.01.29-20.15.49:087][  0]LogDerivedDataCache: Saved boot cache 0.08s 94MB C:/Users/cf/AppData/Local/UnrealEngine/4.27/DerivedDataCache/Boot.ddc.
[2022.01.29-20.15.49:087][  0]LogInit: Texture streaming: Enabled
[2022.01.29-20.15.49:105][  0]LogAnalytics: Display: [UEEditor.Rocket.Release] APIServer = https://datarouter.ol.epicgames.com/. AppVersion = 4.27.2-18319896+++UE4+Release-4.27
[2022.01.29-20.15.49:111][  0]LogEngineSessionManager: EngineSessionManager initialized
[2022.01.29-20.15.49:111][  0]LogEditorSessionSummary: Verbose: Initializing EditorSessionSummaryWriter for editor session tracking
[2022.01.29-20.15.49:112][  0]LogEditorSessionSummary: EditorSessionSummaryWriter initialized
[2022.01.29-20.15.49:138][  0]LogInit: Transaction tracking system initialized
[2022.01.29-20.15.49:167][  0]BlueprintLog: New page: Editor Load
[2022.01.29-20.15.49:247][  0]LocalizationService: Localization service is disabled
[2022.01.29-20.15.49:277][  0]TimingProfiler: Initialize
[2022.01.29-20.15.49:277][  0]TimingProfiler: OnSessionChanged
[2022.01.29-20.15.49:277][  0]LoadingProfiler: Initialize
[2022.01.29-20.15.49:278][  0]LoadingProfiler: OnSessionChanged
[2022.01.29-20.15.49:278][  0]NetworkingProfiler: Initialize
[2022.01.29-20.15.49:278][  0]NetworkingProfiler: OnSessionChanged
[2022.01.29-20.15.49:278][  0]MemoryProfiler: Initialize
[2022.01.29-20.15.49:278][  0]MemoryProfiler: OnSessionChanged
[2022.01.29-20.15.49:425][  0]LogCook: Display: CookSettings for Memory: MemoryMaxUsedVirtual 0MiB, MemoryMaxUsedPhysical 16384MiB, MemoryMinFreeVirtual 0MiB, MemoryMinFreePhysical 1024MiB
[2022.01.29-20.15.49:425][  0]LogCook: Display: Mobile HDR setting 1
[2022.01.29-20.15.49:664][  0]LogFileCache: Scanning file cache for directory 'C:/Users/cf/source/repos/School/UnrealFPSGunSystem/GunSystem/Content/' took 0.00s
[2022.01.29-20.15.49:806][  0]LogInit: Display: Engine is initialized. Leaving FEngineLoop::Init()
[2022.01.29-20.15.49:809][  0]SourceControl: Source control is disabled
[2022.01.29-20.15.49:809][  0]LogUnrealEdMisc: Loading editor; pre map load, took 20.769
[2022.01.29-20.15.49:809][  0]Cmd: MAP LOAD FILE="C:/Users/cf/source/repos/School/UnrealFPSGunSystem/GunSystem/Content/FirstPersonCPP/Maps/FirstPersonExampleMap.umap" TEMPLATE=0 SHOWPROGRESS=1 FEATURELEVEL=3
[2022.01.29-20.15.49:810][  0]LogEditorServer: Warning: Can't find file 'C:/Users/cf/source/repos/School/UnrealFPSGunSystem/GunSystem/Content/FirstPersonCPP/Maps/FirstPersonExampleMap.umap'
[2022.01.29-20.15.49:810][  0]Cmd: MAP CHECKDEP NOCLEARLOG
[2022.01.29-20.15.49:810][  0]MapCheck: Map check complete: 0 Error(s), 0 Warning(s), took 0.219ms to complete.
[2022.01.29-20.15.49:810][  0]LogFileHelpers: Loading map 'FirstPersonExampleMap' took 0.001
[2022.01.29-20.15.49:813][  0]LogUnrealEdMisc: Total Editor Startup Time, took 20.773
[2022.01.29-20.15.49:922][  0]LogSlate: Updating window title bar state: overlay mode, drag disabled, window buttons hidden, title bar hidden
[2022.01.29-20.15.49:927][  0]LogSlate: Updating window title bar state: overlay mode, drag disabled, window buttons hidden, title bar hidden
[2022.01.29-20.15.49:933][  0]LogSlate: Updating window title bar state: overlay mode, drag disabled, window buttons hidden, title bar hidden
[2022.01.29-20.15.49:938][  0]LogSlate: Updating window title bar state: overlay mode, drag disabled, window buttons hidden, title bar hidden
[2022.01.29-20.15.49:950][  0]LogNativeClassHierarchy: Verbose: Native class hierarchy populated in 0.0087 seconds. Added 3828 classes and 931 folders.
[2022.01.29-20.15.49:954][  0]LogNativeClassHierarchy: Verbose: Native class hierarchy updated for 'WidgetCarousel' in 0.0002 seconds. Added 0 classes and 0 folders.
[2022.01.29-20.15.49:955][  0]LogPakFile: PakFile PrimaryIndexSize=187
[2022.01.29-20.15.49:955][  0]LogPakFile: PakFile PathHashIndexSize=101
[2022.01.29-20.15.49:955][  0]LogPakFile: PakFile FullDirectoryIndexSize=148
[2022.01.29-20.15.49:955][  0]LogShaderLibrary: Display: ShaderCodeLibraryPakFileMountedCallback: PakFile 'E:/EpicGames/UE_4.27/FeaturePacks/FP_FirstPerson.upack' (chunk index -1, root 'root:/') mounted
[2022.01.29-20.15.49:955][  0]LogShaderLibrary: Display: ShaderCodeLibraryPakFileMountedCallback: pending pak file info (ChunkID:-1 Root:root:/ File:E:/EpicGames/UE_4.27/FeaturePacks/FP_FirstPerson.upack)
[2022.01.29-20.15.49:955][  0]LogPakFile: OnPakFileMounted2Time == 0.000115
[2022.01.29-20.15.49:956][  0]LogPakFile: PakFile PrimaryIndexSize=189
[2022.01.29-20.15.49:956][  0]LogPakFile: PakFile PathHashIndexSize=101
[2022.01.29-20.15.49:956][  0]LogPakFile: PakFile FullDirectoryIndexSize=152
[2022.01.29-20.15.49:956][  0]LogShaderLibrary: Display: ShaderCodeLibraryPakFileMountedCallback: PakFile 'E:/EpicGames/UE_4.27/FeaturePacks/FP_FirstPersonBP.upack' (chunk index -1, root 'root:/') mounted
[2022.01.29-20.15.49:956][  0]LogShaderLibrary: Display: ShaderCodeLibraryPakFileMountedCallback: pending pak file info (ChunkID:-1 Root:root:/ File:E:/EpicGames/UE_4.27/FeaturePacks/FP_FirstPersonBP.upack)
[2022.01.29-20.15.49:956][  0]LogPakFile: OnPakFileMounted2Time == 0.000107
[2022.01.29-20.15.49:957][  0]LogPakFile: PakFile PrimaryIndexSize=191
[2022.01.29-20.15.49:957][  0]LogPakFile: PakFile PathHashIndexSize=101
[2022.01.29-20.15.49:957][  0]LogPakFile: PakFile FullDirectoryIndexSize=160
[2022.01.29-20.15.49:957][  0]LogShaderLibrary: Display: ShaderCodeLibraryPakFileMountedCallback: PakFile 'E:/EpicGames/UE_4.27/FeaturePacks/MobileStarterContent.upack' (chunk index -1, root 'root:/') mounted
[2022.01.29-20.15.49:957][  0]LogShaderLibrary: Display: ShaderCodeLibraryPakFileMountedCallback: pending pak file info (ChunkID:-1 Root:root:/ File:E:/EpicGames/UE_4.27/FeaturePacks/MobileStarterContent.upack)
[2022.01.29-20.15.49:957][  0]LogPakFile: OnPakFileMounted2Time == 0.000100
[2022.01.29-20.15.49:958][  0]LogPakFile: PakFile PrimaryIndexSize=185
[2022.01.29-20.15.49:958][  0]LogPakFile: PakFile PathHashIndexSize=101
[2022.01.29-20.15.49:958][  0]LogPakFile: PakFile FullDirectoryIndexSize=148
[2022.01.29-20.15.49:958][  0]LogShaderLibrary: Display: ShaderCodeLibraryPakFileMountedCallback: PakFile 'E:/EpicGames/UE_4.27/FeaturePacks/StarterContent.upack' (chunk index -1, root 'root:/') mounted
[2022.01.29-20.15.49:958][  0]LogShaderLibrary: Display: ShaderCodeLibraryPakFileMountedCallback: pending pak file info (ChunkID:-1 Root:root:/ File:E:/EpicGames/UE_4.27/FeaturePacks/StarterContent.upack)
[2022.01.29-20.15.49:958][  0]LogPakFile: OnPakFileMounted2Time == 0.000091
[2022.01.29-20.15.49:958][  0]LogPakFile: PakFile PrimaryIndexSize=190
[2022.01.29-20.15.49:958][  0]LogPakFile: PakFile PathHashIndexSize=101
[2022.01.29-20.15.49:958][  0]LogPakFile: PakFile FullDirectoryIndexSize=154
[2022.01.29-20.15.49:958][  0]LogShaderLibrary: Display: ShaderCodeLibraryPakFileMountedCallback: PakFile 'E:/EpicGames/UE_4.27/FeaturePacks/TP_2DSideScroller.upack' (chunk index -1, root 'root:/') mounted
[2022.01.29-20.15.49:959][  0]LogShaderLibrary: Display: ShaderCodeLibraryPakFileMountedCallback: pending pak file info (ChunkID:-1 Root:root:/ File:E:/EpicGames/UE_4.27/FeaturePacks/TP_2DSideScroller.upack)
[2022.01.29-20.15.49:959][  0]LogPakFile: OnPakFileMounted2Time == 0.000096
[2022.01.29-20.15.49:959][  0]LogPakFile: PakFile PrimaryIndexSize=192
[2022.01.29-20.15.49:959][  0]LogPakFile: PakFile PathHashIndexSize=101
[2022.01.29-20.15.49:959][  0]LogPakFile: PakFile FullDirectoryIndexSize=158
[2022.01.29-20.15.49:959][  0]LogShaderLibrary: Display: ShaderCodeLibraryPakFileMountedCallback: PakFile 'E:/EpicGames/UE_4.27/FeaturePacks/TP_2DSideScrollerBP.upack' (chunk index -1, root 'root:/') mounted
[2022.01.29-20.15.49:959][  0]LogShaderLibrary: Display: ShaderCodeLibraryPakFileMountedCallback: pending pak file info (ChunkID:-1 Root:root:/ File:E:/EpicGames/UE_4.27/FeaturePacks/TP_2DSideScrollerBP.upack)
[2022.01.29-20.15.49:959][  0]LogPakFile: OnPakFileMounted2Time == 0.000093
[2022.01.29-20.15.49:960][  0]LogPakFile: PakFile PrimaryIndexSize=182
[2022.01.29-20.15.49:960][  0]LogPakFile: PakFile PathHashIndexSize=101
[2022.01.29-20.15.49:960][  0]LogPakFile: PakFile FullDirectoryIndexSize=138
[2022.01.29-20.15.49:960][  0]LogShaderLibrary: Display: ShaderCodeLibraryPakFileMountedCallback: PakFile 'E:/EpicGames/UE_4.27/FeaturePacks/TP_Flying.upack' (chunk index -1, root 'root:/') mounted
[2022.01.29-20.15.49:960][  0]LogShaderLibrary: Display: ShaderCodeLibraryPakFileMountedCallback: pending pak file info (ChunkID:-1 Root:root:/ File:E:/EpicGames/UE_4.27/FeaturePacks/TP_Flying.upack)
[2022.01.29-20.15.49:960][  0]LogPakFile: OnPakFileMounted2Time == 0.000095
[2022.01.29-20.15.49:961][  0]LogPakFile: PakFile PrimaryIndexSize=184
[2022.01.29-20.15.49:961][  0]LogPakFile: PakFile PathHashIndexSize=101
[2022.01.29-20.15.49:961][  0]LogPakFile: PakFile FullDirectoryIndexSize=142
[2022.01.29-20.15.49:961][  0]LogShaderLibrary: Display: ShaderCodeLibraryPakFileMountedCallback: PakFile 'E:/EpicGames/UE_4.27/FeaturePacks/TP_FlyingBP.upack' (chunk index -1, root 'root:/') mounted
[2022.01.29-20.15.49:961][  0]LogShaderLibrary: Display: ShaderCodeLibraryPakFileMountedCallback: pending pak file info (ChunkID:-1 Root:root:/ File:E:/EpicGames/UE_4.27/FeaturePacks/TP_FlyingBP.upack)
[2022.01.29-20.15.49:961][  0]LogPakFile: OnPakFileMounted2Time == 0.000188
[2022.01.29-20.15.49:962][  0]LogPakFile: PakFile PrimaryIndexSize=188
[2022.01.29-20.15.49:962][  0]LogPakFile: PakFile PathHashIndexSize=101
[2022.01.29-20.15.49:962][  0]LogPakFile: PakFile FullDirectoryIndexSize=150
[2022.01.29-20.15.49:962][  0]LogShaderLibrary: Display: ShaderCodeLibraryPakFileMountedCallback: PakFile 'E:/EpicGames/UE_4.27/FeaturePacks/TP_HandheldARBP.upack' (chunk index -1, root 'root:/') mounted
[2022.01.29-20.15.49:962][  0]LogShaderLibrary: Display: ShaderCodeLibraryPakFileMountedCallback: pending pak file info (ChunkID:-1 Root:root:/ File:E:/EpicGames/UE_4.27/FeaturePacks/TP_HandheldARBP.upack)
[2022.01.29-20.15.49:962][  0]LogPakFile: OnPakFileMounted2Time == 0.000100
[2022.01.29-20.15.49:963][  0]LogPakFile: PakFile PrimaryIndexSize=182
[2022.01.29-20.15.49:963][  0]LogPakFile: PakFile PathHashIndexSize=101
[2022.01.29-20.15.49:963][  0]LogPakFile: PakFile FullDirectoryIndexSize=138
[2022.01.29-20.15.49:963][  0]LogShaderLibrary: Display: ShaderCodeLibraryPakFileMountedCallback: PakFile 'E:/EpicGames/UE_4.27/FeaturePacks/TP_Puzzle.upack' (chunk index -1, root 'root:/') mounted
[2022.01.29-20.15.49:963][  0]LogShaderLibrary: Display: ShaderCodeLibraryPakFileMountedCallback: pending pak file info (ChunkID:-1 Root:root:/ File:E:/EpicGames/UE_4.27/FeaturePacks/TP_Puzzle.upack)
[2022.01.29-20.15.49:963][  0]LogPakFile: OnPakFileMounted2Time == 0.000093
[2022.01.29-20.15.49:964][  0]LogPakFile: PakFile PrimaryIndexSize=184
[2022.01.29-20.15.49:964][  0]LogPakFile: PakFile PathHashIndexSize=101
[2022.01.29-20.15.49:964][  0]LogPakFile: PakFile FullDirectoryIndexSize=142
[2022.01.29-20.15.49:964][  0]LogShaderLibrary: Display: ShaderCodeLibraryPakFileMountedCallback: PakFile 'E:/EpicGames/UE_4.27/FeaturePacks/TP_PuzzleBP.upack' (chunk index -1, root 'root:/') mounted
[2022.01.29-20.15.49:964][  0]LogShaderLibrary: Display: ShaderCodeLibraryPakFileMountedCallback: pending pak file info (ChunkID:-1 Root:root:/ File:E:/EpicGames/UE_4.27/FeaturePacks/TP_PuzzleBP.upack)
[2022.01.29-20.15.49:964][  0]LogPakFile: OnPakFileMounted2Time == 0.000122
[2022.01.29-20.15.49:965][  0]LogPakFile: PakFile PrimaryIndexSize=183
[2022.01.29-20.15.49:965][  0]LogPakFile: PakFile PathHashIndexSize=101
[2022.01.29-20.15.49:965][  0]LogPakFile: PakFile FullDirectoryIndexSize=140
[2022.01.29-20.15.49:965][  0]LogShaderLibrary: Display: ShaderCodeLibraryPakFileMountedCallback: PakFile 'E:/EpicGames/UE_4.27/FeaturePacks/TP_Rolling.upack' (chunk index -1, root 'root:/') mounted
[2022.01.29-20.15.49:965][  0]LogShaderLibrary: Display: ShaderCodeLibraryPakFileMountedCallback: pending pak file info (ChunkID:-1 Root:root:/ File:E:/EpicGames/UE_4.27/FeaturePacks/TP_Rolling.upack)
[2022.01.29-20.15.49:965][  0]LogPakFile: OnPakFileMounted2Time == 0.000105
[2022.01.29-20.15.49:966][  0]LogPakFile: PakFile PrimaryIndexSize=185
[2022.01.29-20.15.49:966][  0]LogPakFile: PakFile PathHashIndexSize=101
[2022.01.29-20.15.49:966][  0]LogPakFile: PakFile FullDirectoryIndexSize=144
[2022.01.29-20.15.49:966][  0]LogShaderLibrary: Display: ShaderCodeLibraryPakFileMountedCallback: PakFile 'E:/EpicGames/UE_4.27/FeaturePacks/TP_RollingBP.upack' (chunk index -1, root 'root:/') mounted
[2022.01.29-20.15.49:966][  0]LogShaderLibrary: Display: ShaderCodeLibraryPakFileMountedCallback: pending pak file info (ChunkID:-1 Root:root:/ File:E:/EpicGames/UE_4.27/FeaturePacks/TP_RollingBP.upack)
[2022.01.29-20.15.49:966][  0]LogPakFile: OnPakFileMounted2Time == 0.000098
[2022.01.29-20.15.49:966][  0]LogPakFile: PakFile PrimaryIndexSize=188
[2022.01.29-20.15.49:967][  0]LogPakFile: PakFile PathHashIndexSize=101
[2022.01.29-20.15.49:967][  0]LogPakFile: PakFile FullDirectoryIndexSize=150
[2022.01.29-20.15.49:967][  0]LogShaderLibrary: Display: ShaderCodeLibraryPakFileMountedCallback: PakFile 'E:/EpicGames/UE_4.27/FeaturePacks/TP_SideScroller.upack' (chunk index -1, root 'root:/') mounted
[2022.01.29-20.15.49:967][  0]LogShaderLibrary: Display: ShaderCodeLibraryPakFileMountedCallback: pending pak file info (ChunkID:-1 Root:root:/ File:E:/EpicGames/UE_4.27/FeaturePacks/TP_SideScroller.upack)
[2022.01.29-20.15.49:967][  0]LogPakFile: OnPakFileMounted2Time == 0.000092
[2022.01.29-20.15.49:967][  0]LogPakFile: PakFile PrimaryIndexSize=190
[2022.01.29-20.15.49:967][  0]LogPakFile: PakFile PathHashIndexSize=101
[2022.01.29-20.15.49:967][  0]LogPakFile: PakFile FullDirectoryIndexSize=154
[2022.01.29-20.15.49:967][  0]LogShaderLibrary: Display: ShaderCodeLibraryPakFileMountedCallback: PakFile 'E:/EpicGames/UE_4.27/FeaturePacks/TP_SideScrollerBP.upack' (chunk index -1, root 'root:/') mounted
[2022.01.29-20.15.49:967][  0]LogShaderLibrary: Display: ShaderCodeLibraryPakFileMountedCallback: pending pak file info (ChunkID:-1 Root:root:/ File:E:/EpicGames/UE_4.27/FeaturePacks/TP_SideScrollerBP.upack)
[2022.01.29-20.15.49:968][  0]LogPakFile: OnPakFileMounted2Time == 0.000099
[2022.01.29-20.15.49:968][  0]LogPakFile: PakFile PrimaryIndexSize=187
[2022.01.29-20.15.49:968][  0]LogPakFile: PakFile PathHashIndexSize=101
[2022.01.29-20.15.49:968][  0]LogPakFile: PakFile FullDirectoryIndexSize=148
[2022.01.29-20.15.49:968][  0]LogShaderLibrary: Display: ShaderCodeLibraryPakFileMountedCallback: PakFile 'E:/EpicGames/UE_4.27/FeaturePacks/TP_ThirdPerson.upack' (chunk index -1, root 'root:/') mounted
[2022.01.29-20.15.49:968][  0]LogShaderLibrary: Display: ShaderCodeLibraryPakFileMountedCallback: pending pak file info (ChunkID:-1 Root:root:/ File:E:/EpicGames/UE_4.27/FeaturePacks/TP_ThirdPerson.upack)
[2022.01.29-20.15.49:968][  0]LogPakFile: OnPakFileMounted2Time == 0.000100
[2022.01.29-20.15.49:969][  0]LogPakFile: PakFile PrimaryIndexSize=189
[2022.01.29-20.15.49:969][  0]LogPakFile: PakFile PathHashIndexSize=101
[2022.01.29-20.15.49:969][  0]LogPakFile: PakFile FullDirectoryIndexSize=152
[2022.01.29-20.15.49:969][  0]LogShaderLibrary: Display: ShaderCodeLibraryPakFileMountedCallback: PakFile 'E:/EpicGames/UE_4.27/FeaturePacks/TP_ThirdPersonBP.upack' (chunk index -1, root 'root:/') mounted
[2022.01.29-20.15.49:969][  0]LogShaderLibrary: Display: ShaderCodeLibraryPakFileMountedCallback: pending pak file info (ChunkID:-1 Root:root:/ File:E:/EpicGames/UE_4.27/FeaturePacks/TP_ThirdPersonBP.upack)
[2022.01.29-20.15.49:969][  0]LogPakFile: OnPakFileMounted2Time == 0.000112
[2022.01.29-20.15.49:970][  0]LogPakFile: PakFile PrimaryIndexSize=183
[2022.01.29-20.15.49:970][  0]LogPakFile: PakFile PathHashIndexSize=101
[2022.01.29-20.15.49:970][  0]LogPakFile: PakFile FullDirectoryIndexSize=140
[2022.01.29-20.15.49:970][  0]LogShaderLibrary: Display: ShaderCodeLibraryPakFileMountedCallback: PakFile 'E:/EpicGames/UE_4.27/FeaturePacks/TP_TopDown.upack' (chunk index -1, root 'root:/') mounted
[2022.01.29-20.15.49:970][  0]LogShaderLibrary: Display: ShaderCodeLibraryPakFileMountedCallback: pending pak file info (ChunkID:-1 Root:root:/ File:E:/EpicGames/UE_4.27/FeaturePacks/TP_TopDown.upack)
[2022.01.29-20.15.49:970][  0]LogPakFile: OnPakFileMounted2Time == 0.000092
[2022.01.29-20.15.49:971][  0]LogPakFile: PakFile PrimaryIndexSize=185
[2022.01.29-20.15.49:971][  0]LogPakFile: PakFile PathHashIndexSize=101
[2022.01.29-20.15.49:971][  0]LogPakFile: PakFile FullDirectoryIndexSize=144
[2022.01.29-20.15.49:971][  0]LogShaderLibrary: Display: ShaderCodeLibraryPakFileMountedCallback: PakFile 'E:/EpicGames/UE_4.27/FeaturePacks/TP_TopDownBP.upack' (chunk index -1, root 'root:/') mounted
[2022.01.29-20.15.49:971][  0]LogShaderLibrary: Display: ShaderCodeLibraryPakFileMountedCallback: pending pak file info (ChunkID:-1 Root:root:/ File:E:/EpicGames/UE_4.27/FeaturePacks/TP_TopDownBP.upack)
[2022.01.29-20.15.49:971][  0]LogPakFile: OnPakFileMounted2Time == 0.000098
[2022.01.29-20.15.49:971][  0]LogPakFile: PakFile PrimaryIndexSize=185
[2022.01.29-20.15.49:971][  0]LogPakFile: PakFile PathHashIndexSize=101
[2022.01.29-20.15.49:971][  0]LogPakFile: PakFile FullDirectoryIndexSize=144
[2022.01.29-20.15.49:971][  0]LogShaderLibrary: Display: ShaderCodeLibraryPakFileMountedCallback: PakFile 'E:/EpicGames/UE_4.27/FeaturePacks/TP_TwinStick.upack' (chunk index -1, root 'root:/') mounted
[2022.01.29-20.15.49:972][  0]LogShaderLibrary: Display: ShaderCodeLibraryPakFileMountedCallback: pending pak file info (ChunkID:-1 Root:root:/ File:E:/EpicGames/UE_4.27/FeaturePacks/TP_TwinStick.upack)
[2022.01.29-20.15.49:972][  0]LogPakFile: OnPakFileMounted2Time == 0.000088
[2022.01.29-20.15.49:972][  0]LogPakFile: PakFile PrimaryIndexSize=187
[2022.01.29-20.15.49:972][  0]LogPakFile: PakFile PathHashIndexSize=101
[2022.01.29-20.15.49:972][  0]LogPakFile: PakFile FullDirectoryIndexSize=148
[2022.01.29-20.15.49:972][  0]LogShaderLibrary: Display: ShaderCodeLibraryPakFileMountedCallback: PakFile 'E:/EpicGames/UE_4.27/FeaturePacks/TP_TwinStickBP.upack' (chunk index -1, root 'root:/') mounted
[2022.01.29-20.15.49:972][  0]LogShaderLibrary: Display: ShaderCodeLibraryPakFileMountedCallback: pending pak file info (ChunkID:-1 Root:root:/ File:E:/EpicGames/UE_4.27/FeaturePacks/TP_TwinStickBP.upack)
[2022.01.29-20.15.49:972][  0]LogPakFile: OnPakFileMounted2Time == 0.000094
[2022.01.29-20.15.49:973][  0]LogPakFile: PakFile PrimaryIndexSize=183
[2022.01.29-20.15.49:973][  0]LogPakFile: PakFile PathHashIndexSize=101
[2022.01.29-20.15.49:973][  0]LogPakFile: PakFile FullDirectoryIndexSize=140
[2022.01.29-20.15.49:973][  0]LogShaderLibrary: Display: ShaderCodeLibraryPakFileMountedCallback: PakFile 'E:/EpicGames/UE_4.27/FeaturePacks/TP_Vehicle.upack' (chunk index -1, root 'root:/') mounted
[2022.01.29-20.15.49:973][  0]LogShaderLibrary: Display: ShaderCodeLibraryPakFileMountedCallback: pending pak file info (ChunkID:-1 Root:root:/ File:E:/EpicGames/UE_4.27/FeaturePacks/TP_Vehicle.upack)
[2022.01.29-20.15.49:973][  0]LogPakFile: OnPakFileMounted2Time == 0.000101
[2022.01.29-20.15.49:974][  0]LogPakFile: PakFile PrimaryIndexSize=186
[2022.01.29-20.15.49:974][  0]LogPakFile: PakFile PathHashIndexSize=101
[2022.01.29-20.15.49:974][  0]LogPakFile: PakFile FullDirectoryIndexSize=146
[2022.01.29-20.15.49:974][  0]LogShaderLibrary: Display: ShaderCodeLibraryPakFileMountedCallback: PakFile 'E:/EpicGames/UE_4.27/FeaturePacks/TP_VehicleAdv.upack' (chunk index -1, root 'root:/') mounted
[2022.01.29-20.15.49:974][  0]LogShaderLibrary: Display: ShaderCodeLibraryPakFileMountedCallback: pending pak file info (ChunkID:-1 Root:root:/ File:E:/EpicGames/UE_4.27/FeaturePacks/TP_VehicleAdv.upack)
[2022.01.29-20.15.49:974][  0]LogPakFile: OnPakFileMounted2Time == 0.000084
[2022.01.29-20.15.49:974][  0]LogPakFile: PakFile PrimaryIndexSize=188
[2022.01.29-20.15.49:975][  0]LogPakFile: PakFile PathHashIndexSize=101
[2022.01.29-20.15.49:975][  0]LogPakFile: PakFile FullDirectoryIndexSize=150
[2022.01.29-20.15.49:975][  0]LogShaderLibrary: Display: ShaderCodeLibraryPakFileMountedCallback: PakFile 'E:/EpicGames/UE_4.27/FeaturePacks/TP_VehicleAdvBP.upack' (chunk index -1, root 'root:/') mounted
[2022.01.29-20.15.49:975][  0]LogShaderLibrary: Display: ShaderCodeLibraryPakFileMountedCallback: pending pak file info (ChunkID:-1 Root:root:/ File:E:/EpicGames/UE_4.27/FeaturePacks/TP_VehicleAdvBP.upack)
[2022.01.29-20.15.49:975][  0]LogPakFile: OnPakFileMounted2Time == 0.000115
[2022.01.29-20.15.49:975][  0]LogPakFile: PakFile PrimaryIndexSize=185
[2022.01.29-20.15.49:976][  0]LogPakFile: PakFile PathHashIndexSize=101
[2022.01.29-20.15.49:976][  0]LogPakFile: PakFile FullDirectoryIndexSize=144
[2022.01.29-20.15.49:976][  0]LogShaderLibrary: Display: ShaderCodeLibraryPakFileMountedCallback: PakFile 'E:/EpicGames/UE_4.27/FeaturePacks/TP_VehicleBP.upack' (chunk index -1, root 'root:/') mounted
[2022.01.29-20.15.49:976][  0]LogShaderLibrary: Display: ShaderCodeLibraryPakFileMountedCallback: pending pak file info (ChunkID:-1 Root:root:/ File:E:/EpicGames/UE_4.27/FeaturePacks/TP_VehicleBP.upack)
[2022.01.29-20.15.49:976][  0]LogPakFile: OnPakFileMounted2Time == 0.000092
[2022.01.29-20.15.49:976][  0]LogPakFile: PakFile PrimaryIndexSize=192
[2022.01.29-20.15.49:976][  0]LogPakFile: PakFile PathHashIndexSize=101
[2022.01.29-20.15.49:976][  0]LogPakFile: PakFile FullDirectoryIndexSize=158
[2022.01.29-20.15.49:976][  0]LogShaderLibrary: Display: ShaderCodeLibraryPakFileMountedCallback: PakFile 'E:/EpicGames/UE_4.27/FeaturePacks/TP_VirtualRealityBP.upack' (chunk index -1, root 'root:/') mounted
[2022.01.29-20.15.49:976][  0]LogShaderLibrary: Display: ShaderCodeLibraryPakFileMountedCallback: pending pak file info (ChunkID:-1 Root:root:/ File:E:/EpicGames/UE_4.27/FeaturePacks/TP_VirtualRealityBP.upack)
[2022.01.29-20.15.49:977][  0]LogPakFile: OnPakFileMounted2Time == 0.000089
[2022.01.29-20.15.50:033][  0]LogNativeClassHierarchy: Verbose: Native class hierarchy updated for 'AddContentDialog' in 0.0002 seconds. Added 0 classes and 0 folders.
[2022.01.29-20.15.50:038][  0]LogNativeClassHierarchy: Verbose: Native class hierarchy updated for 'SceneOutliner' in 0.0002 seconds. Added 2 classes and 0 folders.
[2022.01.29-20.15.50:078][  0]LogSlate: Took 0.000185 seconds to synchronously load lazily loaded font '../../../Engine/Content/Slate/Fonts/Roboto-Regular.ttf' (155K)
[2022.01.29-20.15.50:079][  0]LogSlate: Took 0.000114 seconds to synchronously load lazily loaded font '../../../Engine/Content/Editor/Slate/Fonts/FontAwesome.ttf' (139K)
[2022.01.29-20.15.50:081][  0]LogSlate: Took 0.000127 seconds to synchronously load lazily loaded font '../../../Engine/Content/Slate/Fonts/Roboto-Bold.ttf' (160K)
[2022.01.29-20.15.50:163][  0]LogRenderer: Reallocating scene render targets to support 1616x896 Format 10 NumSamples 1 (Frame:1).
[2022.01.29-20.15.50:620][  0]LogNativeClassHierarchy: Verbose: Native class hierarchy updated for 'HierarchicalLODOutliner' in 0.0003 seconds. Added 0 classes and 0 folders.
[2022.01.29-20.15.50:620][  0]LogLoad: (Engine Initialization) Total time: 21.58 seconds
[2022.01.29-20.15.50:621][  0]LogLoad: (Engine Initialization) Total Blueprint compile time: 0.00 seconds
[2022.01.29-20.15.50:657][  0]LogAssetRegistry: Asset discovery search completed in 17.4576 seconds
[2022.01.29-20.15.50:662][  0]LogCollectionManager: Fixed up redirectors for 0 collections in 0.000003 seconds (updated 0 objects)
[2022.01.29-20.15.50:663][  0]LogContentStreaming: Texture pool size now 1000 MB
[2022.01.29-20.16.05:938][290]LogUObjectHash: Compacting FUObjectHashTables data took   0.86ms
[2022.01.29-20.16.05:951][290]LogSlate: Took 0.000206 seconds to synchronously load lazily loaded font '../../../Engine/Content/Slate/Fonts/Roboto-Light.ttf' (167K)
[2022.01.29-20.16.06:033][290]LogAssetEditorSubsystem: Opening Asset editor for World /Game/DafaultContent/FirstPersonCPP/Maps/FirstPersonExampleMap.FirstPersonExampleMap
[2022.01.29-20.16.06:033][290]Cmd: MAP LOAD FILE="C:/Users/cf/source/repos/School/UnrealFPSGunSystem/GunSystem/Content/DafaultContent/FirstPersonCPP/Maps/FirstPersonExampleMap.umap" TEMPLATE=0 SHOWPROGRESS=1 FEATURELEVEL=3
[2022.01.29-20.16.06:033][290]LightingResults: New page: Lighting Build
[2022.01.29-20.16.06:034][290]LogNativeClassHierarchy: Verbose: Native class hierarchy updated for 'StatsViewer' in 0.0003 seconds. Added 6 classes and 0 folders.
[2022.01.29-20.16.06:034][290]LoadErrors: New page: Loading map: FirstPersonExampleMap.umap
[2022.01.29-20.16.06:035][290]LogWorld: UWorld::CleanupWorld for Untitled, bSessionEnded=true, bCleanupResources=true
[2022.01.29-20.16.06:035][290]LogSlate: InvalidateAllWidgets triggered.  All widgets were invalidated
[2022.01.29-20.16.06:035][290]MapCheck: New page: Map Check
[2022.01.29-20.16.06:035][290]LightingResults: New page: Lighting Build
[2022.01.29-20.16.06:038][290]LogAudio: Display: Audio Device unregistered from world 'None'.
[2022.01.29-20.16.06:041][290]LogUObjectHash: Compacting FUObjectHashTables data took   1.06ms
[2022.01.29-20.16.06:042][290]LogAudio: Display: Audio Device (ID: 1) registered with world 'FirstPersonExampleMap'.
[2022.01.29-20.16.06:045][290]LogEditorServer: Finished looking for orphan Actors (0.000 secs)
[2022.01.29-20.16.06:045][290]LogAIModule: Creating AISystem for world FirstPersonExampleMap
[2022.01.29-20.16.06:050][290]LogUObjectHash: Compacting FUObjectHashTables data took   0.66ms
[2022.01.29-20.16.06:057][290]Cmd: MAP CHECKDEP NOCLEARLOG
[2022.01.29-20.16.06:057][290]MapCheck: Map check complete: 0 Error(s), 0 Warning(s), took 0.12ms to complete.
[2022.01.29-20.16.06:057][290]LogFileHelpers: Loading map 'FirstPersonExampleMap' took 0.024
[2022.01.29-20.16.08:766][575]LogEditorViewport: Clicking on Actor (context menu): StaticMeshActor (Floor)
[2022.01.29-20.16.15:672][115]LogStaticMesh: Building static mesh FirstPersonProjectileMesh...
[2022.01.29-20.16.15:696][115]LogStaticMesh: Built static mesh [0.02s] /Game/DafaultContent/FirstPerson/Meshes/FirstPersonProjectileMesh.FirstPersonProjectileMesh
[2022.01.29-20.16.15:774][115]LogAssetEditorSubsystem: Opening Asset editor for Blueprint /Game/DafaultContent/FirstPersonCPP/Blueprints/FirstPersonCharacter.FirstPersonCharacter
[2022.01.29-20.16.15:892][115]LogNativeClassHierarchy: Verbose: Native class hierarchy updated for 'BlueprintGraph' in 0.0005 seconds. Added 126 classes and 0 folders.
[2022.01.29-20.17.14:885][357]LogSlate: Window 'FirstPersonCharacter' being destroyed
[2022.01.29-20.17.14:919][357]LogWorld: UWorld::CleanupWorld for World_2, bSessionEnded=true, bCleanupResources=true
[2022.01.29-20.17.14:919][357]LogSlate: InvalidateAllWidgets triggered.  All widgets were invalidated
[2022.01.29-20.17.16:411][463]LogAssetEditorSubsystem: Opening Asset editor for Blueprint /Game/DafaultContent/FirstPersonCPP/Blueprints/FirstPersonCharacter.FirstPersonCharacter
[2022.01.29-20.17.18:577][555]LogSlate: Window 'FirstPersonCharacter' being destroyed
[2022.01.29-20.17.18:608][555]LogWorld: UWorld::CleanupWorld for World_5, bSessionEnded=true, bCleanupResources=true
[2022.01.29-20.17.18:608][555]LogSlate: InvalidateAllWidgets triggered.  All widgets were invalidated
[2022.01.29-20.17.22:813][981]LogSlate: Took 0.000290 seconds to synchronously load lazily loaded font '../../../Engine/Content/Slate/Fonts/DroidSansMono.ttf' (77K)
[2022.01.29-20.17.25:810][282]LogTemp: Repeating last play command: Selected Viewport
[2022.01.29-20.17.25:814][282]LogPlayLevel: PlayLevel: No blueprints needed recompiling
[2022.01.29-20.17.25:815][282]PIE: New page: PIE session: FirstPersonExampleMap (Jan 29, 2022, 10:17:25 AM)
[2022.01.29-20.17.25:816][282]LogOnline: OSS: Creating online subsystem instance for: NULL
[2022.01.29-20.17.25:819][282]LogOnline: OSS: TryLoadSubsystemAndSetDefault: Loaded subsystem for module [NULL]
[2022.01.29-20.17.25:819][282]LogPlayLevel: Creating play world package: /Game/DafaultContent/FirstPersonCPP/Maps/UEDPIE_0_FirstPersonExampleMap
[2022.01.29-20.17.25:833][282]LogPlayLevel: PIE: StaticDuplicateObject took: (0.013381s)
[2022.01.29-20.17.25:834][282]LogAIModule: Creating AISystem for world FirstPersonExampleMap
[2022.01.29-20.17.25:834][282]LogPlayLevel: PIE: World Init took: (0.001146s)
[2022.01.29-20.17.25:834][282]LogPlayLevel: PIE: Created PIE world by copying editor world from /Game/DafaultContent/FirstPersonCPP/Maps/FirstPersonExampleMap.FirstPersonExampleMap to /Game/DafaultContent/FirstPersonCPP/Maps/UEDPIE_0_FirstPersonExampleMap.FirstPersonExampleMap (0.014853s)
[2022.01.29-20.17.25:854][282]LogUObjectHash: Compacting FUObjectHashTables data took   2.43ms
[2022.01.29-20.17.25:857][282]LogAudio: Display: Creating Audio Device:                 Id: 2, Scope: Unique, Realtime: True
[2022.01.29-20.17.25:858][282]LogAudioMixer: Display: Audio Mixer Platform Settings:
[2022.01.29-20.17.25:858][282]LogAudioMixer: Display: 	Sample Rate:						  48000
[2022.01.29-20.17.25:858][282]LogAudioMixer: Display: 	Callback Buffer Frame Size Requested: 1024
[2022.01.29-20.17.25:858][282]LogAudioMixer: Display: 	Callback Buffer Frame Size To Use:	  1024
[2022.01.29-20.17.25:858][282]LogAudioMixer: Display: 	Number of buffers to queue:			  2
[2022.01.29-20.17.25:858][282]LogAudioMixer: Display: 	Max Channels (voices):				  32
[2022.01.29-20.17.25:858][282]LogAudioMixer: Display: 	Number of Async Source Workers:		  0
[2022.01.29-20.17.25:858][282]LogAudio: Display: AudioDevice MaxSources: 32
[2022.01.29-20.17.25:858][282]LogAudio: Display: Audio Spatialization Plugin: None (built-in).
[2022.01.29-20.17.25:858][282]LogAudio: Display: Audio Reverb Plugin: None (built-in).
[2022.01.29-20.17.25:858][282]LogAudio: Display: Audio Occlusion Plugin: None (built-in).
[2022.01.29-20.17.25:859][282]LogAudioMixer: Display: Initializing audio mixer.
[2022.01.29-20.17.25:864][282]LogAudioMixer: Display: 0: FrontLeft
[2022.01.29-20.17.25:864][282]LogAudioMixer: Display: 1: FrontRight
[2022.01.29-20.17.25:882][282]LogAudioMixer: Display: Using Audio Device Speakers (Realtek(R) Audio)
[2022.01.29-20.17.25:882][282]LogAudioMixer: Display: Initializing Sound Submixes...
[2022.01.29-20.17.25:883][282]LogAudioMixer: Display: Creating Master Submix 'MasterSubmixDefault'
[2022.01.29-20.17.25:883][282]LogAudioMixer: Display: Creating Master Submix 'MasterReverbSubmixDefault'
[2022.01.29-20.17.25:883][282]LogAudioMixer: Display: Creating Master Submix 'MasterEQSubmixDefault'
[2022.01.29-20.17.25:883][282]LogAudioMixer: FMixerPlatformXAudio2::StartAudioStream() called
[2022.01.29-20.17.25:883][282]LogAudioMixer: Display: Output buffers initialized: Frames=1024, Channels=2, Samples=2048
[2022.01.29-20.17.25:885][282]LogAudioMixer: Display: Starting AudioMixerPlatformInterface::RunInternal()
[2022.01.29-20.17.25:885][282]LogAudioMixer: Display: FMixerPlatformXAudio2::SubmitBuffer() called for the first time
[2022.01.29-20.17.25:885][282]LogInit: FAudioDevice initialized.
[2022.01.29-20.17.25:885][282]LogAudio: Display: Audio Device (ID: 2) registered with world 'FirstPersonExampleMap'.
[2022.01.29-20.17.25:898][282]LogLoad: Game class is 'GunSystemGameMode'
[2022.01.29-20.17.25:899][282]LogWorld: Bringing World /Game/DafaultContent/FirstPersonCPP/Maps/UEDPIE_0_FirstPersonExampleMap.FirstPersonExampleMap up for play (max tick rate 0) at 2022.01.29-15.17.25
[2022.01.29-20.17.25:899][282]LogWorld: Bringing up level for play took: 0.00089